**********************
Windows PowerShell transcript start
Start time: 20171009165947
Username: DESKTOP-TBE27PS\lukas
RunAs User: DESKTOP-TBE27PS\lukas
Configuration Name: 
Machine: DESKTOP-TBE27PS (Microsoft Windows NT 10.0.17004.0)
Host Application: C:\Windows\System32\WindowsPowerShell\v1.0\powershell_ise.exe
Process ID: 1124
PSVersion: 5.1.17004.1000
PSEdition: Desktop
PSCompatibleVersions: 1.0, 2.0, 3.0, 4.0, 5.0, 5.1.17004.1000
BuildVersion: 10.0.17004.1000
CLRVersion: 4.0.30319.42000
WSManStackVersion: 3.0
PSRemotingProtocolVersion: 2.3
SerializationVersion: 1.1.0.1
**********************
Transcript started, output file is D:\SICZ\avas/debug-2017-10-09-04-59-47.log
-message pokracuji ve zpracovani
spoustim test app diff

spoustim test services diff
spoustim test scheduled tasks diff
spoustim test hotfix diff
DisplayName                               DisplayVersion Publisher
-----------                               -------------- ---------
Total Commander 64-bit (Remove or Repair) 9.0a           Ghisler Software GmbH
Dell Touchpad                             8.1206.101.112 ALPS ELECTRIC CO., LTD.
Offline Files
Connected User Experiences and Telemetry
Diagnostic Policy Service
Geolocation Service
Net.Tcp Port Sharing Service
Remote Access Connection Manager
Routing and Remote Access
Shell Hardware Detection
Shared PC Account Manager
Windows Image Acquisition (WIA)
Themes
Tile Data model server
Auto Time Zone Updater
Windows Time
Windows Defender Antivirus Service
Windows Remote Management (WS-Management)





































































PS C:\WINDOWS\system32> $hash


Apps           : {@{DisplayName=Total Commander 64-bit (Remove or Repair); DisplayVersion=9.0a; Publisher=Ghisler Software GmbH}, @{DisplayName=Dell Touchpad; DisplayVersion=8.1206.101.112; Publisher=ALPS E
                 LECTRIC CO., LTD.}}
services       : {@{DisplayName=Offline Files; StartType=2}, @{DisplayName=Connected User Experiences and Telemetry; StartType=2}, @{DisplayName=Diagnostic Policy Service; StartType=2}, @{DisplayName=Geoloc
                 ation Service; StartType=3}...}
scheduledtasks :
hotfix         :
uwp            : {@{Name=1527c705-839a-4832-9118-54d4Bd6a0c89; PackageFullName=1527c705-839a-4832-9118-54d4Bd6a0c89_10.0.16281.1000_neutral_neutral_cw5n1h2txyewy}, @{Name=1527c705-839a-4832-9118-54d4Bd6a0c8
                 9; PackageFullName=1527c705-839a-4832-9118-54d4Bd6a0c89_10.0.16281.1000_neutral_neutral_cw5n1h2txyewy}, @{Name=c5e2524a-ea46-4f67-841f-6a9465d9d515; PackageFullName=c5e2524a-ea46-4f67-841f-
                 6a9465d9d515_10.0.16281.1000_neutral_neutral_cw5n1h2txyewy}, @{Name=E2A4F912-2574-4A75-9BB0-0D023378592B; PackageFullName=E2A4F912-2574-4A75-9BB0-0D023378592B_10.0.16281.1000_neutral_neutra
                 l_cw5n1h2txyewy}...}



PS C:\WINDOWS\system32> $hash.Apps

DisplayName                               DisplayVersion Publisher
-----------                               -------------- ---------
Total Commander 64-bit (Remove or Repair) 9.0a           Ghisler Software GmbH
Dell Touchpad                             8.1206.101.112 ALPS ELECTRIC CO., LTD.


