**********************
Windows PowerShell transcript start
Start time: 20171017124758
Username: LUKA-NTB\lukas
RunAs User: LUKA-NTB\lukas
Configuration Name: 
Machine: LUKA-NTB (Microsoft Windows NT 10.0.17017.0)
Host Application: C:\Windows\System32\WindowsPowerShell\v1.0\powershell_ise.exe
Process ID: 16224
PSVersion: 5.1.17017.1000
PSEdition: Desktop
PSCompatibleVersions: 1.0, 2.0, 3.0, 4.0, 5.0, 5.1.17017.1000
BuildVersion: 10.0.17017.1000
CLRVersion: 4.0.30319.42000
WSManStackVersion: 3.0
PSRemotingProtocolVersion: 2.3
SerializationVersion: 1.1.0.1
**********************
Transcript started, output file is D:\SICZ\AVAS/debug-2017-10-17-12-47-58.log
-message pokracuji ve zpracovani
spoustim test app diff

spoustim test services diff
DisplayName                               DisplayVersion Publisher
-----------                               -------------- ---------
Dell SupportAssist                        2.0.6875.668   Dell
Total Commander 64-bit (Remove or Repair) 9.0a           Ghisler Software GmbH
Background Intelligent Transfer Service
Offline Files
Connected User Experiences and Telemetry
Diagnostic Policy Service
File History Service
IKE and AuthIP IPsec Keying Modules
Geolocation Service
Net.Tcp Port Sharing Service
Remote Access Connection Manager
Routing and Remote Access
Shell Hardware Detection
Shared PC Account Manager
Windows Image Acquisition (WIA)
Touch Keyboard and Handwriting Panel S...
Themes
Auto Time Zone Updater
Windows Time
Windows Event Collector
Windows Defender Antivirus Service
Windows Remote Management (WS-Management)
spoustim test scheduled tasks diff
spoustim test hotfix diff





































































































































































































































































































































































































































































































































































































































































































































































































































































































































































































































































































pridavam hash noteproperty



New-EventLog : The "AVAS" source is already registered on the "localhost" compu
ter.
At D:\SICZ\AVAS\formsablona.ps1:11 char:1
+ New-EventLog -LogName Application -Source "AVAS"
+ ~~~~~~~~~~~~~~~~~~~~~~~~~~~~~~~~~~~~~~~~~~~~~~~~
    + CategoryInfo          : InvalidOperation: (:) [New-EventLog], InvalidOpe
   rationException
    + FullyQualifiedErrorId : Microsoft.PowerShell.Commands.NewEventLogCommand

Transcript started, output file is D:\SICZ\AVAS\AVAS_2017_10_17.log
Transcript started, output file is ./transcript2017-10-17-12-51-14.txt
10/17/2017 12:51:14 - Nacitani json konfiguracniho souboru
Transcript started, output file is D:\SICZ\AVAS/debug-2017-10-17-12-51-21.log
-message pokracuji ve zpracovani
spoustim test app diff
spoustim test services diff
spoustim test scheduled tasks diff
spoustim test hotfix diff

Product                              Description
-------                              -----------
Microsoft® Windows® Operating System Application Frame Host
Microsoft® Windows® Operating System Application Frame Host
Microsoft® Windows® Operating System Application Frame Host
Microsoft® Windows® Operating System Application Frame Host
Microsoft® Windows® Operating System Application Frame Host
Microsoft® Windows® Operating System Application Frame Host
Microsoft® Windows® Operating System Application Frame Host
Microsoft® Windows® Operating System Application Frame Host
Microsoft® Windows® Operating System Application Frame Host
Microsoft® Windows® Operating System Application Frame Host
Microsoft® Windows® Operating System Application Frame Host
Microsoft® Windows® Operating System Application Frame Host
Microsoft® Windows® Operating System Application Frame Host
Microsoft® Windows® Operating System Application Frame Host
Microsoft® Windows® Operating System Application Frame Host
Microsoft® Windows® Operating System Application Frame Host
Microsoft® Windows® Operating System Application Frame Host
Microsoft® Windows® Operating System Application Frame Host
Microsoft® Windows® Operating System Application Frame Host
Microsoft® Windows® Operating System Application Frame Host
Microsoft® Windows® Operating System Application Frame Host
Microsoft® Windows® Operating System Application Frame Host
Microsoft® Windows® Operating System Application Frame Host
Microsoft® Windows® Operating System Application Frame Host
Microsoft® Windows® Operating System Application Frame Host
Microsoft® Windows® Operating System Application Frame Host
Microsoft® Windows® Operating System Application Frame Host
Microsoft® Windows® Operating System Application Frame Host
Microsoft® Windows® Operating System Application Frame Host
Microsoft® Windows® Operating System Application Frame Host
Microsoft® Windows® Operating System Application Frame Host
Microsoft® Windows® Operating System Background Task Host
Microsoft® Windows® Operating System Background Task Host
Microsoft® Windows® Operating System Background Task Host
Microsoft® Windows® Operating System Background Task Host
Microsoft® Windows® Operating System Background Task Host
Microsoft® Windows® Operating System Background Task Host
Microsoft® Windows® Operating System Background Task Host
Microsoft® Windows® Operating System Background Task Host
Microsoft® Windows® Operating System Background Task Host
Microsoft® Windows® Operating System Background Task Host
Microsoft® Windows® Operating System Background Task Host
Microsoft® Windows® Operating System Background Task Host
Microsoft® Windows® Operating System Background Task Host
Microsoft® Windows® Operating System Background Task Host
Microsoft® Windows® Operating System Background Task Host
Microsoft® Windows® Operating System Background Task Host
Microsoft® Windows® Operating System Background Task Host
Microsoft® Windows® Operating System Background Task Host
Microsoft® Windows® Operating System Background Task Host
Microsoft® Windows® Operating System Background Task Host
Microsoft® Windows® Operating System Background Task Host
Microsoft® Windows® Operating System Background Task Host
Microsoft® Windows® Operating System Background Task Host
Microsoft® Windows® Operating System Background Task Host
Microsoft® Windows® Operating System Background Task Host
Microsoft® Windows® Operating System Background Task Host
Microsoft® Windows® Operating System Background Task Host
Microsoft® Windows® Operating System Background Task Host
Microsoft® Windows® Operating System Background Task Host
Microsoft® Windows® Operating System Background Task Host
Microsoft® Windows® Operating System Background Task Host
Microsoft® Windows® Operating System Background Task Host
Microsoft® Windows® Operating System Console Window Host
Microsoft® Windows® Operating System Console Window Host
Microsoft® Windows® Operating System Console Window Host
Microsoft® Windows® Operating System Console Window Host
Microsoft® Windows® Operating System Console Window Host
Microsoft® Windows® Operating System Console Window Host
Microsoft® Windows® Operating System Console Window Host
Microsoft® Windows® Operating System Console Window Host
Microsoft® Windows® Operating System Console Window Host
Microsoft® Windows® Operating System Console Window Host
Microsoft® Windows® Operating System Console Window Host
Microsoft® Windows® Operating System Console Window Host
Microsoft® Windows® Operating System Console Window Host
Microsoft® Windows® Operating System Console Window Host
Microsoft® Windows® Operating System Console Window Host
Microsoft® Windows® Operating System Console Window Host
Microsoft® Windows® Operating System Console Window Host
Microsoft® Windows® Operating System Console Window Host
Microsoft® Windows® Operating System Console Window Host
Microsoft® Windows® Operating System Console Window Host
Microsoft® Windows® Operating System Console Window Host
Microsoft® Windows® Operating System Console Window Host
Microsoft® Windows® Operating System Console Window Host
Microsoft® Windows® Operating System Console Window Host
Microsoft® Windows® Operating System Console Window Host
Microsoft® Windows® Operating System Console Window Host
Microsoft® Windows® Operating System Console Window Host
Microsoft® Windows® Operating System Console Window Host
Microsoft® Windows® Operating System Console Window Host
Microsoft® Windows® Operating System Console Window Host
Microsoft® Windows® Operating System Console Window Host
Microsoft® Windows® Operating System Console Window Host
Microsoft® Windows® Operating System Console Window Host
Microsoft® Windows® Operating System Console Window Host
Microsoft® Windows® Operating System Console Window Host
Microsoft® Windows® Operating System Console Window Host
Microsoft® Windows® Operating System Console Window Host
Microsoft® Windows® Operating System Console Window Host
Microsoft® Windows® Operating System Console Window Host
Microsoft® Windows® Operating System Console Window Host
Microsoft® Windows® Operating System Console Window Host
Microsoft® Windows® Operating System Console Window Host
Microsoft® Windows® Operating System Console Window Host
Microsoft® Windows® Operating System Console Window Host
Microsoft® Windows® Operating System Console Window Host
Microsoft® Windows® Operating System Console Window Host
Microsoft® Windows® Operating System Console Window Host
Microsoft® Windows® Operating System Console Window Host
Microsoft® Windows® Operating System Console Window Host
Microsoft® Windows® Operating System Console Window Host
Microsoft® Windows® Operating System Console Window Host
Microsoft® Windows® Operating System Console Window Host
Microsoft® Windows® Operating System Console Window Host
Microsoft® Windows® Operating System Console Window Host
Microsoft® Windows® Operating System Console Window Host
Microsoft® Windows® Operating System Console Window Host
Microsoft® Windows® Operating System Console Window Host
Microsoft® Windows® Operating System Console Window Host
Microsoft® Windows® Operating System Console Window Host
Microsoft® Windows® Operating System Console Window Host
Microsoft® Windows® Operating System Console Window Host
Microsoft® Windows® Operating System Console Window Host
Microsoft® Windows® Operating System Console Window Host
Microsoft® Windows® Operating System Console Window Host
Microsoft® Windows® Operating System Console Window Host
Microsoft® Windows® Operating System Console Window Host
Microsoft® Windows® Operating System Console Window Host
Microsoft® Windows® Operating System Console Window Host
Microsoft® Windows® Operating System Console Window Host
Microsoft® Windows® Operating System Console Window Host
Microsoft® Windows® Operating System Console Window Host
Microsoft® Windows® Operating System Console Window Host
Microsoft® Windows® Operating System Console Window Host
Microsoft® Windows® Operating System Console Window Host
Microsoft® Windows® Operating System Console Window Host
Microsoft® Windows® Operating System Console Window Host
Microsoft® Windows® Operating System Console Window Host
Microsoft® Windows® Operating System Console Window Host
Microsoft® Windows® Operating System Console Window Host
Microsoft® Windows® Operating System Console Window Host
Microsoft® Windows® Operating System Console Window Host
Microsoft® Windows® Operating System Console Window Host
Microsoft® Windows® Operating System Console Window Host
Microsoft® Windows® Operating System Console Window Host
Microsoft® Windows® Operating System Console Window Host
Microsoft® Windows® Operating System Console Window Host
Microsoft® Windows® Operating System Console Window Host
Microsoft® Windows® Operating System Console Window Host
Microsoft® Windows® Operating System Console Window Host
Microsoft® Windows® Operating System Console Window Host
Microsoft® Windows® Operating System Console Window Host
Microsoft® Windows® Operating System Console Window Host
Microsoft® Windows® Operating System Console Window Host
Microsoft® Windows® Operating System Console Window Host
Microsoft® Windows® Operating System Console Window Host
Microsoft® Windows® Operating System Console Window Host
Microsoft® Windows® Operating System Console Window Host
Microsoft® Windows® Operating System Console Window Host
Microsoft® Windows® Operating System Console Window Host
Microsoft® Windows® Operating System Console Window Host
Microsoft® Windows® Operating System Console Window Host
Microsoft® Windows® Operating System Console Window Host
Microsoft® Windows® Operating System Console Window Host
Microsoft® Windows® Operating System Console Window Host
Microsoft® Windows® Operating System Console Window Host
Microsoft® Windows® Operating System Console Window Host
Microsoft® Windows® Operating System Console Window Host
Microsoft® Windows® Operating System Console Window Host
Microsoft® Windows® Operating System Console Window Host
Microsoft® Windows® Operating System Console Window Host
Microsoft® Windows® Operating System Console Window Host
Microsoft® Windows® Operating System Console Window Host
Microsoft® Windows® Operating System Console Window Host
Microsoft® Windows® Operating System Console Window Host
Microsoft® Windows® Operating System Console Window Host
Microsoft® Windows® Operating System Console Window Host
Microsoft® Windows® Operating System Console Window Host
Microsoft® Windows® Operating System Console Window Host
Microsoft® Windows® Operating System Console Window Host
Microsoft® Windows® Operating System Console Window Host
Microsoft® Windows® Operating System Console Window Host
Microsoft® Windows® Operating System Console Window Host
Microsoft® Windows® Operating System Console Window Host
Microsoft® Windows® Operating System Console Window Host
Microsoft® Windows® Operating System Console Window Host
Microsoft® Windows® Operating System Console Window Host
Microsoft® Windows® Operating System Console Window Host
Microsoft® Windows® Operating System Console Window Host
Microsoft® Windows® Operating System Console Window Host
Microsoft® Windows® Operating System Console Window Host
Microsoft® Windows® Operating System Console Window Host
Microsoft® Windows® Operating System Console Window Host
Microsoft® Windows® Operating System Console Window Host
Microsoft® Windows® Operating System Console Window Host
Microsoft® Windows® Operating System Console Window Host
Microsoft® Windows® Operating System Console Window Host
Microsoft® Windows® Operating System Console Window Host
Microsoft® Windows® Operating System Console Window Host
Microsoft® Windows® Operating System Console Window Host
Microsoft® Windows® Operating System Console Window Host
Microsoft® Windows® Operating System Console Window Host
Microsoft® Windows® Operating System Console Window Host
Microsoft® Windows® Operating System Console Window Host
Microsoft® Windows® Operating System Console Window Host
Microsoft® Windows® Operating System Console Window Host
Microsoft® Windows® Operating System Console Window Host
Microsoft® Windows® Operating System Console Window Host
Microsoft® Windows® Operating System Console Window Host
Microsoft® Windows® Operating System Console Window Host
Microsoft® Windows® Operating System Console Window Host
Microsoft® Windows® Operating System Console Window Host
Microsoft® Windows® Operating System Console Window Host
Microsoft® Windows® Operating System Console Window Host
Microsoft® Windows® Operating System Console Window Host
Microsoft® Windows® Operating System Console Window Host
Microsoft® Windows® Operating System Console Window Host
Microsoft® Windows® Operating System Console Window Host
Microsoft® Windows® Operating System Console Window Host
Microsoft® Windows® Operating System Console Window Host
Microsoft® Windows® Operating System Console Window Host
Microsoft® Windows® Operating System Console Window Host
Microsoft® Windows® Operating System Console Window Host
Microsoft® Windows® Operating System Console Window Host
Microsoft® Windows® Operating System Console Window Host
Microsoft® Windows® Operating System Console Window Host
Microsoft® Windows® Operating System Console Window Host
Microsoft® Windows® Operating System Console Window Host
Microsoft® Windows® Operating System Console Window Host
Microsoft® Windows® Operating System Console Window Host
Microsoft® Windows® Operating System Console Window Host
Microsoft® Windows® Operating System Console Window Host
Microsoft® Windows® Operating System Console Window Host
Microsoft® Windows® Operating System Console Window Host
Microsoft® Windows® Operating System Console Window Host
Microsoft® Windows® Operating System Console Window Host
Microsoft® Windows® Operating System Console Window Host
Microsoft® Windows® Operating System Console Window Host
Microsoft® Windows® Operating System Console Window Host
Microsoft® Windows® Operating System Console Window Host
Microsoft® Windows® Operating System Console Window Host
Microsoft® Windows® Operating System Console Window Host
Microsoft® Windows® Operating System Console Window Host
Microsoft® Windows® Operating System Console Window Host
Microsoft® Windows® Operating System Console Window Host
Microsoft® Windows® Operating System Console Window Host
Microsoft® Windows® Operating System Console Window Host
Microsoft® Windows® Operating System Console Window Host
Microsoft® Windows® Operating System Console Window Host
Microsoft® Windows® Operating System Console Window Host
Microsoft® Windows® Operating System Console Window Host
Microsoft® Windows® Operating System Console Window Host
Microsoft® Windows® Operating System Console Window Host
Microsoft® Windows® Operating System Console Window Host
Microsoft® Windows® Operating System Console Window Host
Microsoft® Windows® Operating System Console Window Host
Microsoft® Windows® Operating System Console Window Host
Microsoft® Windows® Operating System Console Window Host
Microsoft® Windows® Operating System Console Window Host
Microsoft® Windows® Operating System Console Window Host
Microsoft® Windows® Operating System Console Window Host
Microsoft® Windows® Operating System Console Window Host
Microsoft® Windows® Operating System Console Window Host
Microsoft® Windows® Operating System Console Window Host
Microsoft® Windows® Operating System Console Window Host
Microsoft® Windows® Operating System Console Window Host
Microsoft® Windows® Operating System Console Window Host
Microsoft® Windows® Operating System Console Window Host
Microsoft® Windows® Operating System Console Window Host
Microsoft® Windows® Operating System Console Window Host
Microsoft® Windows® Operating System Console Window Host
Microsoft® Windows® Operating System Console Window Host
Microsoft® Windows® Operating System Console Window Host
Microsoft® Windows® Operating System Console Window Host
Microsoft® Windows® Operating System Console Window Host
Microsoft® Windows® Operating System Console Window Host
Microsoft® Windows® Operating System Console Window Host
Microsoft® Windows® Operating System Console Window Host
Microsoft® Windows® Operating System Console Window Host
Microsoft® Windows® Operating System Console Window Host
Microsoft® Windows® Operating System Console Window Host
Microsoft® Windows® Operating System Console Window Host
Microsoft® Windows® Operating System Console Window Host
Microsoft® Windows® Operating System Console Window Host
Microsoft® Windows® Operating System Console Window Host
Microsoft® Windows® Operating System Console Window Host
Microsoft® Windows® Operating System Console Window Host
Microsoft® Windows® Operating System Console Window Host
Microsoft® Windows® Operating System Console Window Host
Microsoft® Windows® Operating System Console Window Host
Microsoft® Windows® Operating System Console Window Host
Microsoft® Windows® Operating System Console Window Host
Microsoft® Windows® Operating System Console Window Host
Microsoft® Windows® Operating System COM Surrogate
Microsoft® Windows® Operating System COM Surrogate
Microsoft® Windows® Operating System COM Surrogate
Microsoft® Windows® Operating System COM Surrogate
Microsoft® Windows® Operating System COM Surrogate
Microsoft® Windows® Operating System COM Surrogate
Microsoft® Windows® Operating System COM Surrogate
Microsoft® Windows® Operating System COM Surrogate
Microsoft® Windows® Operating System COM Surrogate
Microsoft® Windows® Operating System COM Surrogate
Microsoft® Windows® Operating System COM Surrogate
Microsoft® Windows® Operating System COM Surrogate
Microsoft® Windows® Operating System COM Surrogate
Microsoft® Windows® Operating System COM Surrogate
Microsoft® Windows® Operating System COM Surrogate
Microsoft® Windows® Operating System COM Surrogate
Microsoft® Windows® Operating System COM Surrogate
Microsoft® Windows® Operating System COM Surrogate
Microsoft® Windows® Operating System COM Surrogate
Microsoft® Windows® Operating System COM Surrogate
Microsoft® Windows® Operating System COM Surrogate
Microsoft® Windows® Operating System COM Surrogate
Microsoft® Windows® Operating System COM Surrogate
Microsoft® Windows® Operating System COM Surrogate
Microsoft® Windows® Operating System COM Surrogate
Microsoft® Windows® Operating System COM Surrogate
Microsoft® Windows® Operating System COM Surrogate
Microsoft® Windows® Operating System COM Surrogate
Microsoft® Windows® Operating System COM Surrogate
Microsoft® Windows® Operating System COM Surrogate
Microsoft® Windows® Operating System COM Surrogate
Microsoft® Windows® Operating System COM Surrogate
Microsoft® Windows® Operating System COM Surrogate
Microsoft® Windows® Operating System COM Surrogate
Microsoft® Windows® Operating System COM Surrogate
Microsoft® Windows® Operating System COM Surrogate
Microsoft® Windows® Operating System COM Surrogate
Microsoft® Windows® Operating System COM Surrogate
Microsoft® Windows® Operating System COM Surrogate
Microsoft® Windows® Operating System COM Surrogate
Microsoft® Windows® Operating System COM Surrogate
Microsoft® Windows® Operating System COM Surrogate
Microsoft® Windows® Operating System COM Surrogate
Microsoft® Windows® Operating System COM Surrogate
Microsoft® Windows® Operating System COM Surrogate
Microsoft® Windows® Operating System COM Surrogate
Microsoft® Windows® Operating System COM Surrogate
Microsoft® Windows® Operating System COM Surrogate
Microsoft® Windows® Operating System COM Surrogate
Microsoft® Windows® Operating System COM Surrogate
Microsoft® Windows® Operating System COM Surrogate
Microsoft® Windows® Operating System COM Surrogate
Microsoft® Windows® Operating System COM Surrogate
Microsoft® Windows® Operating System COM Surrogate
Microsoft® Windows® Operating System COM Surrogate
Microsoft® Windows® Operating System COM Surrogate
Microsoft® Windows® Operating System COM Surrogate
Microsoft® Windows® Operating System COM Surrogate
Microsoft® Windows® Operating System COM Surrogate
Microsoft® Windows® Operating System COM Surrogate
Microsoft® Windows® Operating System COM Surrogate
Microsoft® Windows® Operating System COM Surrogate
Microsoft® Windows® Operating System Windows Explorer
Microsoft® Windows® Operating System Windows Explorer
Microsoft® Windows® Operating System Windows Explorer
Microsoft® Windows® Operating System Windows Explorer
Microsoft® Windows® Operating System Windows Explorer
Microsoft® Windows® Operating System Windows Explorer
Microsoft® Windows® Operating System Windows Explorer
Microsoft® Windows® Operating System Windows Explorer
Microsoft® Windows® Operating System Windows Explorer
Microsoft® Windows® Operating System Windows Explorer
Microsoft® Windows® Operating System Windows Explorer
Microsoft® Windows® Operating System Windows Explorer
Microsoft® Windows® Operating System Windows Explorer
Microsoft® Windows® Operating System Windows Explorer
Microsoft® Windows® Operating System Windows Explorer
Microsoft® Windows® Operating System Windows Explorer
Microsoft® Windows® Operating System Windows Explorer
Microsoft® Windows® Operating System Windows Explorer
Microsoft® Windows® Operating System Windows Explorer
Microsoft® Windows® Operating System Windows Explorer
Microsoft® Windows® Operating System Windows Explorer
Microsoft® Windows® Operating System Windows Explorer
Microsoft® Windows® Operating System Windows Explorer
Microsoft® Windows® Operating System Windows Explorer
Microsoft® Windows® Operating System Windows Explorer
Microsoft® Windows® Operating System Windows Explorer
Microsoft® Windows® Operating System Windows Explorer
Microsoft® Windows® Operating System Windows Explorer
Microsoft® Windows® Operating System Windows Explorer
Microsoft® Windows® Operating System Windows Explorer
Microsoft® Windows® Operating System Windows Explorer
Intel(R) Common User Interface       igfxHK Module
Microsoft® Windows® Operating System Windows Defender notification icon
Microsoft® Windows® Operating System Windows Defender notification icon
Microsoft® Windows® Operating System Windows Defender notification icon
Microsoft® Windows® Operating System Windows Defender notification icon
Microsoft® Windows® Operating System Windows Defender notification icon
Microsoft® Windows® Operating System Windows Defender notification icon
Microsoft® Windows® Operating System Windows Defender notification icon
Microsoft® Windows® Operating System Windows Defender notification icon
Microsoft® Windows® Operating System Windows Defender notification icon
Microsoft® Windows® Operating System Windows Defender notification icon
Microsoft® Windows® Operating System Windows Defender notification icon
Microsoft® Windows® Operating System Windows Defender notification icon
Microsoft® Windows® Operating System Windows Defender notification icon
Microsoft® Windows® Operating System Windows Defender notification icon
Microsoft® Windows® Operating System Windows Defender notification icon
Microsoft® Windows® Operating System Windows Defender notification icon
Microsoft® Windows® Operating System Windows Defender notification icon
Microsoft® Windows® Operating System Windows Defender notification icon
Microsoft® Windows® Operating System Windows Defender notification icon
Microsoft® Windows® Operating System Windows Defender notification icon
Microsoft® Windows® Operating System Windows Defender notification icon
Microsoft® Windows® Operating System Windows Defender notification icon
Microsoft® Windows® Operating System Windows Defender notification icon
Microsoft® Windows® Operating System Windows Defender notification icon
Microsoft® Windows® Operating System Windows Defender notification icon
Microsoft® Windows® Operating System Windows Defender notification icon
Microsoft® Windows® Operating System Windows Defender notification icon
Microsoft® Windows® Operating System Windows Defender notification icon
Microsoft® Windows® Operating System Windows Defender notification icon
Microsoft® Windows® Operating System Windows Defender notification icon
Microsoft® Windows® Operating System Windows Defender notification icon
Microsoft® Windows® Operating System Notepad
Microsoft® Windows® Operating System Notepad
Microsoft® Windows® Operating System Notepad
Microsoft® Windows® Operating System Notepad
Microsoft® Windows® Operating System Notepad
Microsoft® Windows® Operating System Notepad
Microsoft® Windows® Operating System Notepad
Microsoft® Windows® Operating System Notepad
Microsoft® Windows® Operating System Notepad
Microsoft® Windows® Operating System Notepad
Microsoft® Windows® Operating System Notepad
Microsoft® Windows® Operating System Notepad
Microsoft® Windows® Operating System Notepad
Microsoft® Windows® Operating System Notepad
Microsoft® Windows® Operating System Notepad
Microsoft® Windows® Operating System Notepad
Microsoft® Windows® Operating System Notepad
Microsoft® Windows® Operating System Notepad
Microsoft® Windows® Operating System Notepad
Microsoft® Windows® Operating System Notepad
Microsoft® Windows® Operating System Notepad
Microsoft® Windows® Operating System Notepad
Microsoft® Windows® Operating System Notepad
Microsoft® Windows® Operating System Notepad
Microsoft® Windows® Operating System Notepad
Microsoft® Windows® Operating System Notepad
Microsoft® Windows® Operating System Notepad
Microsoft® Windows® Operating System Notepad
Microsoft® Windows® Operating System Notepad
Microsoft® Windows® Operating System Notepad
Microsoft® Windows® Operating System Notepad
Microsoft OneNote                    OneNote
Microsoft OneNote                    OneNote
Microsoft® Windows® Operating System Windows PowerShell
Microsoft® Windows® Operating System Windows PowerShell
Microsoft® Windows® Operating System Windows PowerShell
Microsoft® Windows® Operating System Windows PowerShell
Microsoft® Windows® Operating System Windows PowerShell
Microsoft® Windows® Operating System Windows PowerShell
Microsoft® Windows® Operating System Windows PowerShell
Microsoft® Windows® Operating System Windows PowerShell
Microsoft® Windows® Operating System Windows PowerShell
Microsoft® Windows® Operating System Windows PowerShell
Microsoft® Windows® Operating System Windows PowerShell
Microsoft® Windows® Operating System Windows PowerShell
Microsoft® Windows® Operating System Windows PowerShell
Microsoft® Windows® Operating System Windows PowerShell
Microsoft® Windows® Operating System Windows PowerShell
Microsoft® Windows® Operating System Windows PowerShell
Microsoft® Windows® Operating System Windows PowerShell
Microsoft® Windows® Operating System Windows PowerShell
Microsoft® Windows® Operating System Windows PowerShell
Microsoft® Windows® Operating System Windows PowerShell
Microsoft® Windows® Operating System Windows PowerShell
Microsoft® Windows® Operating System Windows PowerShell
Microsoft® Windows® Operating System Windows PowerShell
Microsoft® Windows® Operating System Windows PowerShell
Microsoft® Windows® Operating System Windows PowerShell
Microsoft® Windows® Operating System Windows PowerShell
Microsoft® Windows® Operating System Windows PowerShell
Microsoft® Windows® Operating System Windows PowerShell
Microsoft® Windows® Operating System Windows PowerShell
Microsoft® Windows® Operating System Windows PowerShell
Microsoft® Windows® Operating System Windows PowerShell
Microsoft® Windows® Operating System Windows PowerShell
Microsoft® Windows® Operating System Windows PowerShell
Microsoft® Windows® Operating System Windows PowerShell
Microsoft® Windows® Operating System Windows PowerShell
Microsoft® Windows® Operating System Windows PowerShell
Microsoft® Windows® Operating System Windows PowerShell
Microsoft® Windows® Operating System Windows PowerShell
Microsoft® Windows® Operating System Windows PowerShell
Microsoft® Windows® Operating System Windows PowerShell
Microsoft® Windows® Operating System Windows PowerShell
Microsoft® Windows® Operating System Windows PowerShell
Microsoft® Windows® Operating System Windows PowerShell
Microsoft® Windows® Operating System Windows PowerShell
Microsoft® Windows® Operating System Windows PowerShell
Microsoft® Windows® Operating System Windows PowerShell
Microsoft® Windows® Operating System Windows PowerShell
Microsoft® Windows® Operating System Windows PowerShell
Microsoft® Windows® Operating System Windows PowerShell
Microsoft® Windows® Operating System Windows PowerShell
Microsoft® Windows® Operating System Windows PowerShell
Microsoft® Windows® Operating System Windows PowerShell
Microsoft® Windows® Operating System Windows PowerShell
Microsoft® Windows® Operating System Windows PowerShell
Microsoft® Windows® Operating System Windows PowerShell
Microsoft® Windows® Operating System Windows PowerShell
Microsoft® Windows® Operating System Windows PowerShell
Microsoft® Windows® Operating System Windows PowerShell
Microsoft® Windows® Operating System Windows PowerShell
Microsoft® Windows® Operating System Windows PowerShell
Microsoft® Windows® Operating System Windows PowerShell
Microsoft® Windows® Operating System Windows PowerShell
Microsoft® Windows® Operating System Windows PowerShell
Microsoft® Windows® Operating System Windows PowerShell
Microsoft® Windows® Operating System Windows PowerShell
Microsoft® Windows® Operating System Windows PowerShell
Microsoft® Windows® Operating System Windows PowerShell
Microsoft® Windows® Operating System Windows PowerShell
Microsoft® Windows® Operating System Windows PowerShell
Microsoft® Windows® Operating System Windows PowerShell
Microsoft® Windows® Operating System Windows PowerShell
Microsoft® Windows® Operating System Windows PowerShell
Microsoft® Windows® Operating System Windows PowerShell
Microsoft® Windows® Operating System Windows PowerShell
Microsoft® Windows® Operating System Windows PowerShell
Microsoft® Windows® Operating System Windows PowerShell
Microsoft® Windows® Operating System Windows PowerShell
Microsoft® Windows® Operating System Windows PowerShell
Microsoft® Windows® Operating System Windows PowerShell
Microsoft® Windows® Operating System Windows PowerShell
Microsoft® Windows® Operating System Windows PowerShell
Microsoft® Windows® Operating System Windows PowerShell
Microsoft® Windows® Operating System Windows PowerShell
Microsoft® Windows® Operating System Windows PowerShell
Microsoft® Windows® Operating System Windows PowerShell
Microsoft® Windows® Operating System Windows PowerShell
Microsoft® Windows® Operating System Windows PowerShell
Microsoft® Windows® Operating System Windows PowerShell
Microsoft® Windows® Operating System Windows PowerShell
Microsoft® Windows® Operating System Windows PowerShell
Microsoft® Windows® Operating System Windows PowerShell
Microsoft® Windows® Operating System Windows PowerShell
Microsoft® Windows® Operating System Windows PowerShell
Microsoft® Windows® Operating System Windows PowerShell
Microsoft® Windows® Operating System Windows PowerShell
Microsoft® Windows® Operating System Windows PowerShell
Microsoft® Windows® Operating System Windows PowerShell
Microsoft® Windows® Operating System Windows PowerShell
Microsoft® Windows® Operating System Windows PowerShell
Microsoft® Windows® Operating System Windows PowerShell
Microsoft® Windows® Operating System Windows PowerShell
Microsoft® Windows® Operating System Windows PowerShell
Microsoft® Windows® Operating System Windows PowerShell
Microsoft® Windows® Operating System Windows PowerShell
Microsoft® Windows® Operating System Windows PowerShell
Microsoft® Windows® Operating System Windows PowerShell
Microsoft® Windows® Operating System Windows PowerShell
Microsoft® Windows® Operating System Windows PowerShell
Microsoft® Windows® Operating System Windows PowerShell
Microsoft® Windows® Operating System Windows PowerShell
Microsoft® Windows® Operating System Windows PowerShell
Microsoft® Windows® Operating System Windows PowerShell
Microsoft® Windows® Operating System Windows PowerShell
Microsoft® Windows® Operating System Windows PowerShell
Microsoft® Windows® Operating System Windows PowerShell
Microsoft® Windows® Operating System Windows PowerShell
Microsoft® Windows® Operating System Windows PowerShell
Microsoft® Windows® Operating System Windows PowerShell
Microsoft® Windows® Operating System Windows PowerShell
Microsoft® Windows® Operating System Windows PowerShell
Microsoft® Windows® Operating System Windows PowerShell
Microsoft® Windows® Operating System Windows PowerShell
Microsoft® Windows® Operating System Windows PowerShell
Microsoft® Windows® Operating System Windows PowerShell
Microsoft® Windows® Operating System Reminders WinRT OOP Server
Microsoft® Windows® Operating System Reminders WinRT OOP Server
Microsoft® Windows® Operating System Reminders WinRT OOP Server
Microsoft® Windows® Operating System Reminders WinRT OOP Server
Microsoft® Windows® Operating System Reminders WinRT OOP Server
Microsoft® Windows® Operating System Reminders WinRT OOP Server
Microsoft® Windows® Operating System Reminders WinRT OOP Server
Microsoft® Windows® Operating System Reminders WinRT OOP Server
Microsoft® Windows® Operating System Reminders WinRT OOP Server
Microsoft® Windows® Operating System Reminders WinRT OOP Server
Microsoft® Windows® Operating System Reminders WinRT OOP Server
Microsoft® Windows® Operating System Reminders WinRT OOP Server
Microsoft® Windows® Operating System Reminders WinRT OOP Server
Microsoft® Windows® Operating System Reminders WinRT OOP Server
Microsoft® Windows® Operating System Reminders WinRT OOP Server
Microsoft® Windows® Operating System Reminders WinRT OOP Server
Microsoft® Windows® Operating System Reminders WinRT OOP Server
Microsoft® Windows® Operating System Reminders WinRT OOP Server
Microsoft® Windows® Operating System Reminders WinRT OOP Server
Microsoft® Windows® Operating System Reminders WinRT OOP Server
Microsoft® Windows® Operating System Reminders WinRT OOP Server
Microsoft® Windows® Operating System Reminders WinRT OOP Server
Microsoft® Windows® Operating System Reminders WinRT OOP Server
Microsoft® Windows® Operating System Reminders WinRT OOP Server
Microsoft® Windows® Operating System Reminders WinRT OOP Server
Microsoft® Windows® Operating System Reminders WinRT OOP Server
Microsoft® Windows® Operating System Reminders WinRT OOP Server
Microsoft® Windows® Operating System Reminders WinRT OOP Server
Microsoft® Windows® Operating System Reminders WinRT OOP Server
Microsoft® Windows® Operating System Reminders WinRT OOP Server
Microsoft® Windows® Operating System Reminders WinRT OOP Server
Microsoft® Windows® Operating System Reminders WinRT OOP Server
Microsoft® Windows® Operating System Runtime Broker
Microsoft® Windows® Operating System Runtime Broker
Microsoft® Windows® Operating System Runtime Broker
Microsoft® Windows® Operating System Runtime Broker
Microsoft® Windows® Operating System Runtime Broker
Microsoft® Windows® Operating System Runtime Broker
Microsoft® Windows® Operating System Runtime Broker
Microsoft® Windows® Operating System Runtime Broker
Microsoft® Windows® Operating System Runtime Broker
Microsoft® Windows® Operating System Runtime Broker
Microsoft® Windows® Operating System Runtime Broker
Microsoft® Windows® Operating System Runtime Broker
Microsoft® Windows® Operating System Runtime Broker
Microsoft® Windows® Operating System Runtime Broker
Microsoft® Windows® Operating System Runtime Broker
Microsoft® Windows® Operating System Runtime Broker
Microsoft® Windows® Operating System Runtime Broker
Microsoft® Windows® Operating System Runtime Broker
Microsoft® Windows® Operating System Runtime Broker
Microsoft® Windows® Operating System Runtime Broker
Microsoft® Windows® Operating System Runtime Broker
Microsoft® Windows® Operating System Runtime Broker
Microsoft® Windows® Operating System Runtime Broker
Microsoft® Windows® Operating System Runtime Broker
Microsoft® Windows® Operating System Runtime Broker
Microsoft® Windows® Operating System Runtime Broker
Microsoft® Windows® Operating System Runtime Broker
Microsoft® Windows® Operating System Runtime Broker
Microsoft® Windows® Operating System Runtime Broker
Microsoft® Windows® Operating System Runtime Broker
Microsoft® Windows® Operating System Runtime Broker
Microsoft® Windows® Operating System Runtime Broker
Microsoft® Windows® Operating System Runtime Broker
Microsoft® Windows® Operating System Runtime Broker
Microsoft® Windows® Operating System Runtime Broker
Microsoft® Windows® Operating System Runtime Broker
Microsoft® Windows® Operating System Runtime Broker
Microsoft® Windows® Operating System Runtime Broker
Microsoft® Windows® Operating System Runtime Broker
Microsoft® Windows® Operating System Runtime Broker
Microsoft® Windows® Operating System Runtime Broker
Microsoft® Windows® Operating System Runtime Broker
Microsoft® Windows® Operating System Runtime Broker
Microsoft® Windows® Operating System Runtime Broker
Microsoft® Windows® Operating System Runtime Broker
Microsoft® Windows® Operating System Runtime Broker
Microsoft® Windows® Operating System Runtime Broker
Microsoft® Windows® Operating System Runtime Broker
Microsoft® Windows® Operating System Runtime Broker
Microsoft® Windows® Operating System Runtime Broker
Microsoft® Windows® Operating System Runtime Broker
Microsoft® Windows® Operating System Runtime Broker
Microsoft® Windows® Operating System Runtime Broker
Microsoft® Windows® Operating System Runtime Broker
Microsoft® Windows® Operating System Runtime Broker
Microsoft® Windows® Operating System Runtime Broker
Microsoft® Windows® Operating System Runtime Broker
Microsoft® Windows® Operating System Runtime Broker
Microsoft® Windows® Operating System Runtime Broker
Microsoft® Windows® Operating System Runtime Broker
Microsoft® Windows® Operating System Runtime Broker
Microsoft® Windows® Operating System Runtime Broker
Microsoft® Windows® Operating System Runtime Broker
Microsoft® Windows® Operating System Runtime Broker
Microsoft® Windows® Operating System Runtime Broker
Microsoft® Windows® Operating System Runtime Broker
Microsoft® Windows® Operating System Runtime Broker
Microsoft® Windows® Operating System Runtime Broker
Microsoft® Windows® Operating System Runtime Broker
Microsoft® Windows® Operating System Runtime Broker
Microsoft® Windows® Operating System Runtime Broker
Microsoft® Windows® Operating System Runtime Broker
Microsoft® Windows® Operating System Runtime Broker
Microsoft® Windows® Operating System Runtime Broker
Microsoft® Windows® Operating System Runtime Broker
Microsoft® Windows® Operating System Runtime Broker
Microsoft® Windows® Operating System Runtime Broker
Microsoft® Windows® Operating System Runtime Broker
Microsoft® Windows® Operating System Runtime Broker
Microsoft® Windows® Operating System Runtime Broker
Microsoft® Windows® Operating System Runtime Broker
Microsoft® Windows® Operating System Runtime Broker
Microsoft® Windows® Operating System Runtime Broker
Microsoft® Windows® Operating System Runtime Broker
Microsoft® Windows® Operating System Runtime Broker
Microsoft® Windows® Operating System Runtime Broker
Microsoft® Windows® Operating System Runtime Broker
Microsoft® Windows® Operating System Runtime Broker
Microsoft® Windows® Operating System Runtime Broker
Microsoft® Windows® Operating System Runtime Broker
Microsoft® Windows® Operating System Runtime Broker
Microsoft® Windows® Operating System Runtime Broker
Microsoft® Windows® Operating System Runtime Broker
Microsoft® Windows® Operating System Runtime Broker
Microsoft® Windows® Operating System Runtime Broker
Microsoft® Windows® Operating System Runtime Broker
Microsoft® Windows® Operating System Runtime Broker
Microsoft® Windows® Operating System Runtime Broker
Microsoft® Windows® Operating System Runtime Broker
Microsoft® Windows® Operating System Runtime Broker
Microsoft® Windows® Operating System Runtime Broker
Microsoft® Windows® Operating System Runtime Broker
Microsoft® Windows® Operating System Runtime Broker
Microsoft® Windows® Operating System Runtime Broker
Microsoft® Windows® Operating System Runtime Broker
Microsoft® Windows® Operating System Runtime Broker
Microsoft® Windows® Operating System Runtime Broker
Microsoft® Windows® Operating System Runtime Broker
Microsoft® Windows® Operating System Runtime Broker
Microsoft® Windows® Operating System Runtime Broker
Microsoft® Windows® Operating System Runtime Broker
Microsoft® Windows® Operating System Runtime Broker
Microsoft® Windows® Operating System Runtime Broker
Microsoft® Windows® Operating System Runtime Broker
Microsoft® Windows® Operating System Runtime Broker
Microsoft® Windows® Operating System Runtime Broker
Microsoft® Windows® Operating System Runtime Broker
Microsoft® Windows® Operating System Runtime Broker
Microsoft® Windows® Operating System Runtime Broker
Microsoft® Windows® Operating System Runtime Broker
Microsoft® Windows® Operating System Runtime Broker
Microsoft® Windows® Operating System Runtime Broker
Microsoft® Windows® Operating System Runtime Broker
Microsoft® Windows® Operating System Runtime Broker
Microsoft® Windows® Operating System Runtime Broker
Microsoft® Windows® Operating System Runtime Broker
Microsoft® Windows® Operating System Runtime Broker
Microsoft® Windows® Operating System Runtime Broker
Microsoft® Windows® Operating System Runtime Broker
Microsoft® Windows® Operating System Runtime Broker
Microsoft® Windows® Operating System Runtime Broker
Microsoft® Windows® Operating System Runtime Broker
Microsoft® Windows® Operating System Runtime Broker
Microsoft® Windows® Operating System Runtime Broker
Microsoft® Windows® Operating System Runtime Broker
Microsoft® Windows® Operating System Runtime Broker
Microsoft® Windows® Operating System Runtime Broker
Microsoft® Windows® Operating System Runtime Broker
Microsoft® Windows® Operating System Runtime Broker
Microsoft® Windows® Operating System Runtime Broker
Microsoft® Windows® Operating System Runtime Broker
Microsoft® Windows® Operating System Runtime Broker
Microsoft® Windows® Operating System Runtime Broker
Microsoft® Windows® Operating System Runtime Broker
Microsoft® Windows® Operating System Search and Cortana application
Microsoft® Windows® Operating System Search and Cortana application
Microsoft® Windows® Operating System Search and Cortana application
Microsoft® Windows® Operating System Search and Cortana application
Microsoft® Windows® Operating System Search and Cortana application
Microsoft® Windows® Operating System Search and Cortana application
Microsoft® Windows® Operating System Search and Cortana application
Microsoft® Windows® Operating System Search and Cortana application
Microsoft® Windows® Operating System Search and Cortana application
Microsoft® Windows® Operating System Search and Cortana application
Microsoft® Windows® Operating System Search and Cortana application
Microsoft® Windows® Operating System Search and Cortana application
Microsoft® Windows® Operating System Search and Cortana application
Microsoft® Windows® Operating System Search and Cortana application
Microsoft® Windows® Operating System Search and Cortana application
Microsoft® Windows® Operating System Search and Cortana application
Microsoft® Windows® Operating System Search and Cortana application
Microsoft® Windows® Operating System Search and Cortana application
Microsoft® Windows® Operating System Search and Cortana application
Microsoft® Windows® Operating System Search and Cortana application
Microsoft® Windows® Operating System Search and Cortana application
Microsoft® Windows® Operating System Search and Cortana application
Microsoft® Windows® Operating System Search and Cortana application
Microsoft® Windows® Operating System Search and Cortana application
Microsoft® Windows® Operating System Search and Cortana application
Microsoft® Windows® Operating System Search and Cortana application
Microsoft® Windows® Operating System Search and Cortana application
Microsoft® Windows® Operating System Search and Cortana application
Microsoft® Windows® Operating System Search and Cortana application
Microsoft® Windows® Operating System Search and Cortana application
Microsoft® Windows® Operating System Search and Cortana application
Microsoft® Windows® Operating System Host Process for Setting Synchr...
Microsoft® Windows® Operating System Host Process for Setting Synchr...
Microsoft® Windows® Operating System Host Process for Setting Synchr...
Microsoft® Windows® Operating System Host Process for Setting Synchr...
Microsoft® Windows® Operating System Host Process for Setting Synchr...
Microsoft® Windows® Operating System Host Process for Setting Synchr...
Microsoft® Windows® Operating System Host Process for Setting Synchr...
Microsoft® Windows® Operating System Host Process for Setting Synchr...
Microsoft® Windows® Operating System Host Process for Setting Synchr...
Microsoft® Windows® Operating System Host Process for Setting Synchr...
Microsoft® Windows® Operating System Host Process for Setting Synchr...
Microsoft® Windows® Operating System Host Process for Setting Synchr...
Microsoft® Windows® Operating System Host Process for Setting Synchr...
Microsoft® Windows® Operating System Host Process for Setting Synchr...
Microsoft® Windows® Operating System Host Process for Setting Synchr...
Microsoft® Windows® Operating System Host Process for Setting Synchr...
Microsoft® Windows® Operating System Host Process for Setting Synchr...
Microsoft® Windows® Operating System Host Process for Setting Synchr...
Microsoft® Windows® Operating System Host Process for Setting Synchr...
Microsoft® Windows® Operating System Host Process for Setting Synchr...
Microsoft® Windows® Operating System Host Process for Setting Synchr...
Microsoft® Windows® Operating System Host Process for Setting Synchr...
Microsoft® Windows® Operating System Host Process for Setting Synchr...
Microsoft® Windows® Operating System Host Process for Setting Synchr...
Microsoft® Windows® Operating System Host Process for Setting Synchr...
Microsoft® Windows® Operating System Host Process for Setting Synchr...
Microsoft® Windows® Operating System Host Process for Setting Synchr...
Microsoft® Windows® Operating System Host Process for Setting Synchr...
Microsoft® Windows® Operating System Host Process for Setting Synchr...
Microsoft® Windows® Operating System Host Process for Setting Synchr...
Microsoft® Windows® Operating System Host Process for Setting Synchr...
Microsoft® Windows® Operating System Windows Shell Experience Host
Microsoft® Windows® Operating System Windows Shell Experience Host
Microsoft® Windows® Operating System Windows Shell Experience Host
Microsoft® Windows® Operating System Windows Shell Experience Host
Microsoft® Windows® Operating System Windows Shell Experience Host
Microsoft® Windows® Operating System Windows Shell Experience Host
Microsoft® Windows® Operating System Windows Shell Experience Host
Microsoft® Windows® Operating System Windows Shell Experience Host
Microsoft® Windows® Operating System Windows Shell Experience Host
Microsoft® Windows® Operating System Windows Shell Experience Host
Microsoft® Windows® Operating System Windows Shell Experience Host
Microsoft® Windows® Operating System Windows Shell Experience Host
Microsoft® Windows® Operating System Windows Shell Experience Host
Microsoft® Windows® Operating System Windows Shell Experience Host
Microsoft® Windows® Operating System Windows Shell Experience Host
Microsoft® Windows® Operating System Windows Shell Experience Host
Microsoft® Windows® Operating System Windows Shell Experience Host
Microsoft® Windows® Operating System Windows Shell Experience Host
Microsoft® Windows® Operating System Windows Shell Experience Host
Microsoft® Windows® Operating System Windows Shell Experience Host
Microsoft® Windows® Operating System Windows Shell Experience Host
Microsoft® Windows® Operating System Windows Shell Experience Host
Microsoft® Windows® Operating System Windows Shell Experience Host
Microsoft® Windows® Operating System Windows Shell Experience Host
Microsoft® Windows® Operating System Windows Shell Experience Host
Microsoft® Windows® Operating System Windows Shell Experience Host
Microsoft® Windows® Operating System Windows Shell Experience Host
Microsoft® Windows® Operating System Windows Shell Experience Host
Microsoft® Windows® Operating System Windows Shell Experience Host
Microsoft® Windows® Operating System Windows Shell Experience Host
Microsoft® Windows® Operating System Windows Shell Experience Host
Microsoft® Windows® Operating System Shell Infrastructure Host
Microsoft® Windows® Operating System Shell Infrastructure Host
Microsoft® Windows® Operating System Shell Infrastructure Host
Microsoft® Windows® Operating System Shell Infrastructure Host
Microsoft® Windows® Operating System Shell Infrastructure Host
Microsoft® Windows® Operating System Shell Infrastructure Host
Microsoft® Windows® Operating System Shell Infrastructure Host
Microsoft® Windows® Operating System Shell Infrastructure Host
Microsoft® Windows® Operating System Shell Infrastructure Host
Microsoft® Windows® Operating System Shell Infrastructure Host
Microsoft® Windows® Operating System Shell Infrastructure Host
Microsoft® Windows® Operating System Shell Infrastructure Host
Microsoft® Windows® Operating System Shell Infrastructure Host
Microsoft® Windows® Operating System Shell Infrastructure Host
Microsoft® Windows® Operating System Shell Infrastructure Host
Microsoft® Windows® Operating System Shell Infrastructure Host
Microsoft® Windows® Operating System Shell Infrastructure Host
Microsoft® Windows® Operating System Shell Infrastructure Host
Microsoft® Windows® Operating System Shell Infrastructure Host
Microsoft® Windows® Operating System Shell Infrastructure Host
Microsoft® Windows® Operating System Shell Infrastructure Host
Microsoft® Windows® Operating System Shell Infrastructure Host
Microsoft® Windows® Operating System Shell Infrastructure Host
Microsoft® Windows® Operating System Shell Infrastructure Host
Microsoft® Windows® Operating System Shell Infrastructure Host
Microsoft® Windows® Operating System Shell Infrastructure Host
Microsoft® Windows® Operating System Shell Infrastructure Host
Microsoft® Windows® Operating System Shell Infrastructure Host
Microsoft® Windows® Operating System Shell Infrastructure Host
Microsoft® Windows® Operating System Shell Infrastructure Host
Microsoft® Windows® Operating System Shell Infrastructure Host
Skype                                Skype
Skype                                Skype
Skype                                Skype Browser Host
Skype                                Skype Browser Host
Microsoft® Windows® Operating System Host Process for Windows Services
Microsoft® Windows® Operating System Host Process for Windows Services
Microsoft® Windows® Operating System Host Process for Windows Services
Microsoft® Windows® Operating System Host Process for Windows Services
Microsoft® Windows® Operating System Host Process for Windows Services
Microsoft® Windows® Operating System Host Process for Windows Services
Microsoft® Windows® Operating System Host Process for Windows Services
Microsoft® Windows® Operating System Host Process for Windows Services
Microsoft® Windows® Operating System Host Process for Windows Services
Microsoft® Windows® Operating System Host Process for Windows Services
Microsoft® Windows® Operating System Host Process for Windows Services
Microsoft® Windows® Operating System Host Process for Windows Services
Microsoft® Windows® Operating System Host Process for Windows Services
Microsoft® Windows® Operating System Host Process for Windows Services
Microsoft® Windows® Operating System Host Process for Windows Services
Microsoft® Windows® Operating System Host Process for Windows Services
Microsoft® Windows® Operating System Host Process for Windows Services
Microsoft® Windows® Operating System Host Process for Windows Services
Microsoft® Windows® Operating System Host Process for Windows Services
Microsoft® Windows® Operating System Host Process for Windows Services
Microsoft® Windows® Operating System Host Process for Windows Services
Microsoft® Windows® Operating System Host Process for Windows Services
Microsoft® Windows® Operating System Host Process for Windows Services
Microsoft® Windows® Operating System Host Process for Windows Services
Microsoft® Windows® Operating System Host Process for Windows Services
Microsoft® Windows® Operating System Host Process for Windows Services
Microsoft® Windows® Operating System Host Process for Windows Services
Microsoft® Windows® Operating System Host Process for Windows Services
Microsoft® Windows® Operating System Host Process for Windows Services
Microsoft® Windows® Operating System Host Process for Windows Services
Microsoft® Windows® Operating System Host Process for Windows Services
Microsoft® Windows® Operating System Host Process for Windows Services
Microsoft® Windows® Operating System Host Process for Windows Services
Microsoft® Windows® Operating System Host Process for Windows Services
Microsoft® Windows® Operating System Host Process for Windows Services
Microsoft® Windows® Operating System Host Process for Windows Services
Microsoft® Windows® Operating System Host Process for Windows Services
Microsoft® Windows® Operating System Host Process for Windows Services
Microsoft® Windows® Operating System Host Process for Windows Services
Microsoft® Windows® Operating System Host Process for Windows Services
Microsoft® Windows® Operating System Host Process for Windows Services
Microsoft® Windows® Operating System Host Process for Windows Services
Microsoft® Windows® Operating System Host Process for Windows Services
Microsoft® Windows® Operating System Host Process for Windows Services
Microsoft® Windows® Operating System Host Process for Windows Services
Microsoft® Windows® Operating System Host Process for Windows Services
Microsoft® Windows® Operating System Host Process for Windows Services
Microsoft® Windows® Operating System Host Process for Windows Services
Microsoft® Windows® Operating System Host Process for Windows Services
Microsoft® Windows® Operating System Host Process for Windows Services
Microsoft® Windows® Operating System Host Process for Windows Services
Microsoft® Windows® Operating System Host Process for Windows Services
Microsoft® Windows® Operating System Host Process for Windows Services
Microsoft® Windows® Operating System Host Process for Windows Services
Microsoft® Windows® Operating System Host Process for Windows Services
Microsoft® Windows® Operating System Host Process for Windows Services
Microsoft® Windows® Operating System Host Process for Windows Services
Microsoft® Windows® Operating System Host Process for Windows Services
Microsoft® Windows® Operating System Host Process for Windows Services
Microsoft® Windows® Operating System Host Process for Windows Services
Microsoft® Windows® Operating System Host Process for Windows Services
Microsoft® Windows® Operating System Host Process for Windows Services
Microsoft® Windows® Operating System Host Process for Windows Services
Microsoft® Windows® Operating System Host Process for Windows Services
Microsoft® Windows® Operating System Host Process for Windows Services
Microsoft® Windows® Operating System Host Process for Windows Services
Microsoft® Windows® Operating System Host Process for Windows Services
Microsoft® Windows® Operating System Host Process for Windows Services
Microsoft® Windows® Operating System Host Process for Windows Services
Microsoft® Windows® Operating System Host Process for Windows Services
Microsoft® Windows® Operating System Host Process for Windows Services
Microsoft® Windows® Operating System Host Process for Windows Services
Microsoft® Windows® Operating System Host Process for Windows Services
Microsoft® Windows® Operating System Host Process for Windows Services
Microsoft® Windows® Operating System Host Process for Windows Services
Microsoft® Windows® Operating System Host Process for Windows Services
Microsoft® Windows® Operating System Host Process for Windows Services
Microsoft® Windows® Operating System Host Process for Windows Services
Microsoft® Windows® Operating System Host Process for Windows Services
Microsoft® Windows® Operating System Host Process for Windows Services
Microsoft® Windows® Operating System Host Process for Windows Services
Microsoft® Windows® Operating System Host Process for Windows Services
Microsoft® Windows® Operating System Host Process for Windows Services
Microsoft® Windows® Operating System Host Process for Windows Services
Microsoft® Windows® Operating System Host Process for Windows Services
Microsoft® Windows® Operating System Host Process for Windows Services
Microsoft® Windows® Operating System Host Process for Windows Services
Microsoft® Windows® Operating System Settings
Microsoft® Windows® Operating System Settings
Microsoft® Windows® Operating System Settings
Microsoft® Windows® Operating System Settings
Microsoft® Windows® Operating System Settings
Microsoft® Windows® Operating System Settings
Microsoft® Windows® Operating System Settings
Microsoft® Windows® Operating System Settings
Microsoft® Windows® Operating System Settings
Microsoft® Windows® Operating System Settings
Microsoft® Windows® Operating System Settings
Microsoft® Windows® Operating System Settings
Microsoft® Windows® Operating System Settings
Microsoft® Windows® Operating System Settings
Microsoft® Windows® Operating System Settings
Microsoft® Windows® Operating System Settings
Microsoft® Windows® Operating System Settings
Microsoft® Windows® Operating System Settings
Microsoft® Windows® Operating System Settings
Microsoft® Windows® Operating System Settings
Microsoft® Windows® Operating System Settings
Microsoft® Windows® Operating System Settings
Microsoft® Windows® Operating System Settings
Microsoft® Windows® Operating System Settings
Microsoft® Windows® Operating System Settings
Microsoft® Windows® Operating System Settings
Microsoft® Windows® Operating System Settings
Microsoft® Windows® Operating System Settings
Microsoft® Windows® Operating System Settings
Microsoft® Windows® Operating System Settings
Microsoft® Windows® Operating System Settings
Microsoft® Windows® Operating System System Settings Broker
Microsoft® Windows® Operating System System Settings Broker
Microsoft® Windows® Operating System System Settings Broker
Microsoft® Windows® Operating System System Settings Broker
Microsoft® Windows® Operating System System Settings Broker
Microsoft® Windows® Operating System System Settings Broker
Microsoft® Windows® Operating System System Settings Broker
Microsoft® Windows® Operating System System Settings Broker
Microsoft® Windows® Operating System System Settings Broker
Microsoft® Windows® Operating System System Settings Broker
Microsoft® Windows® Operating System System Settings Broker
Microsoft® Windows® Operating System System Settings Broker
Microsoft® Windows® Operating System System Settings Broker
Microsoft® Windows® Operating System System Settings Broker
Microsoft® Windows® Operating System System Settings Broker
Microsoft® Windows® Operating System System Settings Broker
Microsoft® Windows® Operating System System Settings Broker
Microsoft® Windows® Operating System System Settings Broker
Microsoft® Windows® Operating System System Settings Broker
Microsoft® Windows® Operating System System Settings Broker
Microsoft® Windows® Operating System System Settings Broker
Microsoft® Windows® Operating System System Settings Broker
Microsoft® Windows® Operating System System Settings Broker
Microsoft® Windows® Operating System System Settings Broker
Microsoft® Windows® Operating System System Settings Broker
Microsoft® Windows® Operating System System Settings Broker
Microsoft® Windows® Operating System System Settings Broker
Microsoft® Windows® Operating System System Settings Broker
Microsoft® Windows® Operating System System Settings Broker
Microsoft® Windows® Operating System System Settings Broker
Microsoft® Windows® Operating System System Settings Broker
Microsoft® Windows® Operating System Host Process for Windows Tasks
Microsoft® Windows® Operating System Host Process for Windows Tasks
Microsoft® Windows® Operating System Host Process for Windows Tasks
Microsoft® Windows® Operating System Host Process for Windows Tasks
Microsoft® Windows® Operating System Host Process for Windows Tasks
Microsoft® Windows® Operating System Host Process for Windows Tasks
Microsoft® Windows® Operating System Host Process for Windows Tasks
Microsoft® Windows® Operating System Host Process for Windows Tasks
Microsoft® Windows® Operating System Host Process for Windows Tasks
Microsoft® Windows® Operating System Host Process for Windows Tasks
Microsoft® Windows® Operating System Host Process for Windows Tasks
Microsoft® Windows® Operating System Host Process for Windows Tasks
Microsoft® Windows® Operating System Host Process for Windows Tasks
Microsoft® Windows® Operating System Host Process for Windows Tasks
Microsoft® Windows® Operating System Host Process for Windows Tasks
Microsoft® Windows® Operating System Host Process for Windows Tasks
Microsoft® Windows® Operating System Host Process for Windows Tasks
Microsoft® Windows® Operating System Host Process for Windows Tasks
Microsoft® Windows® Operating System Host Process for Windows Tasks
Microsoft® Windows® Operating System Host Process for Windows Tasks
Microsoft® Windows® Operating System Host Process for Windows Tasks
Microsoft® Windows® Operating System Host Process for Windows Tasks
Microsoft® Windows® Operating System Host Process for Windows Tasks
Microsoft® Windows® Operating System Host Process for Windows Tasks
Microsoft® Windows® Operating System Host Process for Windows Tasks
Microsoft® Windows® Operating System Host Process for Windows Tasks
Microsoft® Windows® Operating System Host Process for Windows Tasks
Microsoft® Windows® Operating System Host Process for Windows Tasks
Microsoft® Windows® Operating System Host Process for Windows Tasks
Microsoft® Windows® Operating System Host Process for Windows Tasks
Microsoft® Windows® Operating System Host Process for Windows Tasks
pridavam hash noteproperty



New-EventLog : The "AVAS" source is already registered on the "localhost" compu
ter.
At D:\SICZ\AVAS\formsablona.ps1:11 char:1
+ New-EventLog -LogName Application -Source "AVAS"
+ ~~~~~~~~~~~~~~~~~~~~~~~~~~~~~~~~~~~~~~~~~~~~~~~~
    + CategoryInfo          : InvalidOperation: (:) [New-EventLog], InvalidOpe
   rationException
    + FullyQualifiedErrorId : Microsoft.PowerShell.Commands.NewEventLogCommand

Transcript started, output file is D:\SICZ\AVAS\AVAS_2017_10_17.log
Transcript started, output file is ./transcript2017-10-17-12-52-34.txt
10/17/2017 12:52:34 - Nacitani json konfiguracniho souboru
Transcript started, output file is D:\SICZ\AVAS/debug-2017-10-17-12-52-43.log
-message pokracuji ve zpracovani
spoustim test app diff

spoustim test services diff
spoustim test scheduled tasks diff
spoustim test hotfix diff
DisplayName                                  DisplayVersion Publisher
-----------                                  -------------- ---------
Dell SupportAssist                           2.0.6875.668   Dell
Total Commander 64-bit (Remove or Repair)    9.0a           Ghisler Software...
Background Intelligent Transfer Service
Offline Files
Connected User Experiences and Telemetry
Diagnostic Policy Service
File History Service
IKE and AuthIP IPsec Keying Modules
Geolocation Service
Net.Tcp Port Sharing Service
Remote Access Connection Manager
Routing and Remote Access
Shell Hardware Detection
Shared PC Account Manager
Windows Image Acquisition (WIA)
Touch Keyboard and Handwriting Panel Service
Themes
Auto Time Zone Updater
Windows Time
Windows Event Collector
Windows Defender Antivirus Service
Windows Remote Management (WS-Management)





































































































































































































































































































































































































































































































































































































































































































































































































































































































































































































































































































pridavam hash noteproperty



