**********************
Windows PowerShell transcript start
Start time: 20171017124435
Username: LUKA-NTB\lukas
RunAs User: LUKA-NTB\lukas
Configuration Name: 
Machine: LUKA-NTB (Microsoft Windows NT 10.0.17017.0)
Host Application: C:\Windows\System32\WindowsPowerShell\v1.0\powershell_ise.exe
Process ID: 16224
PSVersion: 5.1.17017.1000
PSEdition: Desktop
PSCompatibleVersions: 1.0, 2.0, 3.0, 4.0, 5.0, 5.1.17017.1000
BuildVersion: 10.0.17017.1000
CLRVersion: 4.0.30319.42000
WSManStackVersion: 3.0
PSRemotingProtocolVersion: 2.3
SerializationVersion: 1.1.0.1
**********************
Transcript started, output file is D:\SICZ\AVAS/debug-2017-10-17-12-44-35.log
-message pokracuji ve zpracovani
spoustim test app diff

spoustim test services diff
DisplayName                               DisplayVersion Publisher
-----------                               -------------- ---------
Dell SupportAssist                        2.0.6875.668   Dell
Total Commander 64-bit (Remove or Repair) 9.0a           Ghisler Software GmbH
Background Intelligent Transfer Service
Offline Files
Connected User Experiences and Telemetry
Diagnostic Policy Service
File History Service
IKE and AuthIP IPsec Keying Modules
Geolocation Service
Net.Tcp Port Sharing Service
Remote Access Connection Manager
Routing and Remote Access
Shell Hardware Detection
Shared PC Account Manager
Windows Image Acquisition (WIA)
Touch Keyboard and Handwriting Panel S...
Themes
Auto Time Zone Updater
Windows Time
Windows Event Collector
Windows Defender Antivirus Service
Windows Remote Management (WS-Management)
spoustim test scheduled tasks diff
spoustim test hotfix diff





































































































































































































































































































































































































































































































































































































































































































































































































































































































































































































































































































pridavam hash noteproperty

string : The term 'string' is not recognized as the name of a cmdlet, function, script file, or operable program. Check 
the spelling of the name, or if a path was included, verify that the path is correct and try again.
At D:\SICZ\AVAS\formsablona.ps1:696 char:37
+     $tisk=$tisk+$json.Installed_Apps | string
+                                        ~~~~~~
    + CategoryInfo          : ObjectNotFound: (string:String) [], CommandNotFoundException
    + FullyQualifiedErrorId : CommandNotFoundException
string : The term 'string' is not recognized as the name of a cmdlet, function,
 script file, or operable program. Check the spelling of the name, or if a path
 was included, verify that the path is correct and try again.
At D:\SICZ\AVAS\formsablona.ps1:696 char:37
+     $tisk=$tisk+$json.Installed_Apps | string
+                                        ~~~~~~
    + CategoryInfo          : ObjectNotFound: (string:String) [], CommandNotFo
   undException
    + FullyQualifiedErrorId : CommandNotFoundException



PS C:\WINDOWS\system32> $json.Date

value               DisplayHint DateTime
-----               ----------- --------
07.09.2017 13:38:19           2 čtvrtek 7. září 2017 15:38:19


PS C:\WINDOWS\system32> $json.Install_Date

value               DateTime
-----               --------
24.03.2017 20:35:51 pátek 24. března 2017 21:35:51


PS C:\WINDOWS\system32> $json.Install_Date | string
string : The term 'string' is not recognized as the name of a cmdlet, function, script file, or operable program. Check 
the spelling of the name, or if a path was included, verify that the path is correct and try again.
At line:1 char:22
+ $json.Install_Date | string
+                      ~~~~~~
    + CategoryInfo          : ObjectNotFound: (string:String) [], CommandNotFoundException
    + FullyQualifiedErrorId : CommandNotFoundException
string : The term 'string' is not recognized as the name of a cmdlet, function,
 script file, or operable program. Check the spelling of the name, or if a path
 was included, verify that the path is correct and try again.
At line:1 char:22
+ $json.Install_Date | string
+                      ~~~~~~
    + CategoryInfo          : ObjectNotFound: (string:String) [], CommandNotFo
   undException
    + FullyQualifiedErrorId : CommandNotFoundException

PS C:\WINDOWS\system32> $json.Install_Date | out-string

value               DateTime                      
-----               --------                      
24.03.2017 20:35:51 pátek 24. března 2017 21:35:51
New-EventLog : The "AVAS" source is already registered on the "localhost" compu
ter.
At D:\SICZ\AVAS\formsablona.ps1:11 char:1
+ New-EventLog -LogName Application -Source "AVAS"
+ ~~~~~~~~~~~~~~~~~~~~~~~~~~~~~~~~~~~~~~~~~~~~~~~~
    + CategoryInfo          : InvalidOperation: (:) [New-EventLog], InvalidOpe
   rationException
    + FullyQualifiedErrorId : Microsoft.PowerShell.Commands.NewEventLogCommand

Transcript started, output file is D:\SICZ\AVAS\AVAS_2017_10_17.log
Transcript started, output file is ./transcript2017-10-17-12-46-02.txt
10/17/2017 12:46:02 - Nacitani json konfiguracniho souboru
Transcript started, output file is D:\SICZ\AVAS/debug-2017-10-17-12-46-14.log
-message pokracuji ve zpracovani
spoustim test app diff
