**********************
Windows PowerShell transcript start
Start time: 20171011144747
Username: DESKTOP-TBE27PS\lukas
RunAs User: DESKTOP-TBE27PS\lukas
Configuration Name: 
Machine: DESKTOP-TBE27PS (Microsoft Windows NT 10.0.17004.0)
Host Application: C:\WINDOWS\System32\WindowsPowerShell\v1.0\powershell.exe -executionpolicy bypass -noexit -encodedCommand JABWAGUAcgBiAG8AcwBlAFAAcgBlAGYAZQByAGUAbgBjAGUAIAA9ACAAJwBTAGkAbABlAG4AdABsAHkAQwBvAG4AdABpAG4AdQBlACcADQAKACQARABlAGIAdQBnAFAAcgBlAGYAZQByAGUAbgBjAGUAIAA9ACAAJwBTAGkAbABlAG4AdABsAHkAQwBvAG4AdABpAG4AdQBlACcADQAKACQAVwBhAHIAbgBpAG4AZwBQAHIAZQBmAGUAcgBlAG4AYwBlACAAPQAgACcAQwBvAG4AdABpAG4AdQBlACcADQAKACQAQwBvAG4AZgBpAHIAbQBQAHIAZQBmAGUAcgBlAG4AYwBlACAAPQAgACcASABpAGcAaAAnAA0ACgAmACAAIgBEADoAXABTAEkAQwBaAFwAYQB2AGEAcwBcAGEAdgBhAHMALgBwAHMAMQAiACAADQAKAA==
Process ID: 12144
PSVersion: 5.1.17004.1000
PSEdition: Desktop
PSCompatibleVersions: 1.0, 2.0, 3.0, 4.0, 5.0, 5.1.17004.1000
BuildVersion: 10.0.17004.1000
CLRVersion: 4.0.30319.42000
WSManStackVersion: 3.0
PSRemotingProtocolVersion: 2.3
SerializationVersion: 1.1.0.1
**********************
Transcript started, output file is D:\SICZ\avas/debug-2017-10-11-02-47-47.log
-message pokracuji ve zpracovani
spoustim test app diff

spoustim test services diff
DisplayName                             DisplayVersion  Publisher
-----------                             --------------  ---------
Mozilla Maintenance Service             58.0a1          Mozilla
Dell Touchpad                           10.2207.101.108 ALPS ELECTRIC CO., LTD.
Microsoft Visual Studio Code            1.17.0          Microsoft Corporation
Background Intelligent Transfer Service
File History Service
IKE and AuthIP IPsec Keying Modules
Windows PushToInstall Service
Touch Keyboard and Handwriting Panel...
Windows Event Collector
spoustim test scheduled tasks diff
spoustim test hotfix diff

InputObject     SideIndicator
-----------     -------------
DESKTOP-TBE27PS =>           
DESKTOP-V056PHL <=


Cancel


