**********************
Windows PowerShell transcript start
Start time: 20171012100309
Username: DESKTOP-TBE27PS\lukas
RunAs User: DESKTOP-TBE27PS\lukas
Configuration Name: 
Machine: DESKTOP-TBE27PS (Microsoft Windows NT 10.0.17004.0)
Host Application: C:\Windows\System32\WindowsPowerShell\v1.0\powershell_ise.exe
Process ID: 2008
PSVersion: 5.1.17004.1000
PSEdition: Desktop
PSCompatibleVersions: 1.0, 2.0, 3.0, 4.0, 5.0, 5.1.17004.1000
BuildVersion: 10.0.17004.1000
CLRVersion: 4.0.30319.42000
WSManStackVersion: 3.0
PSRemotingProtocolVersion: 2.3
SerializationVersion: 1.1.0.1
**********************
Transcript started, output file is D:\SICZ\avas/debug-2017-10-12-10-03-09.log
-message pokracuji ve zpracovani
spoustim test app diff

spoustim test services diff
spoustim test scheduled tasks diff
spoustim test hotfix diff
DisplayName                                  DisplayVersion Publisher
-----------                                  -------------- ---------
Dell SupportAssist                           2.0.6875.668   Dell
Total Commander 64-bit (Remove or Repair)    9.0a           Ghisler Software GmbH
Background Intelligent Transfer Service
Offline Files
Connected User Experiences and Telemetry
Diagnostic Policy Service
File History Service
IKE and AuthIP IPsec Keying Modules
Geolocation Service
Net.Tcp Port Sharing Service
Remote Access Connection Manager
Routing and Remote Access
Shell Hardware Detection
Shared PC Account Manager
Windows Image Acquisition (WIA)
Touch Keyboard and Handwriting Panel Service
Themes
Auto Time Zone Updater
Windows Time
Windows Event Collector
Windows Defender Antivirus Service
Windows Remote Management (WS-Management)

InputObject     SideIndicator
-----------     -------------
DESKTOP-TBE27PS =>           
MICA            <=



Cancel


PS C:\WINDOWS\system32> $hash


Apps                            : {@{DisplayName=Dell SupportAssist; DisplayVersion=2.0.6875.668; Publisher=Dell}, @{DisplayName=Total Commander 64-bit (Remove or Repair); DisplayVersion=9.0a; Publisher=Ghi
                                  sler Software GmbH}}
services                        : {@{DisplayName=Background Intelligent Transfer Service; StartType=3}, @{DisplayName=Offline Files; StartType=2}, @{DisplayName=Connected User Experiences and Telemetry; Sta
                                  rtType=2}, @{DisplayName=Diagnostic Policy Service; StartType=2}...}
scheduledtasks                  :
hotfix                          :
uwp                             :
Active_DC                       :
Allow_deviceclasses             :
Allow_deviceids                 :
Application_log_length          : 18944000
Applocker                       : {}
BIOS                            : DELL   - 1072009 | BIOS Date: 12/22/16 01:25:40 Ver: A20.00
Bios_date                       : @{value=22.12.2016 0:00:00; DateTime=čtvrtek 22. prosince 2016 1:00:00}
Bitlocker                       : {@{pageHeaderEntry=; pageFooterEntry=; autosizeInfo=; shapeInfo=Microsoft.PowerShell.Commands.Internal.Format.ListViewHeaderInfo; groupingEntry=; ClassId2e4f51ef21dd47e99d3
                                  c952918aff9cd=033ecb2bc07a4d43b5ef94ed5a35d280}, @{shapeInfo=; groupingEntry=; ClassId2e4f51ef21dd47e99d3c952918aff9cd=9e210fe47d09416682b841769c78b8a3}, @{formatEntryInfo=
                                  Microsoft.PowerShell.Commands.Internal.Format.ListViewEntry; outOfBand=False; writeStream=0; ClassId2e4f51ef21dd47e99d3c952918aff9cd=27c87ef9bbda4f709f6b4002fa4af63c}, @{fo
                                  rmatEntryInfo=Microsoft.PowerShell.Commands.Internal.Format.ListViewEntry; outOfBand=False; writeStream=0; ClassId2e4f51ef21dd47e99d3c952918aff9cd=27c87ef9bbda4f709f6b4002f
                                  a4af63c}...}
Computerturen_root_certifikates : {@{pageHeaderEntry=; pageFooterEntry=; autosizeInfo=; shapeInfo=Microsoft.PowerShell.Commands.Internal.Format.ListViewHeaderInfo; groupingEntry=; ClassId2e4f51ef21dd47e99d3
                                  c952918aff9cd=033ecb2bc07a4d43b5ef94ed5a35d280}, @{shapeInfo=; groupingEntry=; ClassId2e4f51ef21dd47e99d3c952918aff9cd=9e210fe47d09416682b841769c78b8a3}, @{formatEntryInfo=
                                  Microsoft.PowerShell.Commands.Internal.Format.ListViewEntry; outOfBand=False; writeStream=0; ClassId2e4f51ef21dd47e99d3c952918aff9cd=27c87ef9bbda4f709f6b4002fa4af63c}, @{fo
                                  rmatEntryInfo=Microsoft.PowerShell.Commands.Internal.Format.ListViewEntry; outOfBand=False; writeStream=0; ClassId2e4f51ef21dd47e99d3c952918aff9cd=27c87ef9bbda4f709f6b4002f
                                  a4af63c}...}
ComputerName                    : MICA
Country                         : 420
Date                            : @{value=07.09.2017 13:38:19; DisplayHint=2; DateTime=čtvrtek 7. září 2017 15:38:19}
Default_locale                  : 00000409
Deny_deviceclasses              :
Deny_deviceids                  :
deny_UnspecifiedDevices         :
Domain                          :
Domain_dhcp                     : sicz.local
Domain_tcp                      :
AV_MS_product                   :
AV_MS_residenton                :
AV_MS_scanner_build             :
AV_MS_scanner_version           :
AV_MS_version                   :
rozdily                         : {@{InputObject=DESKTOP-TBE27PS; SideIndicator==>}, @{InputObject=MICA; SideIndicator=<=}}
hdd                             : {@{FileSystem=NTFS; Type=Local Fixed Disk; Volume=C:; Available=18977058816; Computer=MICA; Used=108479447040; Size=127456505856}, @{FileSystem=NTFS; Type=Local Fixed Disk;
                                   Volume=D:; Available=155963895808; Computer=MICA; Used=344007622656; Size=499971518464}}
pcinfo                          : @{WindowsBuildLabEx=15063.0.amd64fre.rs2_release.170317-1834; WindowsCurrentVersion=6.3; WindowsEditionId=Professional; WindowsInstallationType=Client; WindowsInstallDateFr
                                  omRegistry=24.03.2017 19:35:51; WindowsProductId=00330-80000-00000-AA628; WindowsProductName=Windows 10 Pro; WindowsRegisteredOrganization=; WindowsRegisteredOwner=Windows
                                  User; WindowsSystemRoot=C:\WINDOWS; WindowsVersion=1703; BiosCharacteristics=System.Object[]; BiosBIOSVersion=System.Object[]; BiosBuildNumber=; BiosCaption=BIOS Date: 12/2
                                  2/16 01:25:40 Ver: A20.00 ; BiosCodeSet=; BiosCurrentLanguage=en|US|iso8859-1; BiosDescription=BIOS Date: 12/22/16 01:25:40 Ver: A20.00 ; BiosEmbeddedControllerMajorVersion
                                  =255; BiosEmbeddedControllerMinorVersion=255; BiosFirmwareType=1; BiosIdentificationCode=; BiosInstallableLanguages=1; BiosInstallDate=; BiosLanguageEdition=; BiosListOfLan
                                  guages=System.Object[]; BiosManufacturer=Dell Inc.; BiosName=BIOS Date: 12/22/16 01:25:40 Ver: A20.00 ; BiosOtherTargetOS=; BiosPrimaryBIOS=True; BiosReleaseDate=22.12.2016
                                   0:00:00; BiosSeralNumber=H0PMD12; BiosSMBIOSBIOSVersion=A20; BiosSMBIOSMajorVersion=2; BiosSMBIOSMinorVersion=7; BiosSMBIOSPresent=True; BiosSoftwareElementState=3; BiosSt
                                  atus=OK; BiosSystemBiosMajorVersion=65; BiosSystemBiosMinorVersion=20; BiosTargetOperatingSystem=0; BiosVersion=DELL   - 1072009; CsAdminPasswordStatus=0; CsAutomaticManage
                                  dPagefile=False; CsAutomaticResetBootOption=True; CsAutomaticResetCapability=True; CsBootOptionOnLimit=; CsBootOptionOnWatchDog=; CsBootROMSupported=True; CsBootStatus=Syst
                                  em.Object[]; CsBootupState=Normal boot; CsCaption=MICA; CsChassisBootupState=3; CsChassisSKUNumber=To be filled by O.E.M.; CsCurrentTimeZone=120; CsDaylightInEffect=True; C
                                  sDescription=AT/AT COMPATIBLE; CsDNSHostName=mica; CsDomain=WORKGROUP; CsDomainRole=0; CsEnableDaylightSavingsTime=True; CsFrontPanelResetStatus=0; CsHypervisorPresent=True
                                  ; CsInfraredSupported=False; CsInitialLoadInfo=; CsInstallDate=; CsKeyboardPasswordStatus=0; CsLastLoadInfo=; CsManufacturer=Dell Inc.; CsModel=Latitude E7440; CsName=MICA;
                                   CsNetworkAdapters=System.Object[]; CsNetworkServerModeEnabled=True; CsNumberOfLogicalProcessors=4; CsNumberOfProcessors=1; CsProcessors=System.Object[]; CsOEMStringArray=S
                                  ystem.Object[]; CsPartOfDomain=False; CsPauseAfterReset=-1; CsPCSystemType=2; CsPCSystemTypeEx=2; CsPowerManagementCapabilities=; CsPowerManagementSupported=; CsPowerOnPass
                                  wordStatus=0; CsPowerState=0; CsPowerSupplyState=3; CsPrimaryOwnerContact=; CsPrimaryOwnerName=Windows User; CsResetCapability=1; CsResetCount=-1; CsResetLimit=-1; CsRoles=
                                  System.Object[]; CsStatus=OK; CsSupportContactDescription=; CsSystemFamily=; CsSystemSKUNumber=05CB; CsSystemType=x64-based PC; CsThermalState=3; CsTotalPhysicalMemory=1708
                                  0684544; CsPhyicallyInstalledMemory=16777216; CsUserName=MICA\caith; CsWakeUpType=6; CsWorkgroup=WORKGROUP; OsName=Microsoft Windows 10 Pro; OsType=18; OsOperatingSystemSKU
                                  =48; OsVersion=10.0.15063; OsCSDVersion=; OsBuildNumber=15063; OsHotFixes=System.Object[]; OsBootDevice=\Device\HarddiskVolume3; OsSystemDevice=\Device\HarddiskVolume2; OsS
                                  ystemDirectory=C:\WINDOWS\system32; OsSystemDrive=C:; OsWindowsDirectory=C:\WINDOWS; OsCountryCode=420; OsCurrentTimeZone=120; OsLocaleID=0405; OsLocale=cs-CZ; OsLocalDateT
                                  ime=07.09.2017 13:38:28; OsLastBootUpTime=05.09.2017 6:09:54; OsUptime=; OsBuildType=Multiprocessor Free; OsCodeSet=1250; OsDataExecutionPreventionAvailable=True; OsDataExe
                                  cutionPrevention32BitApplications=True; OsDataExecutionPreventionDrivers=True; OsDataExecutionPreventionSupportPolicy=2; OsDebug=False; OsDistributed=False; OsEncryptionLev
                                  el=256; OsForegroundApplicationBoost=2; OsTotalVisibleMemorySize=16680356; OsFreePhysicalMemory=8156388; OsTotalVirtualMemorySize=34506148; OsFreeVirtualMemory=22165628; Os
                                  InUseVirtualMemory=12340520; OsTotalSwapSpaceSize=; OsSizeStoredInPagingFiles=17825792; OsFreeSpaceInPagingFiles=17698596; OsPagingFiles=System.Object[]; OsHardwareAbstract
                                  ionLayer=10.0.15063.502; OsInstallDate=24.03.2017 20:35:51; OsManufacturer=Microsoft Corporation; OsMaxNumberOfProcesses=4294967295; OsMaxProcessMemorySize=137438953344; Os
                                  MuiLanguages=System.Object[]; OsNumberOfLicensedUsers=0; OsNumberOfProcesses=254; OsNumberOfUsers=2; OsOrganization=; OsArchitecture=64-bit; OsLanguage=en-US; OsProductSuit
                                  es=System.Object[]; OsOtherTypeDescription=; OsPAEEnabled=; OsPortableOperatingSystem=False; OsPrimary=True; OsProductType=1; OsRegisteredUser=Windows User; OsSerialNumber=
                                  00330-80000-00000-AA628; OsServicePackMajorVersion=0; OsServicePackMinorVersion=0; OsStatus=OK; OsSuites=System.Object[]; OsServerLevel=; KeyboardLayout=00020405; TimeZone=
                                  (UTC+01:00) Belgrade, Bratislava, Budapest, Ljubljana, Prague; LogonServer=\\MICA; PowerPlatformRole=2; HyperVisorPresent=True; HyperVRequirementDataExecutionPreventionAvai
                                  lable=; HyperVRequirementSecondLevelAddressTranslation=; HyperVRequirementVirtualizationFirmwareEnabled=; HyperVRequirementVMMonitorModeExtensions=; DeviceGuardSmartStatus=
                                  0; DeviceGuardRequiredSecurityProperties=; DeviceGuardAvailableSecurityProperties=; DeviceGuardSecurityServicesConfigured=; DeviceGuardSecurityServicesRunning=; DeviceGuard
                                  CodeIntegrityPolicyEnforcementStatus=; DeviceGuardUserModeCodeIntegrityPolicyEnforcementStatus=}



PS C:\WINDOWS\system32> $hash.Active_DC
PS C:\WINDOWS\system32> $hash.Apps

DisplayName                               DisplayVersion Publisher
-----------                               -------------- ---------
Dell SupportAssist                        2.0.6875.668   Dell
Total Commander 64-bit (Remove or Repair) 9.0a           Ghisler Software GmbH


PS C:\WINDOWS\system32> $hash.services

DisplayName                                  StartType
-----------                                  ---------
Background Intelligent Transfer Service              3
Offline Files                                        2
Connected User Experiences and Telemetry             2
Diagnostic Policy Service                            2
File History Service                                 2
IKE and AuthIP IPsec Keying Modules                  2
Geolocation Service                                  3
Net.Tcp Port Sharing Service                         4
Remote Access Connection Manager                     2
Routing and Remote Access                            4
Shell Hardware Detection                             2
Shared PC Account Manager                            4
Windows Image Acquisition (WIA)                      2
Touch Keyboard and Handwriting Panel Service         4
Themes                                               2
Auto Time Zone Updater                               4
Windows Time                                         3
Windows Event Collector                              2
Windows Defender Antivirus Service                   3
Windows Remote Management (WS-Management)            3


PS C:\WINDOWS\system32> D:\SICZ\avas\avas.ps1
At D:\SICZ\avas\avas.ps1:164 char:29
+             $line1.starttype -replace "boring!$", "exciting!"
+                             ~
Missing '=' operator after key in hash literal.

At D:\SICZ\avas\avas.ps1:149 char:1
+ {
+ ~
Missing closing '}' in statement block or type definition.
    + CategoryInfo          : ParserError: (:) [], ParentContainsErrorRecordException
    + FullyQualifiedErrorId : MissingEqualsInHashLiteral

Transcript started, output file is D:\SICZ\avas\AVAS_2017_10_12.log
Transcript started, output file is ./transcript2017-10-12-10-13-30.txt
10/12/2017 10:13:30 - Nacitani json konfiguracniho souboru
Transcript started, output file is D:\SICZ\avas/debug-2017-10-12-10-13-38.log
-message pokracuji ve zpracovani
spoustim test app diff

spoustim test services diff
-replace : The term '-replace' is not recognized as the name of a cmdlet, function, script file, or operable program. Ch
eck the spelling of the name, or if a path was included, verify that the path is correct and try again.
At D:\SICZ\avas\avas.ps1:163 char:46
+             StartType   = $line1.StartType | -replace "boring!$", "ex ...
+                                              ~~~~~~~~
    + CategoryInfo          : ObjectNotFound: (-replace:String) [], CommandNotFoundException
    + FullyQualifiedErrorId : CommandNotFoundException
-replace : The term '-replace' is not recognized as the name of a cmdlet, function, script file, or operable program. Ch
eck the spelling of the name, or if a path was included, verify that the path is correct and try again.
At D:\SICZ\avas\avas.ps1:163 char:46
+             StartType   = $line1.StartType | -replace "boring!$", "ex ...
+                                              ~~~~~~~~
    + CategoryInfo          : ObjectNotFound: (-replace:String) [], CommandNotFoundException
    + FullyQualifiedErrorId : CommandNotFoundException
-replace : The term '-replace' is not recognized as the name of a cmdlet, function, script file, or operable program. Ch
eck the spelling of the name, or if a path was included, verify that the path is correct and try again.
At D:\SICZ\avas\avas.ps1:163 char:46
+             StartType   = $line1.StartType | -replace "boring!$", "ex ...
+                                              ~~~~~~~~
    + CategoryInfo          : ObjectNotFound: (-replace:String) [], CommandNotFoundException
    + FullyQualifiedErrorId : CommandNotFoundException
DisplayName                  DisplayVersion  Publisher
-----------                  --------------  ---------
Mozilla Maintenance Service  58.0a1          Mozilla
Dell Touchpad                10.2207.101.108 ALPS ELECTRIC CO., LTD.
Microsoft Visual Studio Code 1.17.0          Microsoft Corporation
-replace : The term '-replace' is not recognized as the name of a cmdlet, function, script file, or operable program. Check the spelling of the name, or if a path was included, verify that the path is corre
ct and try again.
At D:\SICZ\avas\avas.ps1:163 char:46
+             StartType   = $line1.StartType | -replace "boring!$", "ex ...
+                                              ~~~~~~~~
    + CategoryInfo          : ObjectNotFound: (-replace:String) [], CommandNotFoundException
    + FullyQualifiedErrorId : CommandNotFoundException

-replace : The term '-replace' is not recognized as the name of a cmdlet, function, script file, or operable program. Check the spelling of the name, or if a path was included, verify that the path is corre
ct and try again.
At D:\SICZ\avas\avas.ps1:163 char:46
+             StartType   = $line1.StartType | -replace "boring!$", "ex ...
+                                              ~~~~~~~~
    + CategoryInfo          : ObjectNotFound: (-replace:String) [], CommandNotFoundException
    + FullyQualifiedErrorId : CommandNotFoundException

-replace : The term '-replace' is not recognized as the name of a cmdlet, function, script file, or operable program. Check the spelling of the name, or if a path was included, verify that the path is corre
ct and try again.
At D:\SICZ\avas\avas.ps1:163 char:46
+             StartType   = $line1.StartType | -replace "boring!$", "ex ...
+                                              ~~~~~~~~
    + CategoryInfo          : ObjectNotFound: (-replace:String) [], CommandNotFoundException
    + FullyQualifiedErrorId : CommandNotFoundException

-replace : The term '-replace' is not recognized as the name of a cmdlet, function, script file, or operable program. Ch
eck the spelling of the name, or if a path was included, verify that the path is correct and try again.
At D:\SICZ\avas\avas.ps1:163 char:46
+             StartType   = $line1.StartType | -replace "boring!$", "ex ...
+                                              ~~~~~~~~
    + CategoryInfo          : ObjectNotFound: (-replace:String) [], CommandNotFoundException
    + FullyQualifiedErrorId : CommandNotFoundException
-replace : The term '-replace' is not recognized as the name of a cmdlet, function, script file, or operable program. Check the spelling of the name, or if a path was included, verify that the path is corre
ct and try again.
At D:\SICZ\avas\avas.ps1:163 char:46
+             StartType   = $line1.StartType | -replace "boring!$", "ex ...
+                                              ~~~~~~~~
    + CategoryInfo          : ObjectNotFound: (-replace:String) [], CommandNotFoundException
    + FullyQualifiedErrorId : CommandNotFoundException

-replace : The term '-replace' is not recognized as the name of a cmdlet, function, script file, or operable program. Ch
eck the spelling of the name, or if a path was included, verify that the path is correct and try again.
At D:\SICZ\avas\avas.ps1:163 char:46
+             StartType   = $line1.StartType | -replace "boring!$", "ex ...
+                                              ~~~~~~~~
    + CategoryInfo          : ObjectNotFound: (-replace:String) [], CommandNotFoundException
    + FullyQualifiedErrorId : CommandNotFoundException
-replace : The term '-replace' is not recognized as the name of a cmdlet, function, script file, or operable program. Check the spelling of the name, or if a path was included, verify that the path is corre
ct and try again.
At D:\SICZ\avas\avas.ps1:163 char:46
+             StartType   = $line1.StartType | -replace "boring!$", "ex ...
+                                              ~~~~~~~~
    + CategoryInfo          : ObjectNotFound: (-replace:String) [], CommandNotFoundException
    + FullyQualifiedErrorId : CommandNotFoundException

-replace : The term '-replace' is not recognized as the name of a cmdlet, function, script file, or operable program. Ch
eck the spelling of the name, or if a path was included, verify that the path is correct and try again.
At D:\SICZ\avas\avas.ps1:163 char:46
+             StartType   = $line1.StartType | -replace "boring!$", "ex ...
+                                              ~~~~~~~~
    + CategoryInfo          : ObjectNotFound: (-replace:String) [], CommandNotFoundException
    + FullyQualifiedErrorId : CommandNotFoundException
-replace : The term '-replace' is not recognized as the name of a cmdlet, function, script file, or operable program. Check the spelling of the name, or if a path was included, verify that the path is corre
ct and try again.
At D:\SICZ\avas\avas.ps1:163 char:46
+             StartType   = $line1.StartType | -replace "boring!$", "ex ...
+                                              ~~~~~~~~
    + CategoryInfo          : ObjectNotFound: (-replace:String) [], CommandNotFoundException
    + FullyQualifiedErrorId : CommandNotFoundException

-replace : The term '-replace' is not recognized as the name of a cmdlet, function, script file, or operable program. Ch
eck the spelling of the name, or if a path was included, verify that the path is correct and try again.
At D:\SICZ\avas\avas.ps1:163 char:46
+             StartType   = $line1.StartType | -replace "boring!$", "ex ...
+                                              ~~~~~~~~
    + CategoryInfo          : ObjectNotFound: (-replace:String) [], CommandNotFoundException
    + FullyQualifiedErrorId : CommandNotFoundException
-replace : The term '-replace' is not recognized as the name of a cmdlet, function, script file, or operable program. Check the spelling of the name, or if a path was included, verify that the path is corre
ct and try again.
At D:\SICZ\avas\avas.ps1:163 char:46
+             StartType   = $line1.StartType | -replace "boring!$", "ex ...
+                                              ~~~~~~~~
    + CategoryInfo          : ObjectNotFound: (-replace:String) [], CommandNotFoundException
    + FullyQualifiedErrorId : CommandNotFoundException

-replace : The term '-replace' is not recognized as the name of a cmdlet, function, script file, or operable program. Ch
eck the spelling of the name, or if a path was included, verify that the path is correct and try again.
At D:\SICZ\avas\avas.ps1:163 char:46
+             StartType   = $line1.StartType | -replace "boring!$", "ex ...
+                                              ~~~~~~~~
    + CategoryInfo          : ObjectNotFound: (-replace:String) [], CommandNotFoundException
    + FullyQualifiedErrorId : CommandNotFoundException
-replace : The term '-replace' is not recognized as the name of a cmdlet, function, script file, or operable program. Check the spelling of the name, or if a path was included, verify that the path is corre
ct and try again.
At D:\SICZ\avas\avas.ps1:163 char:46
+             StartType   = $line1.StartType | -replace "boring!$", "ex ...
+                                              ~~~~~~~~
    + CategoryInfo          : ObjectNotFound: (-replace:String) [], CommandNotFoundException
    + FullyQualifiedErrorId : CommandNotFoundException

-replace : The term '-replace' is not recognized as the name of a cmdlet, function, script file, or operable program. Ch
eck the spelling of the name, or if a path was included, verify that the path is correct and try again.
At D:\SICZ\avas\avas.ps1:163 char:46
+             StartType   = $line1.StartType | -replace "boring!$", "ex ...
+                                              ~~~~~~~~
    + CategoryInfo          : ObjectNotFound: (-replace:String) [], CommandNotFoundException
    + FullyQualifiedErrorId : CommandNotFoundException
-replace : The term '-replace' is not recognized as the name of a cmdlet, function, script file, or operable program. Check the spelling of the name, or if a path was included, verify that the path is corre
ct and try again.
At D:\SICZ\avas\avas.ps1:163 char:46
+             StartType   = $line1.StartType | -replace "boring!$", "ex ...
+                                              ~~~~~~~~
    + CategoryInfo          : ObjectNotFound: (-replace:String) [], CommandNotFoundException
    + FullyQualifiedErrorId : CommandNotFoundException

-replace : The term '-replace' is not recognized as the name of a cmdlet, function, script file, or operable program. Ch
eck the spelling of the name, or if a path was included, verify that the path is correct and try again.
At D:\SICZ\avas\avas.ps1:163 char:46
+             StartType   = $line1.StartType | -replace "boring!$", "ex ...
+                                              ~~~~~~~~
    + CategoryInfo          : ObjectNotFound: (-replace:String) [], CommandNotFoundException
    + FullyQualifiedErrorId : CommandNotFoundException
-replace : The term '-replace' is not recognized as the name of a cmdlet, function, script file, or operable program. Check the spelling of the name, or if a path was included, verify that the path is corre
ct and try again.
At D:\SICZ\avas\avas.ps1:163 char:46
+             StartType   = $line1.StartType | -replace "boring!$", "ex ...
+                                              ~~~~~~~~
    + CategoryInfo          : ObjectNotFound: (-replace:String) [], CommandNotFoundException
    + FullyQualifiedErrorId : CommandNotFoundException

-replace : The term '-replace' is not recognized as the name of a cmdlet, function, script file, or operable program. Ch
eck the spelling of the name, or if a path was included, verify that the path is correct and try again.
At D:\SICZ\avas\avas.ps1:163 char:46
+             StartType   = $line1.StartType | -replace "boring!$", "ex ...
+                                              ~~~~~~~~
    + CategoryInfo          : ObjectNotFound: (-replace:String) [], CommandNotFoundException
    + FullyQualifiedErrorId : CommandNotFoundException
-replace : The term '-replace' is not recognized as the name of a cmdlet, function, script file, or operable program. Check the spelling of the name, or if a path was included, verify that the path is corre
ct and try again.
At D:\SICZ\avas\avas.ps1:163 char:46
+             StartType   = $line1.StartType | -replace "boring!$", "ex ...
+                                              ~~~~~~~~
    + CategoryInfo          : ObjectNotFound: (-replace:String) [], CommandNotFoundException
    + FullyQualifiedErrorId : CommandNotFoundException

-replace : The term '-replace' is not recognized as the name of a cmdlet, function, script file, or operable program. Ch
eck the spelling of the name, or if a path was included, verify that the path is correct and try again.
At D:\SICZ\avas\avas.ps1:163 char:46
+             StartType   = $line1.StartType | -replace "boring!$", "ex ...
+                                              ~~~~~~~~
    + CategoryInfo          : ObjectNotFound: (-replace:String) [], CommandNotFoundException
    + FullyQualifiedErrorId : CommandNotFoundException
-replace : The term '-replace' is not recognized as the name of a cmdlet, function, script file, or operable program. Check the spelling of the name, or if a path was included, verify that the path is corre
ct and try again.
At D:\SICZ\avas\avas.ps1:163 char:46
+             StartType   = $line1.StartType | -replace "boring!$", "ex ...
+                                              ~~~~~~~~
    + CategoryInfo          : ObjectNotFound: (-replace:String) [], CommandNotFoundException
    + FullyQualifiedErrorId : CommandNotFoundException

spoustim test scheduled tasks diff
spoustim test hotfix diff

InputObject     SideIndicator
-----------     -------------
DESKTOP-TBE27PS =>           
DESKTOP-V056PHL <=



Cancel


Transcript started, output file is D:\SICZ\avas\AVAS_2017_10_12.log
Transcript started, output file is ./transcript2017-10-12-10-32-16.txt
10/12/2017 10:32:16 - Nacitani json konfiguracniho souboru
Transcript started, output file is D:\SICZ\avas/debug-2017-10-12-10-32-25.log
-message pokracuji ve zpracovani
spoustim test app diff

spoustim test services diff
spoustim test scheduled tasks diff
spoustim test hotfix diff
DisplayName                                  DisplayVersion  Publisher
-----------                                  --------------  ---------
Mozilla Maintenance Service                  58.0a1          Mozilla
Dell Touchpad                                10.2207.101.108 ALPS ELECTRIC CO., LTD.
Microsoft Visual Studio Code                 1.17.0          Microsoft Corporation
Background Intelligent Transfer Service
File History Service
IKE and AuthIP IPsec Keying Modules
Windows PushToInstall Service
Touch Keyboard and Handwriting Panel Service
Windows Event Collector

InputObject     SideIndicator
-----------     -------------
DESKTOP-TBE27PS =>           
DESKTOP-V056PHL <=



Cancel


PS C:\WINDOWS\system32> $hash


Apps                            : {@{DisplayName=Mozilla Maintenance Service; DisplayVersion=58.0a1; Publisher=Mozilla}, @{DisplayName=Dell Touchpad; DisplayVersion=10.2207.101.108; Publisher=ALPS ELECTRIC
                                  CO., LTD.}, @{DisplayName=Microsoft Visual Studio Code; DisplayVersion=1.17.0; Publisher=Microsoft Corporation}}
services                        : {@{DisplayName=Background Intelligent Transfer Service; StartType=3}, @{DisplayName=File History Service; StartType=2}, @{DisplayName=IKE and AuthIP IPsec Keying Modules; S
                                  tartType=2}, @{DisplayName=Windows PushToInstall Service; StartType=3}...}
scheduledtasks                  :
hotfix                          :
uwp                             :
Active_DC                       :
Allow_deviceclasses             :
Allow_deviceids                 :
Application_log_length          : 5312512
Applocker                       : {}
BIOS                            : DELL   - 6222004 | Default System BIOS
Bios_date                       : @{value=12.08.2015 0:00:00; DateTime=středa 12. srpna 2015 2:00:00}
Bitlocker                       : @{ComputerName=DESKTOP-V056PHL; MountPoint=C:; EncryptionMethod=0; AutoUnlockEnabled=; AutoUnlockKeyStored=; MetadataVersion=0; VolumeStatus=0; ProtectionStatus=0; LockStat
                                  us=0; EncryptionPercentage=0; WipePercentage=0; VolumeType=0; CapacityGB=465,223633; KeyProtector=System.Object[]}
Computerturen_root_certifikates : {@{pageHeaderEntry=; pageFooterEntry=; autosizeInfo=; shapeInfo=Microsoft.PowerShell.Commands.Internal.Format.ListViewHeaderInfo; groupingEntry=; ClassId2e4f51ef21dd47e99d3
                                  c952918aff9cd=033ecb2bc07a4d43b5ef94ed5a35d280}, @{shapeInfo=; groupingEntry=; ClassId2e4f51ef21dd47e99d3c952918aff9cd=9e210fe47d09416682b841769c78b8a3}, @{formatEntryInfo=
                                  Microsoft.PowerShell.Commands.Internal.Format.ListViewEntry; outOfBand=False; writeStream=0; ClassId2e4f51ef21dd47e99d3c952918aff9cd=27c87ef9bbda4f709f6b4002fa4af63c}, @{fo
                                  rmatEntryInfo=Microsoft.PowerShell.Commands.Internal.Format.ListViewEntry; outOfBand=False; writeStream=0; ClassId2e4f51ef21dd47e99d3c952918aff9cd=27c87ef9bbda4f709f6b4002f
                                  a4af63c}...}
ComputerName                    : DESKTOP-V056PHL
Country                         : 420
Date                            : @{value=08.09.2017 12:27:44; DisplayHint=2; DateTime=pátek 8. září 2017 14:27:44}
Default_locale                  : 00000409
Deny_deviceclasses              :
Deny_deviceids                  :
deny_UnspecifiedDevices         :
Domain                          :
Domain_dhcp                     : sicz.local
Domain_tcp                      :
AV_MS_product                   : Windows Defender
AV_MS_residenton                : False
AV_MS_scanner_build             : 1.1.14104.0
AV_MS_scanner_version           : 1.251.613.0
AV_MS_version                   : 4.12.16281.1000
rozdily                         : {@{InputObject=DESKTOP-TBE27PS; SideIndicator==>}, @{InputObject=DESKTOP-V056PHL; SideIndicator=<=}}
hdd                             : @{FileSystem=NTFS; Type=Local Fixed Disk; Volume=C:; Available=415967141888; Computer=DESKTOP-V056PHL; Used=83562926080; Size=499530067968}
pcinfo                          : @{WindowsBuildLabEx=16281.1000.amd64fre.rs3_release.170829-1438; WindowsCurrentVersion=6.3; WindowsEditionId=Enterprise; WindowsInstallationType=Client; WindowsInstallDateF
                                  romRegistry=06.09.2017 8:41:09; WindowsProductId=00329-00000-00003-AA661; WindowsProductName=Windows 10 Enterprise Insider Preview; WindowsRegisteredOrganization=; WindowsR
                                  egisteredOwner=Windows User; WindowsSystemRoot=C:\Windows; WindowsVersion=1703; BiosCharacteristics=; BiosBIOSVersion=; BiosBuildNumber=; BiosCaption=; BiosCodeSet=; BiosCu
                                  rrentLanguage=; BiosDescription=; BiosEmbeddedControllerMajorVersion=; BiosEmbeddedControllerMinorVersion=; BiosFirmwareType=; BiosIdentificationCode=; BiosInstallableLangu
                                  ages=; BiosInstallDate=; BiosLanguageEdition=; BiosListOfLanguages=; BiosManufacturer=; BiosName=; BiosOtherTargetOS=; BiosPrimaryBIOS=; BiosReleaseDate=; BiosSeralNumber=;
                                   BiosSMBIOSBIOSVersion=; BiosSMBIOSMajorVersion=; BiosSMBIOSMinorVersion=; BiosSMBIOSPresent=; BiosSoftwareElementState=; BiosStatus=; BiosSystemBiosMajorVersion=; BiosSyst
                                  emBiosMinorVersion=; BiosTargetOperatingSystem=; BiosVersion=; CsAdminPasswordStatus=; CsAutomaticManagedPagefile=; CsAutomaticResetBootOption=; CsAutomaticResetCapability=
                                  ; CsBootOptionOnLimit=; CsBootOptionOnWatchDog=; CsBootROMSupported=; CsBootStatus=; CsBootupState=; CsCaption=; CsChassisBootupState=; CsChassisSKUNumber=; CsCurrentTimeZo
                                  ne=; CsDaylightInEffect=; CsDescription=; CsDNSHostName=; CsDomain=; CsDomainRole=; CsEnableDaylightSavingsTime=; CsFrontPanelResetStatus=; CsHypervisorPresent=; CsInfrared
                                  Supported=; CsInitialLoadInfo=; CsInstallDate=; CsKeyboardPasswordStatus=; CsLastLoadInfo=; CsManufacturer=; CsModel=; CsName=; CsNetworkAdapters=; CsNetworkServerModeEnabl
                                  ed=; CsNumberOfLogicalProcessors=; CsNumberOfProcessors=; CsProcessors=; CsOEMStringArray=; CsPartOfDomain=; CsPauseAfterReset=; CsPCSystemType=; CsPCSystemTypeEx=; CsPower
                                  ManagementCapabilities=; CsPowerManagementSupported=; CsPowerOnPasswordStatus=; CsPowerState=; CsPowerSupplyState=; CsPrimaryOwnerContact=; CsPrimaryOwnerName=; CsResetCapa
                                  bility=; CsResetCount=; CsResetLimit=; CsRoles=; CsStatus=; CsSupportContactDescription=; CsSystemFamily=; CsSystemSKUNumber=; CsSystemType=; CsThermalState=; CsTotalPhysic
                                  alMemory=; CsPhyicallyInstalledMemory=; CsUserName=; CsWakeUpType=; CsWorkgroup=; OsName=; OsType=; OsOperatingSystemSKU=; OsVersion=; OsCSDVersion=; OsBuildNumber=; OsHotF
                                  ixes=; OsBootDevice=; OsSystemDevice=; OsSystemDirectory=; OsSystemDrive=; OsWindowsDirectory=; OsCountryCode=; OsCurrentTimeZone=; OsLocaleID=; OsLocale=; OsLocalDateTime=
                                  ; OsLastBootUpTime=; OsUptime=; OsBuildType=; OsCodeSet=; OsDataExecutionPreventionAvailable=; OsDataExecutionPrevention32BitApplications=; OsDataExecutionPreventionDrivers
                                  =; OsDataExecutionPreventionSupportPolicy=; OsDebug=; OsDistributed=; OsEncryptionLevel=; OsForegroundApplicationBoost=; OsTotalVisibleMemorySize=; OsFreePhysicalMemory=; O
                                  sTotalVirtualMemorySize=; OsFreeVirtualMemory=; OsInUseVirtualMemory=; OsTotalSwapSpaceSize=; OsSizeStoredInPagingFiles=; OsFreeSpaceInPagingFiles=; OsPagingFiles=; OsHardw
                                  areAbstractionLayer=; OsInstallDate=; OsManufacturer=; OsMaxNumberOfProcesses=; OsMaxProcessMemorySize=; OsMuiLanguages=; OsNumberOfLicensedUsers=; OsNumberOfProcesses=; Os
                                  NumberOfUsers=; OsOrganization=; OsArchitecture=; OsLanguage=; OsProductSuites=; OsOtherTypeDescription=; OsPAEEnabled=; OsPortableOperatingSystem=; OsPrimary=; OsProductTy
                                  pe=; OsRegisteredUser=; OsSerialNumber=; OsServicePackMajorVersion=; OsServicePackMinorVersion=; OsStatus=; OsSuites=; OsServerLevel=; KeyboardLayout=; TimeZone=(UTC+01:00)
                                   Belgrade, Bratislava, Budapest, Ljubljana, Prague; LogonServer=\\DESKTOP-V056PHL; PowerPlatformRole=2; HyperVisorPresent=; HyperVRequirementDataExecutionPreventionAvailabl
                                  e=; HyperVRequirementSecondLevelAddressTranslation=; HyperVRequirementVirtualizationFirmwareEnabled=; HyperVRequirementVMMonitorModeExtensions=; DeviceGuardSmartStatus=0; D
                                  eviceGuardRequiredSecurityProperties=; DeviceGuardAvailableSecurityProperties=; DeviceGuardSecurityServicesConfigured=; DeviceGuardSecurityServicesRunning=; DeviceGuardCode
                                  IntegrityPolicyEnforcementStatus=; DeviceGuardUserModeCodeIntegrityPolicyEnforcementStatus=}



PS C:\WINDOWS\system32> $hash.services

DisplayName                                  StartType
-----------                                  ---------
Background Intelligent Transfer Service              3
File History Service                                 2
IKE and AuthIP IPsec Keying Modules                  2
Windows PushToInstall Service                        3
Touch Keyboard and Handwriting Panel Service         4
Windows Event Collector                              2


Transcript started, output file is D:\SICZ\avas\AVAS_2017_10_12.log
Transcript started, output file is ./transcript2017-10-12-10-40-02.txt
10/12/2017 10:40:02 - Nacitani json konfiguracniho souboru
Transcript started, output file is D:\SICZ\avas/debug-2017-10-12-10-40-14.log
-message pokracuji ve zpracovani
spoustim test app diff

spoustim test services diff
spoustim test scheduled tasks diff
spoustim test hotfix diff
DisplayName                                  DisplayVersion Publisher
-----------                                  -------------- ---------
Dell SupportAssist                           2.0.6875.668   Dell
Total Commander 64-bit (Remove or Repair)    9.0a           Ghisler Software GmbH
Background Intelligent Transfer Service
Offline Files
Connected User Experiences and Telemetry
Diagnostic Policy Service
File History Service
IKE and AuthIP IPsec Keying Modules
Geolocation Service
Net.Tcp Port Sharing Service
Remote Access Connection Manager
Routing and Remote Access
Shell Hardware Detection
Shared PC Account Manager
Windows Image Acquisition (WIA)
Touch Keyboard and Handwriting Panel Service
Themes
Auto Time Zone Updater
Windows Time
Windows Event Collector
Windows Defender Antivirus Service
Windows Remote Management (WS-Management)

InputObject     SideIndicator
-----------     -------------
DESKTOP-TBE27PS =>           
MICA            <=



Cancel


Starting Script
Getting System log Information
Getting Application log Information
Getting Security log Information, this can take a while
Get-EventLog : Log "Security" could not be read to completion due to the following error. This may have occurred because
 the log was cleared while still being read. Index 108379 is out of bounds.
At D:\Users\lukas\Downloads\Frequency\FrequencyLog.ps1:580 char:16
+ ...  $Allinfo = Get-EventLog -LogName $log -EntryType Successaudit,Failur ...
+                 ~~~~~~~~~~~~~~~~~~~~~~~~~~~~~~~~~~~~~~~~~~~~~~~~~~~~~~~~~
    + CategoryInfo          : ReadError: (:) [Get-EventLog], ArgumentException
    + FullyQualifiedErrorId : LogReadError,Microsoft.PowerShell.Commands.GetEventLogCommand
Get-EventLog : Log "Security" could not be read to completion due to the following error. This may have occurred because the log was cleared while still being read. Index 108379 is out of bounds.
At D:\Users\lukas\Downloads\Frequency\FrequencyLog.ps1:580 char:16
+ ...  $Allinfo = Get-EventLog -LogName $log -EntryType Successaudit,Failur ...
+                 ~~~~~~~~~~~~~~~~~~~~~~~~~~~~~~~~~~~~~~~~~~~~~~~~~~~~~~~~~
    + CategoryInfo          : ReadError: (:) [Get-EventLog], ArgumentException
    + FullyQualifiedErrorId : LogReadError,Microsoft.PowerShell.Commands.GetEventLogCommand
Converting Data to JSON
Exporting JSON data
Creating graph.js file
Creating C:\WINDOWS\system32\Graphics20171012.htm file
Clean Up
Cleaning up variables
Stamping time
Total Time in miliseconds is: 18190.2027 ms
Finished
PS C:\WINDOWS\system32> Get-ExecutionPolicy bypass
>> TerminatingError(Get-ExecutionPolicy): "Cannot bind parameter 'Scope'. Cannot convert value "bypass" to type "Microsoft.PowerShell.ExecutionPolicyScope". Error: "Unable to match the identifier name bypass to a valid enumerator name. Specify one of the following enumerator names and try again:
Process, CurrentUser, LocalMachine, UserPolicy, MachinePolicy""
Get-ExecutionPolicy : Cannot bind parameter 'Scope'. Cannot convert value "bypass" to type "Microsoft.PowerShell.Executi
onPolicyScope". Error: "Unable to match the identifier name bypass to a valid enumerator name. Specify one of the follow
ing enumerator names and try again:
Process, CurrentUser, LocalMachine, UserPolicy, MachinePolicy"
At line:1 char:21
+ Get-ExecutionPolicy bypass
+                     ~~~~~~
    + CategoryInfo          : InvalidArgument: (:) [Get-ExecutionPolicy], ParameterBindingException
    + FullyQualifiedErrorId : CannotConvertArgumentNoMessage,Microsoft.PowerShell.Commands.GetExecutionPolicyCommand
Get-ExecutionPolicy : Cannot bind parameter 'Scope'. Cannot convert value "bypass" to type "Microsoft.PowerShell.ExecutionPolicyScope". Error: "Unable to match the identifier name bypass to a valid enumerat
or name. Specify one of the following enumerator names and try again:
Process, CurrentUser, LocalMachine, UserPolicy, MachinePolicy"
At line:1 char:21
+ Get-ExecutionPolicy bypass
+                     ~~~~~~
    + CategoryInfo          : InvalidArgument: (:) [Get-ExecutionPolicy], ParameterBindingException
    + FullyQualifiedErrorId : CannotConvertArgumentNoMessage,Microsoft.PowerShell.Commands.GetExecutionPolicyCommand

PS C:\WINDOWS\system32> Get-ExecutionPolicy unrestricted
>> TerminatingError(Get-ExecutionPolicy): "Cannot bind parameter 'Scope'. Cannot convert value "unrestricted" to type "Microsoft.PowerShell.ExecutionPolicyScope". Error: "Unable to match the identifier name unrestricted to a valid enumerator name. Specify one of the following enumerator names and try again:
Process, CurrentUser, LocalMachine, UserPolicy, MachinePolicy""
Get-ExecutionPolicy : Cannot bind parameter 'Scope'. Cannot convert value "unrestricted" to type "Microsoft.PowerShell.E
xecutionPolicyScope". Error: "Unable to match the identifier name unrestricted to a valid enumerator name. Specify one o
f the following enumerator names and try again:
Process, CurrentUser, LocalMachine, UserPolicy, MachinePolicy"
At line:1 char:21
+ Get-ExecutionPolicy unrestricted
+                     ~~~~~~~~~~~~
    + CategoryInfo          : InvalidArgument: (:) [Get-ExecutionPolicy], ParameterBindingException
    + FullyQualifiedErrorId : CannotConvertArgumentNoMessage,Microsoft.PowerShell.Commands.GetExecutionPolicyCommand
Get-ExecutionPolicy : Cannot bind parameter 'Scope'. Cannot convert value "unrestricted" to type "Microsoft.PowerShell.ExecutionPolicyScope". Error: "Unable to match the identifier name unrestricted to a va
lid enumerator name. Specify one of the following enumerator names and try again:
Process, CurrentUser, LocalMachine, UserPolicy, MachinePolicy"
At line:1 char:21
+ Get-ExecutionPolicy unrestricted
+                     ~~~~~~~~~~~~
    + CategoryInfo          : InvalidArgument: (:) [Get-ExecutionPolicy], ParameterBindingException
    + FullyQualifiedErrorId : CannotConvertArgumentNoMessage,Microsoft.PowerShell.Commands.GetExecutionPolicyCommand

PS C:\WINDOWS\system32> Get-ExecutionPolicy
RemoteSigned
PS C:\WINDOWS\system32> get-help Get-ExecutionPolicy

NAME
    Get-ExecutionPolicy

SYNOPSIS
    Gets the execution policies for the current session.


SYNTAX
    Get-ExecutionPolicy [[-Scope] {Process | CurrentUser | LocalMachine | UserPolicy | MachinePolicy}] [-List] [<CommonParameters>]


DESCRIPTION
    The Get-ExecutionPolicy cmdlet gets the execution policies for the current session.

    The execution policy is determined by execution policies that you set by using Set-ExecutionPolicy and the Group Policy settings for the Windows PowerShell execution policy. The default value is Restric
    ted.

    Without parameters, Get-ExecutionPolicy gets the execution policy that is effective in the session. You can use the List parameter to get all execution policies that affect the session or the Scope para
    meter to get the execution policy for a particular scope.

    For more information, see about_Execution_Policies (http://go.microsoft.com/fwlink/?LinkID=135170).


RELATED LINKS
    Online Version: http://go.microsoft.com/fwlink/?LinkId=821714
    Get-AuthenticodeSignature
    Set-AuthenticodeSignature
    Set-ExecutionPolicy

REMARKS
    To see the examples, type: "get-help Get-ExecutionPolicy -examples".
    For more information, type: "get-help Get-ExecutionPolicy -detailed".
    For technical information, type: "get-help Get-ExecutionPolicy -full".
    For online help, type: "get-help Get-ExecutionPolicy -online"


PS C:\WINDOWS\system32> Set-ExecutionPolicy Unrestricted
Execution Policy Change
The execution policy helps protect you from scripts that you do not trust. Changing the execution policy might expose you to the security risks described in the about_Execution_Policies help topic at https:/go.microsoft.com/fwlink/?LinkID=135170. Do you want to change the execution policy?
&Yes  Yes to &All  &No  No to A&ll  &Suspend
A
>> TerminatingError(Set-ExecutionPolicy): "Windows PowerShell updated your execution policy successfully, but the setting is overridden by a policy defined at a more specific scope.  Due to the override, your shell will retain its current effective execution policy of RemoteSigned. Type "Get-ExecutionPolicy -List" to view your execution policy settings. For more information please see "Get-Help Set-ExecutionPolicy"."
Set-ExecutionPolicy : Windows PowerShell updated your execution policy successfully, but the setting is overridden by a 
policy defined at a more specific scope.  Due to the override, your shell will retain its current effective execution po
licy of RemoteSigned. Type "Get-ExecutionPolicy -List" to view your execution policy settings. For more information plea
se see "Get-Help Set-ExecutionPolicy".
At line:1 char:1
+ Set-ExecutionPolicy Unrestricted
+ ~~~~~~~~~~~~~~~~~~~~~~~~~~~~~~~~
    + CategoryInfo          : PermissionDenied: (:) [Set-ExecutionPolicy], SecurityException
    + FullyQualifiedErrorId : ExecutionPolicyOverride,Microsoft.PowerShell.Commands.SetExecutionPolicyCommand
Set-ExecutionPolicy : Windows PowerShell updated your execution policy successfully, but the setting is overridden by a policy defined at a more specific scope.  Due to the override, your shell will retain
its current effective execution policy of RemoteSigned. Type "Get-ExecutionPolicy -List" to view your execution policy settings. For more information please see "Get-Help Set-ExecutionPolicy".
At line:1 char:1
+ Set-ExecutionPolicy Unrestricted
+ ~~~~~~~~~~~~~~~~~~~~~~~~~~~~~~~~
    + CategoryInfo          : PermissionDenied: (:) [Set-ExecutionPolicy], SecurityException
    + FullyQualifiedErrorId : ExecutionPolicyOverride,Microsoft.PowerShell.Commands.SetExecutionPolicyCommand
Starting Script
Getting System log Information
Getting Application log Information
Getting Security log Information, this can take a while
Get-EventLog : Log "Security" could not be read to completion due to the following error. This may have occurred because
 the log was cleared while still being read. Index 108379 is out of bounds.
At D:\Users\lukas\Downloads\Frequency\FrequencyLog.ps1:580 char:16
+ ...  $Allinfo = Get-EventLog -LogName $log -EntryType Successaudit,Failur ...
+                 ~~~~~~~~~~~~~~~~~~~~~~~~~~~~~~~~~~~~~~~~~~~~~~~~~~~~~~~~~
    + CategoryInfo          : ReadError: (:) [Get-EventLog], ArgumentException
    + FullyQualifiedErrorId : LogReadError,Microsoft.PowerShell.Commands.GetEventLogCommand
Get-EventLog : Log "Security" could not be read to completion due to the following error. This may have occurred because the log was cleared while still being read. Index 108379 is out of bounds.
At D:\Users\lukas\Downloads\Frequency\FrequencyLog.ps1:580 char:16
+ ...  $Allinfo = Get-EventLog -LogName $log -EntryType Successaudit,Failur ...
+                 ~~~~~~~~~~~~~~~~~~~~~~~~~~~~~~~~~~~~~~~~~~~~~~~~~~~~~~~~~
    + CategoryInfo          : ReadError: (:) [Get-EventLog], ArgumentException
    + FullyQualifiedErrorId : LogReadError,Microsoft.PowerShell.Commands.GetEventLogCommand
Converting Data to JSON
Exporting JSON data
Creating graph.js file
Creating C:\WINDOWS\system32\Graphics20171012.htm file
Clean Up
Cleaning up variables
Stamping time
Total Time in miliseconds is: 17889.8846 ms
Finished
Starting Script
Getting System log Information
Getting Application log Information
Getting Security log Information, this can take a while
Get-EventLog : Log "Security" could not be read to completion due to the following error. This may have occurred because
 the log was cleared while still being read. Index 108369 is out of bounds.
At D:\Users\lukas\Downloads\Frequency\FrequencyLog.ps1:580 char:16
+ ...  $Allinfo = Get-EventLog -LogName $log -EntryType Successaudit,Failur ...
+                 ~~~~~~~~~~~~~~~~~~~~~~~~~~~~~~~~~~~~~~~~~~~~~~~~~~~~~~~~~
    + CategoryInfo          : ReadError: (:) [Get-EventLog], ArgumentException
    + FullyQualifiedErrorId : LogReadError,Microsoft.PowerShell.Commands.GetEventLogCommand
Get-EventLog : Log "Security" could not be read to completion due to the following error. This may have occurred because the log was cleared while still being read. Index 108369 is out of bounds.
At D:\Users\lukas\Downloads\Frequency\FrequencyLog.ps1:580 char:16
+ ...  $Allinfo = Get-EventLog -LogName $log -EntryType Successaudit,Failur ...
+                 ~~~~~~~~~~~~~~~~~~~~~~~~~~~~~~~~~~~~~~~~~~~~~~~~~~~~~~~~~
    + CategoryInfo          : ReadError: (:) [Get-EventLog], ArgumentException
    + FullyQualifiedErrorId : LogReadError,Microsoft.PowerShell.Commands.GetEventLogCommand
Converting Data to JSON
Exporting JSON data
Creating graph.js file
Creating C:\WINDOWS\system32\Graphics20171012.htm file
Clean Up
Cleaning up variables
Stamping time
Total Time in miliseconds is: 18318.5552 ms
Finished
Starting Script
Getting System log Information
Getting Application log Information
Getting Security log Information, this can take a while
Get-EventLog : Log "Security" could not be read to completion due to the following error. This may have occurred because
 the log was cleared while still being read. Index 108397 is out of bounds.
At D:\Users\lukas\Downloads\Frequency\FrequencyLog.ps1:580 char:16
+ ...  $Allinfo = Get-EventLog -LogName $log -EntryType Successaudit,Failur ...
+                 ~~~~~~~~~~~~~~~~~~~~~~~~~~~~~~~~~~~~~~~~~~~~~~~~~~~~~~~~~
    + CategoryInfo          : ReadError: (:) [Get-EventLog], ArgumentException
    + FullyQualifiedErrorId : LogReadError,Microsoft.PowerShell.Commands.GetEventLogCommand
Get-EventLog : Log "Security" could not be read to completion due to the following error. This may have occurred because the log was cleared while still being read. Index 108397 is out of bounds.
At D:\Users\lukas\Downloads\Frequency\FrequencyLog.ps1:580 char:16
+ ...  $Allinfo = Get-EventLog -LogName $log -EntryType Successaudit,Failur ...
+                 ~~~~~~~~~~~~~~~~~~~~~~~~~~~~~~~~~~~~~~~~~~~~~~~~~~~~~~~~~
    + CategoryInfo          : ReadError: (:) [Get-EventLog], ArgumentException
    + FullyQualifiedErrorId : LogReadError,Microsoft.PowerShell.Commands.GetEventLogCommand
Converting Data to JSON
Exporting JSON data
Creating graph.js file
Creating C:\WINDOWS\system32\Graphics20171012.htm file
Clean Up
Cleaning up variables
Stamping time
Total Time in miliseconds is: 19905.4718 ms
Finished
Starting Script
Getting System log Information
Getting Application log Information
Getting Security log Information, this can take a while
Get-EventLog : Log "Security" could not be read to completion due to the following error. This may have occurred because
 the log was cleared while still being read. Index 108325 is out of bounds.
At D:\Users\lukas\Downloads\Frequency\FrequencyLog.ps1:580 char:16
+ ...  $Allinfo = Get-EventLog -LogName $log -EntryType Successaudit,Failur ...
+                 ~~~~~~~~~~~~~~~~~~~~~~~~~~~~~~~~~~~~~~~~~~~~~~~~~~~~~~~~~
    + CategoryInfo          : ReadError: (:) [Get-EventLog], ArgumentException
    + FullyQualifiedErrorId : LogReadError,Microsoft.PowerShell.Commands.GetEventLogCommand
Get-EventLog : Log "Security" could not be read to completion due to the following error. This may have occurred because the log was cleared while still being read. Index 108325 is out of bounds.
At D:\Users\lukas\Downloads\Frequency\FrequencyLog.ps1:580 char:16
+ ...  $Allinfo = Get-EventLog -LogName $log -EntryType Successaudit,Failur ...
+                 ~~~~~~~~~~~~~~~~~~~~~~~~~~~~~~~~~~~~~~~~~~~~~~~~~~~~~~~~~
    + CategoryInfo          : ReadError: (:) [Get-EventLog], ArgumentException
    + FullyQualifiedErrorId : LogReadError,Microsoft.PowerShell.Commands.GetEventLogCommand
Converting Data to JSON
Exporting JSON data
Creating graph.js file
Creating C:\WINDOWS\system32\Graphics20171012.htm file
Clean Up
Cleaning up variables
Stamping time
Total Time in miliseconds is: 22913.753 ms
Finished
Starting Script
Getting System log Information
Getting Application log Information
Getting Security log Information, this can take a while
Get-EventLog : Log "Security" could not be read to completion due to the following error. This may have occurred because
 the log was cleared while still being read. Index 108418 is out of bounds.
At D:\Users\lukas\Downloads\Frequency\FrequencyLog.ps1:580 char:16
+ ...  $Allinfo = Get-EventLog -LogName $log -EntryType Successaudit,Failur ...
+                 ~~~~~~~~~~~~~~~~~~~~~~~~~~~~~~~~~~~~~~~~~~~~~~~~~~~~~~~~~
    + CategoryInfo          : ReadError: (:) [Get-EventLog], ArgumentException
    + FullyQualifiedErrorId : LogReadError,Microsoft.PowerShell.Commands.GetEventLogCommand
Get-EventLog : Log "Security" could not be read to completion due to the following error. This may have occurred because the log was cleared while still being read. Index 108418 is out of bounds.
At D:\Users\lukas\Downloads\Frequency\FrequencyLog.ps1:580 char:16
+ ...  $Allinfo = Get-EventLog -LogName $log -EntryType Successaudit,Failur ...
+                 ~~~~~~~~~~~~~~~~~~~~~~~~~~~~~~~~~~~~~~~~~~~~~~~~~~~~~~~~~
    + CategoryInfo          : ReadError: (:) [Get-EventLog], ArgumentException
    + FullyQualifiedErrorId : LogReadError,Microsoft.PowerShell.Commands.GetEventLogCommand
Converting Data to JSON
Exporting JSON data
Creating graph.js file
Creating C:\WINDOWS\system32\Graphics20171012.htm file
Clean Up
Cleaning up variables
Stamping time
Total Time in miliseconds is: 21045.3994 ms
Finished
