**********************
Windows PowerShell transcript start
Start time: 20171013103002
Username: LUKA-NTB\lukas
RunAs User: LUKA-NTB\lukas
Configuration Name: 
Machine: LUKA-NTB (Microsoft Windows NT 10.0.17004.0)
Host Application: C:\Windows\System32\WindowsPowerShell\v1.0\powershell.exe -Command if((Get-ExecutionPolicy ) -ne 'AllSigned') { Set-ExecutionPolicy -Scope Process Bypass }; & 'D:\SICZ\avas\avas.ps1'
Process ID: 17148
PSVersion: 5.1.17004.1000
PSEdition: Desktop
PSCompatibleVersions: 1.0, 2.0, 3.0, 4.0, 5.0, 5.1.17004.1000
BuildVersion: 10.0.17004.1000
CLRVersion: 4.0.30319.42000
WSManStackVersion: 3.0
PSRemotingProtocolVersion: 2.3
SerializationVersion: 1.1.0.1
**********************
Transcript started, output file is D:\SICZ\avas/debug-2017-10-13-10-30-02.log
-message pokracuji ve zpracovani
spoustim test app diff

spoustim test services diff
spoustim test scheduled tasks diff
spoustim test hotfix diff
DisplayName                                  DisplayVersion Publisher
-----------                                  -------------- ---------
Dell SupportAssist                           2.0.6875.668   Dell
Total Commander 64-bit (Remove or Repair)    9.0a           Ghisler Software GmbH
Background Intelligent Transfer Service
Offline Files
Connected User Experiences and Telemetry
Diagnostic Policy Service
File History Service
IKE and AuthIP IPsec Keying Modules
Geolocation Service
Net.Tcp Port Sharing Service
Remote Access Connection Manager
Routing and Remote Access
Shell Hardware Detection
Shared PC Account Manager
Windows Image Acquisition (WIA)
Touch Keyboard and Handwriting Panel Service
Themes
Auto Time Zone Updater
Windows Time
Windows Event Collector
Windows Defender Antivirus Service
Windows Remote Management (WS-Management)

InputObject     SideIndicator
-----------     -------------
DESKTOP-TBE27PS =>           
MICA            <=



checktest : The term 'checktest' is not recognized as the name of a cmdlet, function, script file, or operable program. 
Check the spelling of the name, or if a path was included, verify that the path is correct and try again.
At D:\SICZ\avas\avas.ps1:416 char:5
+     checktest
+     ~~~~~~~~~
    + CategoryInfo          : ObjectNotFound: (checktest:String) [], CommandNotFoundException
    + FullyQualifiedErrorId : CommandNotFoundException
checktest : The term 'checktest' is not recognized as the name of a cmdlet, function, script file, or operable program.
 Check the spelling of the name, or if a path was included, verify that the path is correct and try again.
At D:\SICZ\avas\avas.ps1:416 char:5
+     checktest
+     ~~~~~~~~~
    + CategoryInfo          : ObjectNotFound: (checktest:String) [], CommandNotFoundException
    + FullyQualifiedErrorId : CommandNotFoundException



PS>$global:?
True
**********************
Windows PowerShell transcript end
End time: 20171013103010
**********************
