**********************
Windows PowerShell transcript start
Start time: 20171012104014
Username: DESKTOP-TBE27PS\lukas
RunAs User: DESKTOP-TBE27PS\lukas
Configuration Name: 
Machine: DESKTOP-TBE27PS (Microsoft Windows NT 10.0.17004.0)
Host Application: C:\Windows\System32\WindowsPowerShell\v1.0\powershell_ise.exe
Process ID: 2008
PSVersion: 5.1.17004.1000
PSEdition: Desktop
PSCompatibleVersions: 1.0, 2.0, 3.0, 4.0, 5.0, 5.1.17004.1000
BuildVersion: 10.0.17004.1000
CLRVersion: 4.0.30319.42000
WSManStackVersion: 3.0
PSRemotingProtocolVersion: 2.3
SerializationVersion: 1.1.0.1
**********************
Transcript started, output file is D:\SICZ\avas/debug-2017-10-12-10-40-14.log
-message pokracuji ve zpracovani
spoustim test app diff

spoustim test services diff
spoustim test scheduled tasks diff
spoustim test hotfix diff
DisplayName                                  DisplayVersion Publisher
-----------                                  -------------- ---------
Dell SupportAssist                           2.0.6875.668   Dell
Total Commander 64-bit (Remove or Repair)    9.0a           Ghisler Software GmbH
Background Intelligent Transfer Service
Offline Files
Connected User Experiences and Telemetry
Diagnostic Policy Service
File History Service
IKE and AuthIP IPsec Keying Modules
Geolocation Service
Net.Tcp Port Sharing Service
Remote Access Connection Manager
Routing and Remote Access
Shell Hardware Detection
Shared PC Account Manager
Windows Image Acquisition (WIA)
Touch Keyboard and Handwriting Panel Service
Themes
Auto Time Zone Updater
Windows Time
Windows Event Collector
Windows Defender Antivirus Service
Windows Remote Management (WS-Management)

InputObject     SideIndicator
-----------     -------------
DESKTOP-TBE27PS =>           
MICA            <=



Cancel


Starting Script
Getting System log Information
Getting Application log Information
Getting Security log Information, this can take a while
Get-EventLog : Log "Security" could not be read to completion due to the following error. This may have occurred because
 the log was cleared while still being read. Index 108379 is out of bounds.
At D:\Users\lukas\Downloads\Frequency\FrequencyLog.ps1:580 char:16
+ ...  $Allinfo = Get-EventLog -LogName $log -EntryType Successaudit,Failur ...
+                 ~~~~~~~~~~~~~~~~~~~~~~~~~~~~~~~~~~~~~~~~~~~~~~~~~~~~~~~~~
    + CategoryInfo          : ReadError: (:) [Get-EventLog], ArgumentException
    + FullyQualifiedErrorId : LogReadError,Microsoft.PowerShell.Commands.GetEventLogCommand
Get-EventLog : Log "Security" could not be read to completion due to the following error. This may have occurred because the log was cleared while still being read. Index 108379 is out of bounds.
At D:\Users\lukas\Downloads\Frequency\FrequencyLog.ps1:580 char:16
+ ...  $Allinfo = Get-EventLog -LogName $log -EntryType Successaudit,Failur ...
+                 ~~~~~~~~~~~~~~~~~~~~~~~~~~~~~~~~~~~~~~~~~~~~~~~~~~~~~~~~~
    + CategoryInfo          : ReadError: (:) [Get-EventLog], ArgumentException
    + FullyQualifiedErrorId : LogReadError,Microsoft.PowerShell.Commands.GetEventLogCommand
Converting Data to JSON
Exporting JSON data
Creating graph.js file
Creating C:\WINDOWS\system32\Graphics20171012.htm file
Clean Up
Cleaning up variables
Stamping time
Total Time in miliseconds is: 18190.2027 ms
Finished
PS C:\WINDOWS\system32> Get-ExecutionPolicy bypass
>> TerminatingError(Get-ExecutionPolicy): "Cannot bind parameter 'Scope'. Cannot convert value "bypass" to type "Microsoft.PowerShell.ExecutionPolicyScope". Error: "Unable to match the identifier name bypass to a valid enumerator name. Specify one of the following enumerator names and try again:
Process, CurrentUser, LocalMachine, UserPolicy, MachinePolicy""
Get-ExecutionPolicy : Cannot bind parameter 'Scope'. Cannot convert value "bypass" to type "Microsoft.PowerShell.Executi
onPolicyScope". Error: "Unable to match the identifier name bypass to a valid enumerator name. Specify one of the follow
ing enumerator names and try again:
Process, CurrentUser, LocalMachine, UserPolicy, MachinePolicy"
At line:1 char:21
+ Get-ExecutionPolicy bypass
+                     ~~~~~~
    + CategoryInfo          : InvalidArgument: (:) [Get-ExecutionPolicy], ParameterBindingException
    + FullyQualifiedErrorId : CannotConvertArgumentNoMessage,Microsoft.PowerShell.Commands.GetExecutionPolicyCommand
Get-ExecutionPolicy : Cannot bind parameter 'Scope'. Cannot convert value "bypass" to type "Microsoft.PowerShell.ExecutionPolicyScope". Error: "Unable to match the identifier name bypass to a valid enumerat
or name. Specify one of the following enumerator names and try again:
Process, CurrentUser, LocalMachine, UserPolicy, MachinePolicy"
At line:1 char:21
+ Get-ExecutionPolicy bypass
+                     ~~~~~~
    + CategoryInfo          : InvalidArgument: (:) [Get-ExecutionPolicy], ParameterBindingException
    + FullyQualifiedErrorId : CannotConvertArgumentNoMessage,Microsoft.PowerShell.Commands.GetExecutionPolicyCommand

PS C:\WINDOWS\system32> Get-ExecutionPolicy unrestricted
>> TerminatingError(Get-ExecutionPolicy): "Cannot bind parameter 'Scope'. Cannot convert value "unrestricted" to type "Microsoft.PowerShell.ExecutionPolicyScope". Error: "Unable to match the identifier name unrestricted to a valid enumerator name. Specify one of the following enumerator names and try again:
Process, CurrentUser, LocalMachine, UserPolicy, MachinePolicy""
Get-ExecutionPolicy : Cannot bind parameter 'Scope'. Cannot convert value "unrestricted" to type "Microsoft.PowerShell.E
xecutionPolicyScope". Error: "Unable to match the identifier name unrestricted to a valid enumerator name. Specify one o
f the following enumerator names and try again:
Process, CurrentUser, LocalMachine, UserPolicy, MachinePolicy"
At line:1 char:21
+ Get-ExecutionPolicy unrestricted
+                     ~~~~~~~~~~~~
    + CategoryInfo          : InvalidArgument: (:) [Get-ExecutionPolicy], ParameterBindingException
    + FullyQualifiedErrorId : CannotConvertArgumentNoMessage,Microsoft.PowerShell.Commands.GetExecutionPolicyCommand
Get-ExecutionPolicy : Cannot bind parameter 'Scope'. Cannot convert value "unrestricted" to type "Microsoft.PowerShell.ExecutionPolicyScope". Error: "Unable to match the identifier name unrestricted to a va
lid enumerator name. Specify one of the following enumerator names and try again:
Process, CurrentUser, LocalMachine, UserPolicy, MachinePolicy"
At line:1 char:21
+ Get-ExecutionPolicy unrestricted
+                     ~~~~~~~~~~~~
    + CategoryInfo          : InvalidArgument: (:) [Get-ExecutionPolicy], ParameterBindingException
    + FullyQualifiedErrorId : CannotConvertArgumentNoMessage,Microsoft.PowerShell.Commands.GetExecutionPolicyCommand

PS C:\WINDOWS\system32> Get-ExecutionPolicy
RemoteSigned
PS C:\WINDOWS\system32> get-help Get-ExecutionPolicy

NAME
    Get-ExecutionPolicy

SYNOPSIS
    Gets the execution policies for the current session.


SYNTAX
    Get-ExecutionPolicy [[-Scope] {Process | CurrentUser | LocalMachine | UserPolicy | MachinePolicy}] [-List] [<CommonParameters>]


DESCRIPTION
    The Get-ExecutionPolicy cmdlet gets the execution policies for the current session.

    The execution policy is determined by execution policies that you set by using Set-ExecutionPolicy and the Group Policy settings for the Windows PowerShell execution policy. The default value is Restric
    ted.

    Without parameters, Get-ExecutionPolicy gets the execution policy that is effective in the session. You can use the List parameter to get all execution policies that affect the session or the Scope para
    meter to get the execution policy for a particular scope.

    For more information, see about_Execution_Policies (http://go.microsoft.com/fwlink/?LinkID=135170).


RELATED LINKS
    Online Version: http://go.microsoft.com/fwlink/?LinkId=821714
    Get-AuthenticodeSignature
    Set-AuthenticodeSignature
    Set-ExecutionPolicy

REMARKS
    To see the examples, type: "get-help Get-ExecutionPolicy -examples".
    For more information, type: "get-help Get-ExecutionPolicy -detailed".
    For technical information, type: "get-help Get-ExecutionPolicy -full".
    For online help, type: "get-help Get-ExecutionPolicy -online"


PS C:\WINDOWS\system32> Set-ExecutionPolicy Unrestricted
Execution Policy Change
The execution policy helps protect you from scripts that you do not trust. Changing the execution policy might expose you to the security risks described in the about_Execution_Policies help topic at https:/go.microsoft.com/fwlink/?LinkID=135170. Do you want to change the execution policy?
&Yes  Yes to &All  &No  No to A&ll  &Suspend
A
>> TerminatingError(Set-ExecutionPolicy): "Windows PowerShell updated your execution policy successfully, but the setting is overridden by a policy defined at a more specific scope.  Due to the override, your shell will retain its current effective execution policy of RemoteSigned. Type "Get-ExecutionPolicy -List" to view your execution policy settings. For more information please see "Get-Help Set-ExecutionPolicy"."
Set-ExecutionPolicy : Windows PowerShell updated your execution policy successfully, but the setting is overridden by a 
policy defined at a more specific scope.  Due to the override, your shell will retain its current effective execution po
licy of RemoteSigned. Type "Get-ExecutionPolicy -List" to view your execution policy settings. For more information plea
se see "Get-Help Set-ExecutionPolicy".
At line:1 char:1
+ Set-ExecutionPolicy Unrestricted
+ ~~~~~~~~~~~~~~~~~~~~~~~~~~~~~~~~
    + CategoryInfo          : PermissionDenied: (:) [Set-ExecutionPolicy], SecurityException
    + FullyQualifiedErrorId : ExecutionPolicyOverride,Microsoft.PowerShell.Commands.SetExecutionPolicyCommand
Set-ExecutionPolicy : Windows PowerShell updated your execution policy successfully, but the setting is overridden by a policy defined at a more specific scope.  Due to the override, your shell will retain
its current effective execution policy of RemoteSigned. Type "Get-ExecutionPolicy -List" to view your execution policy settings. For more information please see "Get-Help Set-ExecutionPolicy".
At line:1 char:1
+ Set-ExecutionPolicy Unrestricted
+ ~~~~~~~~~~~~~~~~~~~~~~~~~~~~~~~~
    + CategoryInfo          : PermissionDenied: (:) [Set-ExecutionPolicy], SecurityException
    + FullyQualifiedErrorId : ExecutionPolicyOverride,Microsoft.PowerShell.Commands.SetExecutionPolicyCommand
Starting Script
Getting System log Information
Getting Application log Information
Getting Security log Information, this can take a while
Get-EventLog : Log "Security" could not be read to completion due to the following error. This may have occurred because
 the log was cleared while still being read. Index 108379 is out of bounds.
At D:\Users\lukas\Downloads\Frequency\FrequencyLog.ps1:580 char:16
+ ...  $Allinfo = Get-EventLog -LogName $log -EntryType Successaudit,Failur ...
+                 ~~~~~~~~~~~~~~~~~~~~~~~~~~~~~~~~~~~~~~~~~~~~~~~~~~~~~~~~~
    + CategoryInfo          : ReadError: (:) [Get-EventLog], ArgumentException
    + FullyQualifiedErrorId : LogReadError,Microsoft.PowerShell.Commands.GetEventLogCommand
Get-EventLog : Log "Security" could not be read to completion due to the following error. This may have occurred because the log was cleared while still being read. Index 108379 is out of bounds.
At D:\Users\lukas\Downloads\Frequency\FrequencyLog.ps1:580 char:16
+ ...  $Allinfo = Get-EventLog -LogName $log -EntryType Successaudit,Failur ...
+                 ~~~~~~~~~~~~~~~~~~~~~~~~~~~~~~~~~~~~~~~~~~~~~~~~~~~~~~~~~
    + CategoryInfo          : ReadError: (:) [Get-EventLog], ArgumentException
    + FullyQualifiedErrorId : LogReadError,Microsoft.PowerShell.Commands.GetEventLogCommand
Converting Data to JSON
Exporting JSON data
Creating graph.js file
Creating C:\WINDOWS\system32\Graphics20171012.htm file
Clean Up
Cleaning up variables
Stamping time
Total Time in miliseconds is: 17889.8846 ms
Finished
Starting Script
Getting System log Information
Getting Application log Information
Getting Security log Information, this can take a while
Get-EventLog : Log "Security" could not be read to completion due to the following error. This may have occurred because
 the log was cleared while still being read. Index 108369 is out of bounds.
At D:\Users\lukas\Downloads\Frequency\FrequencyLog.ps1:580 char:16
+ ...  $Allinfo = Get-EventLog -LogName $log -EntryType Successaudit,Failur ...
+                 ~~~~~~~~~~~~~~~~~~~~~~~~~~~~~~~~~~~~~~~~~~~~~~~~~~~~~~~~~
    + CategoryInfo          : ReadError: (:) [Get-EventLog], ArgumentException
    + FullyQualifiedErrorId : LogReadError,Microsoft.PowerShell.Commands.GetEventLogCommand
Get-EventLog : Log "Security" could not be read to completion due to the following error. This may have occurred because the log was cleared while still being read. Index 108369 is out of bounds.
At D:\Users\lukas\Downloads\Frequency\FrequencyLog.ps1:580 char:16
+ ...  $Allinfo = Get-EventLog -LogName $log -EntryType Successaudit,Failur ...
+                 ~~~~~~~~~~~~~~~~~~~~~~~~~~~~~~~~~~~~~~~~~~~~~~~~~~~~~~~~~
    + CategoryInfo          : ReadError: (:) [Get-EventLog], ArgumentException
    + FullyQualifiedErrorId : LogReadError,Microsoft.PowerShell.Commands.GetEventLogCommand
Converting Data to JSON
Exporting JSON data
Creating graph.js file
Creating C:\WINDOWS\system32\Graphics20171012.htm file
Clean Up
Cleaning up variables
Stamping time
Total Time in miliseconds is: 18318.5552 ms
Finished
Starting Script
Getting System log Information
Getting Application log Information
Getting Security log Information, this can take a while
Get-EventLog : Log "Security" could not be read to completion due to the following error. This may have occurred because
 the log was cleared while still being read. Index 108397 is out of bounds.
At D:\Users\lukas\Downloads\Frequency\FrequencyLog.ps1:580 char:16
+ ...  $Allinfo = Get-EventLog -LogName $log -EntryType Successaudit,Failur ...
+                 ~~~~~~~~~~~~~~~~~~~~~~~~~~~~~~~~~~~~~~~~~~~~~~~~~~~~~~~~~
    + CategoryInfo          : ReadError: (:) [Get-EventLog], ArgumentException
    + FullyQualifiedErrorId : LogReadError,Microsoft.PowerShell.Commands.GetEventLogCommand
Get-EventLog : Log "Security" could not be read to completion due to the following error. This may have occurred because the log was cleared while still being read. Index 108397 is out of bounds.
At D:\Users\lukas\Downloads\Frequency\FrequencyLog.ps1:580 char:16
+ ...  $Allinfo = Get-EventLog -LogName $log -EntryType Successaudit,Failur ...
+                 ~~~~~~~~~~~~~~~~~~~~~~~~~~~~~~~~~~~~~~~~~~~~~~~~~~~~~~~~~
    + CategoryInfo          : ReadError: (:) [Get-EventLog], ArgumentException
    + FullyQualifiedErrorId : LogReadError,Microsoft.PowerShell.Commands.GetEventLogCommand
Converting Data to JSON
Exporting JSON data
Creating graph.js file
Creating C:\WINDOWS\system32\Graphics20171012.htm file
Clean Up
Cleaning up variables
Stamping time
Total Time in miliseconds is: 19905.4718 ms
Finished
Starting Script
Getting System log Information
Getting Application log Information
Getting Security log Information, this can take a while
Get-EventLog : Log "Security" could not be read to completion due to the following error. This may have occurred because
 the log was cleared while still being read. Index 108325 is out of bounds.
At D:\Users\lukas\Downloads\Frequency\FrequencyLog.ps1:580 char:16
+ ...  $Allinfo = Get-EventLog -LogName $log -EntryType Successaudit,Failur ...
+                 ~~~~~~~~~~~~~~~~~~~~~~~~~~~~~~~~~~~~~~~~~~~~~~~~~~~~~~~~~
    + CategoryInfo          : ReadError: (:) [Get-EventLog], ArgumentException
    + FullyQualifiedErrorId : LogReadError,Microsoft.PowerShell.Commands.GetEventLogCommand
Get-EventLog : Log "Security" could not be read to completion due to the following error. This may have occurred because the log was cleared while still being read. Index 108325 is out of bounds.
At D:\Users\lukas\Downloads\Frequency\FrequencyLog.ps1:580 char:16
+ ...  $Allinfo = Get-EventLog -LogName $log -EntryType Successaudit,Failur ...
+                 ~~~~~~~~~~~~~~~~~~~~~~~~~~~~~~~~~~~~~~~~~~~~~~~~~~~~~~~~~
    + CategoryInfo          : ReadError: (:) [Get-EventLog], ArgumentException
    + FullyQualifiedErrorId : LogReadError,Microsoft.PowerShell.Commands.GetEventLogCommand
Converting Data to JSON
Exporting JSON data
Creating graph.js file
Creating C:\WINDOWS\system32\Graphics20171012.htm file
Clean Up
Cleaning up variables
Stamping time
Total Time in miliseconds is: 22913.753 ms
Finished
Starting Script
Getting System log Information
Getting Application log Information
Getting Security log Information, this can take a while
Get-EventLog : Log "Security" could not be read to completion due to the following error. This may have occurred because
 the log was cleared while still being read. Index 108418 is out of bounds.
At D:\Users\lukas\Downloads\Frequency\FrequencyLog.ps1:580 char:16
+ ...  $Allinfo = Get-EventLog -LogName $log -EntryType Successaudit,Failur ...
+                 ~~~~~~~~~~~~~~~~~~~~~~~~~~~~~~~~~~~~~~~~~~~~~~~~~~~~~~~~~
    + CategoryInfo          : ReadError: (:) [Get-EventLog], ArgumentException
    + FullyQualifiedErrorId : LogReadError,Microsoft.PowerShell.Commands.GetEventLogCommand
Get-EventLog : Log "Security" could not be read to completion due to the following error. This may have occurred because the log was cleared while still being read. Index 108418 is out of bounds.
At D:\Users\lukas\Downloads\Frequency\FrequencyLog.ps1:580 char:16
+ ...  $Allinfo = Get-EventLog -LogName $log -EntryType Successaudit,Failur ...
+                 ~~~~~~~~~~~~~~~~~~~~~~~~~~~~~~~~~~~~~~~~~~~~~~~~~~~~~~~~~
    + CategoryInfo          : ReadError: (:) [Get-EventLog], ArgumentException
    + FullyQualifiedErrorId : LogReadError,Microsoft.PowerShell.Commands.GetEventLogCommand
Converting Data to JSON
Exporting JSON data
Creating graph.js file
Creating C:\WINDOWS\system32\Graphics20171012.htm file
Clean Up
Cleaning up variables
Stamping time
Total Time in miliseconds is: 21045.3994 ms
Finished
**********************
Windows PowerShell transcript end
End time: 20171012120122
**********************
