**********************
Windows PowerShell transcript start
Start time: 20171016163549
Username: LUKA-NTB\lukas
RunAs User: LUKA-NTB\lukas
Configuration Name: 
Machine: LUKA-NTB (Microsoft Windows NT 10.0.17017.0)
Host Application: C:\Windows\System32\WindowsPowerShell\v1.0\powershell_ise.exe
Process ID: 3016
PSVersion: 5.1.17017.1000
PSEdition: Desktop
PSCompatibleVersions: 1.0, 2.0, 3.0, 4.0, 5.0, 5.1.17017.1000
BuildVersion: 10.0.17017.1000
CLRVersion: 4.0.30319.42000
WSManStackVersion: 3.0
PSRemotingProtocolVersion: 2.3
SerializationVersion: 1.1.0.1
**********************
Transcript started, output file is D:\SICZ\avas/debug-2017-10-16-04-35-49.log
-message pokracuji ve zpracovani
spoustim test app diff
spoustim test services diff

spoustim test scheduled tasks diff
spoustim test hotfix diff
DisplayName                                  StartType
-----------                                  ---------
Background Intelligent Transfer Service              3
Offline Files                                        2
Optimize drives                                      3
Device Association Service                           2
Delivery Optimization                                2
File History Service                                 2
IKE and AuthIP IPsec Keying Modules                  2
Touch Keyboard and Handwriting Panel Service         4
Windows Event Collector                              2
Windows Defender Antivirus Service                   3
Windows Remote Management (WS-Management)            3





































































































































































































































































































































































































































































































































































































































































































































































































































































































































































































































































































pridavam hash noteproperty



