**********************
Windows PowerShell transcript start
Start time: 20171009163541
Username: DESKTOP-TBE27PS\lukas
RunAs User: DESKTOP-TBE27PS\lukas
Configuration Name: 
Machine: DESKTOP-TBE27PS (Microsoft Windows NT 10.0.17004.0)
Host Application: C:\Windows\System32\WindowsPowerShell\v1.0\powershell_ise.exe
Process ID: 9864
PSVersion: 5.1.17004.1000
PSEdition: Desktop
PSCompatibleVersions: 1.0, 2.0, 3.0, 4.0, 5.0, 5.1.17004.1000
BuildVersion: 10.0.17004.1000
CLRVersion: 4.0.30319.42000
WSManStackVersion: 3.0
PSRemotingProtocolVersion: 2.3
SerializationVersion: 1.1.0.1
**********************
PS C:\WINDOWS\system32> ParameterBinding(Trace-SteroidsOutput): name="InputObject"; value="Transcript started, output file is D:\SICZ\avas/debug-2017-10-09-04-35-41.log"
Transcript started, output file is D:\SICZ\avas/debug-2017-10-09-04-35-41.log
-message pokracuji ve zpracovani
spoustim test app diff
PS C:\WINDOWS\system32> ParameterBinding(Trace-SteroidsOutput): name="InputObject"; value="@{DisplayName=Total Commander 64-bit (Remove or Repair); DisplayVersion=9.0a; Publisher=Ghisler Software GmbH}"

>> ParameterBinding(Trace-SteroidsOutput): name="InputObject"; value="@{DisplayName=Dell Touchpad; DisplayVersion=8.1206.101.112; Publisher=ALPS ELECTRIC CO., LTD.}"
spoustim test services diff
PS C:\WINDOWS\system32> ParameterBinding(Trace-SteroidsOutput): name="InputObject"; value="@{DisplayName=Offline Files; StartType=2}"
>> ParameterBinding(Trace-SteroidsOutput): name="InputObject"; value="@{DisplayName=Connected User Experiences and Telemetry; StartType=2}"
>> ParameterBinding(Trace-SteroidsOutput): name="InputObject"; value="@{DisplayName=Diagnostic Policy Service; StartType=2}"
>> ParameterBinding(Trace-SteroidsOutput): name="InputObject"; value="@{DisplayName=Geolocation Service; StartType=3}"
>> ParameterBinding(Trace-SteroidsOutput): name="InputObject"; value="@{DisplayName=Net.Tcp Port Sharing Service; StartType=4}"
>> ParameterBinding(Trace-SteroidsOutput): name="InputObject"; value="@{DisplayName=Remote Access Connection Manager; StartType=2}"
>> ParameterBinding(Trace-SteroidsOutput): name="InputObject"; value="@{DisplayName=Routing and Remote Access; StartType=4}"
>> ParameterBinding(Trace-SteroidsOutput): name="InputObject"; value="@{DisplayName=Shell Hardware Detection; StartType=2}"
>> ParameterBinding(Trace-SteroidsOutput): name="InputObject"; value="@{DisplayName=Shared PC Account Manager; StartType=4}"
>> ParameterBinding(Trace-SteroidsOutput): name="InputObject"; value="@{DisplayName=Windows Image Acquisition (WIA); StartType=2}"
>> ParameterBinding(Trace-SteroidsOutput): name="InputObject"; value="@{DisplayName=Themes; StartType=2}"
>> ParameterBinding(Trace-SteroidsOutput): name="InputObject"; value="@{DisplayName=Tile Data model server; StartType=3}"
>> ParameterBinding(Trace-SteroidsOutput): name="InputObject"; value="@{DisplayName=Auto Time Zone Updater; StartType=4}"
>> ParameterBinding(Trace-SteroidsOutput): name="InputObject"; value="@{DisplayName=Windows Time; StartType=3}"
>> ParameterBinding(Trace-SteroidsOutput): name="InputObject"; value="@{DisplayName=Windows Defender Antivirus Service; StartType=3}"
>> ParameterBinding(Trace-SteroidsOutput): name="InputObject"; value="@{DisplayName=Windows Remote Management (WS-Management); StartType=3}"
spoustim test scheduled tasks diff
spoustim test hotfix diff
PS C:\WINDOWS\system32> ParameterBinding(Trace-SteroidsOutput): name="InputObject"; value="@{Name=Microsoft.BioEnrollment; PackageFullName=Microsoft.BioEnrollment_10.0.14393.0_neutral__cw5n1h2txyewy}"
DisplayName                               DisplayVersion Publisher
-----------                               -------------- ---------
Total Commander 64-bit (Remove or Repair) 9.0a           Ghisler Software GmbH
Dell Touchpad                             8.1206.101.112 ALPS ELECTRIC CO., LTD.
Offline Files
Connected User Experiences and Telemetry
Diagnostic Policy Service
Geolocation Service
Net.Tcp Port Sharing Service
Remote Access Connection Manager
Routing and Remote Access
Shell Hardware Detection
Shared PC Account Manager
Windows Image Acquisition (WIA)
Themes
Tile Data model server
Auto Time Zone Updater
Windows Time
Windows Defender Antivirus Service
Windows Remote Management (WS-Management)

>> ParameterBinding(Trace-SteroidsOutput): name="InputObject"; value="@{Name=Microsoft.Windows.CloudExperienceHost; PackageFullName=Microsoft.Windows.CloudExperienceHost_10.0.14393.0_neutral_neutral_cw5n1h2txyewy}"

>> ParameterBinding(Trace-SteroidsOutput): name="InputObject"; value="@{Name=Microsoft.NET.Native.Runtime.1.3; PackageFullName=Microsoft.NET.Native.Runtime.1.3_1.3.23901.0_x86__8wekyb3d8bbwe}"

>> ParameterBinding(Trace-SteroidsOutput): name="InputObject"; value="@{Name=Microsoft.NET.Native.Runtime.1.3; PackageFullName=Microsoft.NET.Native.Runtime.1.3_1.3.23901.0_x64__8wekyb3d8bbwe}"

>> ParameterBinding(Trace-SteroidsOutput): name="InputObject"; value="@{Name=Microsoft.NET.Native.Framework.1.3; PackageFullName=Microsoft.NET.Native.Framework.1.3_1.3.24201.0_x86__8wekyb3d8bbwe}"

>> ParameterBinding(Trace-SteroidsOutput): name="InputObject"; value="@{Name=Microsoft.NET.Native.Framework.1.3; PackageFullName=Microsoft.NET.Native.Framework.1.3_1.3.24201.0_x64__8wekyb3d8bbwe}"

>> ParameterBinding(Trace-SteroidsOutput): name="InputObject"; value="@{Name=Microsoft.VCLibs.140.00; PackageFullName=Microsoft.VCLibs.140.00_14.0.24123.0_x86__8wekyb3d8bbwe}"

>> ParameterBinding(Trace-SteroidsOutput): name="InputObject"; value="@{Name=Microsoft.VCLibs.140.00; PackageFullName=Microsoft.VCLibs.140.00_14.0.24123.0_x64__8wekyb3d8bbwe}"

>> ParameterBinding(Trace-SteroidsOutput): name="InputObject"; value="@{Name=Microsoft.VCLibs.120.00; PackageFullName=Microsoft.VCLibs.120.00_12.0.21005.1_x64__8wekyb3d8bbwe}"

>> ParameterBinding(Trace-SteroidsOutput): name="InputObject"; value="@{Name=Microsoft.VCLibs.120.00; PackageFullName=Microsoft.VCLibs.120.00_12.0.21005.1_x86__8wekyb3d8bbwe}"

>> ParameterBinding(Trace-SteroidsOutput): name="InputObject"; value="@{Name=Microsoft.NET.Native.Runtime.1.4; PackageFullName=Microsoft.NET.Native.Runtime.1.4_1.4.24201.0_x64__8wekyb3d8bbwe}"

>> ParameterBinding(Trace-SteroidsOutput): name="InputObject"; value="@{Name=Microsoft.NET.Native.Runtime.1.4; PackageFullName=Microsoft.NET.Native.Runtime.1.4_1.4.24201.0_x86__8wekyb3d8bbwe}"

>> ParameterBinding(Trace-SteroidsOutput): name="InputObject"; value="@{Name=Microsoft.NET.Native.Runtime.1.1; PackageFullName=Microsoft.NET.Native.Runtime.1.1_1.1.23406.0_x86__8wekyb3d8bbwe}"

>> ParameterBinding(Trace-SteroidsOutput): name="InputObject"; value="@{Name=Microsoft.NET.Native.Runtime.1.1; PackageFullName=Microsoft.NET.Native.Runtime.1.1_1.1.23406.0_x64__8wekyb3d8bbwe}"

>> ParameterBinding(Trace-SteroidsOutput): name="InputObject"; value="@{Name=Microsoft.NET.Native.Framework.1.2; PackageFullName=Microsoft.NET.Native.Framework.1.2_1.2.23231.0_x64__8wekyb3d8bbwe}"

>> ParameterBinding(Trace-SteroidsOutput): name="InputObject"; value="@{Name=Microsoft.NET.Native.Framework.1.2; PackageFullName=Microsoft.NET.Native.Framework.1.2_1.2.23231.0_x86__8wekyb3d8bbwe}"

>> ParameterBinding(Trace-SteroidsOutput): name="InputObject"; value="@{Name=1527c705-839a-4832-9118-54d4Bd6a0c89; PackageFullName=1527c705-839a-4832-9118-54d4Bd6a0c89_10.0.15063.0_neutral_neutral_cw5n1h2txyewy}"

>> ParameterBinding(Trace-SteroidsOutput): name="InputObject"; value="@{Name=E2A4F912-2574-4A75-9BB0-0D023378592B; PackageFullName=E2A4F912-2574-4A75-9BB0-0D023378592B_10.0.15063.0_neutral_neutral_cw5n1h2txyewy}"

>> ParameterBinding(Trace-SteroidsOutput): name="InputObject"; value="@{Name=Microsoft.AccountsControl; PackageFullName=Microsoft.AccountsControl_10.0.15063.0_neutral__cw5n1h2txyewy}"

>> ParameterBinding(Trace-SteroidsOutput): name="InputObject"; value="@{Name=Microsoft.BioEnrollment; PackageFullName=Microsoft.BioEnrollment_10.0.15063.0_neutral__cw5n1h2txyewy}"

>> ParameterBinding(Trace-SteroidsOutput): name="InputObject"; value="@{Name=Microsoft.Windows.CloudExperienceHost; PackageFullName=Microsoft.Windows.CloudExperienceHost_10.0.15063.0_neutral_neutral_cw5n1h2txyewy}"

>> ParameterBinding(Trace-SteroidsOutput): name="InputObject"; value="@{Name=Microsoft.Windows.WindowPicker; PackageFullName=Microsoft.Windows.WindowPicker_10.0.15063.0_neutral__cw5n1h2txyewy}"

>> ParameterBinding(Trace-SteroidsOutput): name="InputObject"; value="@{Name=Microsoft.NET.Native.Framework.1.6; PackageFullName=Microsoft.NET.Native.Framework.1.6_1.6.24903.0_x86__8wekyb3d8bbwe}"

>> ParameterBinding(Trace-SteroidsOutput): name="InputObject"; value="@{Name=Microsoft.NET.Native.Framework.1.6; PackageFullName=Microsoft.NET.Native.Framework.1.6_1.6.24903.0_x64__8wekyb3d8bbwe}"

>> ParameterBinding(Trace-SteroidsOutput): name="InputObject"; value="@{Name=Microsoft.NET.Native.Runtime.1.6; PackageFullName=Microsoft.NET.Native.Runtime.1.6_1.6.24903.0_x86__8wekyb3d8bbwe}"

>> ParameterBinding(Trace-SteroidsOutput): name="InputObject"; value="@{Name=Microsoft.NET.Native.Runtime.1.6; PackageFullName=Microsoft.NET.Native.Runtime.1.6_1.6.24903.0_x64__8wekyb3d8bbwe}"

>> ParameterBinding(Trace-SteroidsOutput): name="InputObject"; value="@{Name=Microsoft.Services.Store.Engagement; PackageFullName=Microsoft.Services.Store.Engagement_10.0.1706.0_x64__8wekyb3d8bbwe}"

>> ParameterBinding(Trace-SteroidsOutput): name="InputObject"; value="@{Name=Microsoft.Services.Store.Engagement; PackageFullName=Microsoft.Services.Store.Engagement_10.0.1706.0_x86__8wekyb3d8bbwe}"

>> ParameterBinding(Trace-SteroidsOutput): name="InputObject"; value="@{Name=1527c705-839a-4832-9118-54d4Bd6a0c89; PackageFullName=1527c705-839a-4832-9118-54d4Bd6a0c89_10.0.15063.447_neutral_neutral_cw5n1h2txyewy}"

>> ParameterBinding(Trace-SteroidsOutput): name="InputObject"; value="@{Name=E2A4F912-2574-4A75-9BB0-0D023378592B; PackageFullName=E2A4F912-2574-4A75-9BB0-0D023378592B_10.0.15063.332_neutral_neutral_cw5n1h2txyewy}"

>> ParameterBinding(Trace-SteroidsOutput): name="InputObject"; value="@{Name=Microsoft.AccountsControl; PackageFullName=Microsoft.AccountsControl_10.0.15063.447_neutral__cw5n1h2txyewy}"

>> ParameterBinding(Trace-SteroidsOutput): name="InputObject"; value="@{Name=Microsoft.Windows.WindowPicker; PackageFullName=Microsoft.Windows.WindowPicker_10.0.15063.332_neutral__cw5n1h2txyewy}"

>> ParameterBinding(Trace-SteroidsOutput): name="InputObject"; value="@{Name=Microsoft.VCLibs.140.00.UWPDesktop; PackageFullName=Microsoft.VCLibs.140.00.UWPDesktop_14.0.24217.0_x86__8wekyb3d8bbwe}"

>> ParameterBinding(Trace-SteroidsOutput): name="InputObject"; value="@{Name=Microsoft.VCLibs.140.00.UWPDesktop; PackageFullName=Microsoft.VCLibs.140.00.UWPDesktop_14.0.24217.0_x64__8wekyb3d8bbwe}"

>> ParameterBinding(Trace-SteroidsOutput): name="InputObject"; value="@{Name=Microsoft.Advertising.Xaml; PackageFullName=Microsoft.Advertising.Xaml_10.1708.1.0_x86__8wekyb3d8bbwe}"

>> ParameterBinding(Trace-SteroidsOutput): name="InputObject"; value="@{Name=Microsoft.Advertising.Xaml; PackageFullName=Microsoft.Advertising.Xaml_10.1708.1.0_x64__8wekyb3d8bbwe}"



PS C:\WINDOWS\system32> $hash.Apps
>> CommandInvocation(Trace-SteroidsOutput): "Trace-SteroidsOutput"
>> ParameterBinding(Trace-SteroidsOutput): name="InputObject"; value="@{DisplayName=Total Commander 64-bit (Remove or Repair); DisplayVersion=9.0a; Publisher=Ghisler Software GmbH}"

>> ParameterBinding(Trace-SteroidsOutput): name="InputObject"; value="@{DisplayName=Dell Touchpad; DisplayVersion=8.1206.101.112; Publisher=ALPS ELECTRIC CO., LTD.}"
DisplayName                               DisplayVersion Publisher
-----------                               -------------- ---------
Total Commander 64-bit (Remove or Repair) 9.0a           Ghisler Software GmbH
Dell Touchpad                             8.1206.101.112 ALPS ELECTRIC CO., LTD.


PS C:\WINDOWS\system32> CommandInvocation(Trace-SteroidsOutput): "Trace-SteroidsOutput"
PS C:\WINDOWS\system32> ParameterBinding(Trace-SteroidsOutput): name="InputObject"; value="Transcript started, output file is D:\SICZ\avas\AVAS_2017_10_09.log"
Transcript started, output file is D:\SICZ\avas\AVAS_2017_10_09.log
PS C:\WINDOWS\system32> ParameterBinding(Trace-SteroidsOutput): name="InputObject"; value="Transcript started, output file is ./transcript2017-10-09-04-37-13.txt"
Transcript started, output file is ./transcript2017-10-09-04-37-13.txt
10/09/2017 16:37:13 - Nacitani json konfiguracniho souboru
