**********************
Windows PowerShell transcript start
Start time: 20171006155919
Username: DESKTOP-TBE27PS\lukas
RunAs User: DESKTOP-TBE27PS\lukas
Configuration Name: 
Machine: DESKTOP-TBE27PS (Microsoft Windows NT 10.0.17004.0)
Host Application: C:\WINDOWS\System32\WindowsPowerShell\v1.0\powershell.exe -NoProfile -NonInteractive -ExecutionPolicy Bypass -Command & 'C:\Users\lukas\.vscode\extensions\ms-vscode.powershell-1.4.3\scripts\Start-EditorServices.ps1' -EditorServicesVersion '1.4.1' -HostName 'Visual Studio Code Host' -HostProfileId 'Microsoft.VSCode' -HostVersion '1.4.3' -AdditionalModules @('PowerShellEditorServices.VSCode') -BundledModulesPath 'C:\Users\lukas\.vscode\extensions\ms-vscode.powershell-1.4.3\modules' -EnableConsoleRepl -LogLevel 'Normal' -LogPath 'C:\Users\lukas\.vscode\extensions\ms-vscode.powershell-1.4.3\logs\1507297820-1fb60234-3556-4604-b876-5dcd668c2b9b1507297799139\EditorServices.log' -SessionDetailsPath 'C:\Users\lukas\.vscode\extensions\ms-vscode.powershell-1.4.3\sessions\PSES-VSCode-2692-930560' -FeatureFlags @()
Process ID: 17104
PSVersion: 5.1.17004.1000
PSEdition: Desktop
PSCompatibleVersions: 1.0, 2.0, 3.0, 4.0, 5.0, 5.1.17004.1000
BuildVersion: 10.0.17004.1000
CLRVersion: 4.0.30319.42000
WSManStackVersion: 3.0
PSRemotingProtocolVersion: 2.3
SerializationVersion: 1.1.0.1
**********************
Transcript started, output file is D:\SICZ\avas/debug-2017-10-06-03-59-19.log
-message pokracuji ve zpracovani
spoustim test app diff

spoustim test services diff
spoustim test os diff
DisplayName                                 DisplayVersion Publisher
-----------                                 -------------- ---------
Universal CRT Extension SDK                 10.0.26624     Microsoft Corporation
Universal CRT Headers Libraries and Sources 10.1.15063.468 Microsoft Corporation
Universal CRT Headers Libraries and Sources 10.0.26624     Microsoft Corporation
Visual C++ Library CRT Appx Package         14.11.25506    Microsoft Corporation
Visual C++ Library CRT Appx Package         14.11.25507    Microsoft Corporation
Universal CRT Extension SDK                 10.1.15063.468 Microsoft Corporation
Universal CRT Extension SDK                 10.0.26624     Microsoft Corporation
Universal CRT Headers Libraries and Sources 10.1.15063.468 Microsoft Corporation
Universal CRT Headers Libraries and Sources 10.0.26624     Microsoft Corporation
Visual C++ Library CRT Appx Package         14.11.25506    Microsoft Corporation
Visual C++ Library CRT Appx Package         14.11.25507    Microsoft Corporation
Universal CRT Extension SDK                 10.1.15063.468 Microsoft Corporation
Universal CRT Extension SDK                 10.0.26624     Microsoft Corporation
Universal CRT Headers Libraries and Sources 10.1.15063.468 Microsoft Corporation
Universal CRT Headers Libraries and Sources 10.0.26624     Microsoft Corporation
Visual C++ Library CRT Appx Package         14.11.25506    Microsoft Corporation
Visual C++ Library CRT Appx Package         14.11.25507    Microsoft Corporation
Universal CRT Extension SDK                 10.1.15063.468 Microsoft Corporation
spoustim test os build diff
Universal CRT Extension SDK                 10.0.26624     Microsoft Corporation
Universal CRT Headers Libraries and Sources 10.1.15063.468 Microsoft Corporation
Universal CRT Headers Libraries and Sources 10.0.26624     Microsoft Corporation
Visual C++ Library CRT Appx Package         14.11.25506    Microsoft Corporation
Visual C++ Library CRT Appx Package         14.11.25507    Microsoft Corporation
Universal CRT Extension SDK                 10.1.15063.468 Microsoft Corporation
spoustim test os version diff
Universal CRT Extension SDK                 10.0.26624     Microsoft Corporation
Universal CRT Headers Libraries and Sources 10.1.15063.468 Microsoft Corporation
Universal CRT Headers Libraries and Sources 10.0.26624     Microsoft Corporation
Visual C++ Library CRT Appx Package         14.11.25506    Microsoft Corporation
Visual C++ Library CRT Appx Package         14.11.25507    Microsoft Corporation
Universal CRT Extension SDK                 10.1.15063.468 Microsoft Corporation


PS D:\SICZ\avas> @{ 'computerName' = $env:ComputerName; 'processId' = $PID; 'instanceId' = $host.InstanceId }

Name                           Value
----                           -----
processId                      17104
computerName                   DESKTOP-TBE27PS
instanceId                     0354b20c-ef12-4646-b9a7-2cdf48038151


PS D:\SICZ\avas> CommandInvocation(Get-Command): "Get-Command"
>> ParameterBinding(Get-Command): name="ErrorAction"; value="Ignore"
>> ParameterBinding(Get-Command): name="Name"; value="Write-Host"

CommandType     Name                                               Version    Source
-----------     ----                                               -------    ------
Cmdlet          Write-Host                                         3.1.0.0    Microsoft.PowerShell.Utility


PS D:\SICZ\avas> CommandInvocation(Get-Help): "Get-Help"
>> ParameterBinding(Get-Help): name="ErrorAction"; value="Ignore"
>> ParameterBinding(Get-Help): name="Name"; value="Write-Host"

NAME
    Write-Host

SYNOPSIS
    Writes customized output to a host.


SYNTAX
    Write-Host [[-Object] <Object>] [-BackgroundColor {Black | DarkBlue | DarkGreen | DarkCyan | DarkRed | DarkMagenta | DarkYellow | Gray | DarkGray | Blue | Green | Cyan | Red | Magenta | Yellow | White}] [-Foregrou
    ndColor {Black | DarkBlue | DarkGreen | DarkCyan | DarkRed | DarkMagenta | DarkYellow | Gray | DarkGray | Blue | Green | Cyan | Red | Magenta | Yellow | White}] [-NoNewline] [-Separator <Object>] [<CommonParameter
    s>]


DESCRIPTION
    The Write-Host cmdlet customizes output. You can specify the color of text by using the ForegroundColor parameter, and you can specify the background color by using the BackgroundColor parameter. The Separator par
    ameter lets you specify a string to use to separate displayed objects. The particular result depends on the program that is hosting Windows PowerShell.


RELATED LINKS
    Online Version: http://go.microsoft.com/fwlink/?LinkId=821876
    Clear-Host
    Write-Debug
    Write-Error
    Write-Output
    Write-Progress
    Write-Verbose
    Write-Warning

REMARKS
    To see the examples, type: "get-help Write-Host -examples".
    For more information, type: "get-help Write-Host -detailed".
    For technical information, type: "get-help Write-Host -full".
    For online help, type: "get-help Write-Host -online"


