**********************
Windows PowerShell transcript start
Start time: 20171012162539
Username: DESKTOP-TBE27PS\lukas
RunAs User: DESKTOP-TBE27PS\lukas
Configuration Name: 
Machine: DESKTOP-TBE27PS (Microsoft Windows NT 10.0.17004.0)
Host Application: C:\Windows\System32\WindowsPowerShell\v1.0\powershell_ise.exe
Process ID: 3804
PSVersion: 5.1.17004.1000
PSEdition: Desktop
PSCompatibleVersions: 1.0, 2.0, 3.0, 4.0, 5.0, 5.1.17004.1000
BuildVersion: 10.0.17004.1000
CLRVersion: 4.0.30319.42000
WSManStackVersion: 3.0
PSRemotingProtocolVersion: 2.3
SerializationVersion: 1.1.0.1
**********************
Transcript started, output file is D:\SICZ\avas/debug-2017-10-12-04-25-39.log
-message pokracuji ve zpracovani
spoustim test app diff

spoustim test services diff
spoustim test scheduled tasks diff
spoustim test hotfix diff
DisplayName                                  DisplayVersion Publisher
-----------                                  -------------- ---------
Dell SupportAssist                           2.0.6875.668   Dell
Total Commander 64-bit (Remove or Repair)    9.0a           Ghisler Software GmbH
Background Intelligent Transfer Service
Offline Files
Connected User Experiences and Telemetry
Diagnostic Policy Service
File History Service
IKE and AuthIP IPsec Keying Modules
Geolocation Service
Net.Tcp Port Sharing Service
Remote Access Connection Manager
Routing and Remote Access
Shell Hardware Detection
Shared PC Account Manager
Windows Image Acquisition (WIA)
Touch Keyboard and Handwriting Panel Service
Themes
Auto Time Zone Updater
Windows Time
Windows Event Collector
Windows Defender Antivirus Service
Windows Remote Management (WS-Management)

InputObject     SideIndicator
-----------     -------------
DESKTOP-TBE27PS =>           
MICA            <=





PS C:\WINDOWS\system32> $hash.Apps

DisplayName                               DisplayVersion Publisher
-----------                               -------------- ---------
Dell SupportAssist                        2.0.6875.668   Dell
Total Commander 64-bit (Remove or Repair) 9.0a           Ghisler Software GmbH


PS C:\WINDOWS\system32> $hash.Domain_tcp

PS C:\WINDOWS\system32> $hash.Domain_dhcp
sicz.local
PS C:\WINDOWS\system32> $hash.hotfix
PS C:\WINDOWS\system32> $hash


Apps                            : {@{DisplayName=Dell SupportAssist; DisplayVersion=2.0.6875.668; Publisher=Dell}, @{DisplayName=Total Commander 64-bit (Remove or Repair); DisplayVersion=9.0a; Publisher=Ghi
                                  sler Software GmbH}}
services                        : {@{DisplayName=Background Intelligent Transfer Service; StartType=3}, @{DisplayName=Offline Files; StartType=2}, @{DisplayName=Connected User Experiences and Telemetry; Sta
                                  rtType=2}, @{DisplayName=Diagnostic Policy Service; StartType=2}...}
scheduledtasks                  :
hotfix                          :
uwp                             :
Active_DC                       :
Allow_deviceclasses             :
Allow_deviceids                 :
Application_log_length          : 18944000
Applocker                       : {}
BIOS                            : DELL   - 1072009 | BIOS Date: 12/22/16 01:25:40 Ver: A20.00
Bios_date                       : @{value=22.12.2016 0:00:00; DateTime=čtvrtek 22. prosince 2016 1:00:00}
Bitlocker                       : {@{pageHeaderEntry=; pageFooterEntry=; autosizeInfo=; shapeInfo=Microsoft.PowerShell.Commands.Internal.Format.ListViewHeaderInfo; groupingEntry=; ClassId2e4f51ef21dd47e99d3
                                  c952918aff9cd=033ecb2bc07a4d43b5ef94ed5a35d280}, @{shapeInfo=; groupingEntry=; ClassId2e4f51ef21dd47e99d3c952918aff9cd=9e210fe47d09416682b841769c78b8a3}, @{formatEntryInfo=
                                  Microsoft.PowerShell.Commands.Internal.Format.ListViewEntry; outOfBand=False; writeStream=0; ClassId2e4f51ef21dd47e99d3c952918aff9cd=27c87ef9bbda4f709f6b4002fa4af63c}, @{fo
                                  rmatEntryInfo=Microsoft.PowerShell.Commands.Internal.Format.ListViewEntry; outOfBand=False; writeStream=0; ClassId2e4f51ef21dd47e99d3c952918aff9cd=27c87ef9bbda4f709f6b4002f
                                  a4af63c}...}
Computerturen_root_certifikates : {@{pageHeaderEntry=; pageFooterEntry=; autosizeInfo=; shapeInfo=Microsoft.PowerShell.Commands.Internal.Format.ListViewHeaderInfo; groupingEntry=; ClassId2e4f51ef21dd47e99d3
                                  c952918aff9cd=033ecb2bc07a4d43b5ef94ed5a35d280}, @{shapeInfo=; groupingEntry=; ClassId2e4f51ef21dd47e99d3c952918aff9cd=9e210fe47d09416682b841769c78b8a3}, @{formatEntryInfo=
                                  Microsoft.PowerShell.Commands.Internal.Format.ListViewEntry; outOfBand=False; writeStream=0; ClassId2e4f51ef21dd47e99d3c952918aff9cd=27c87ef9bbda4f709f6b4002fa4af63c}, @{fo
                                  rmatEntryInfo=Microsoft.PowerShell.Commands.Internal.Format.ListViewEntry; outOfBand=False; writeStream=0; ClassId2e4f51ef21dd47e99d3c952918aff9cd=27c87ef9bbda4f709f6b4002f
                                  a4af63c}...}
ComputerName                    : MICA
Country                         : 420
Date                            : @{value=07.09.2017 13:38:19; DisplayHint=2; DateTime=čtvrtek 7. září 2017 15:38:19}
Default_locale                  : 00000409
Deny_deviceclasses              :
Deny_deviceids                  :
deny_UnspecifiedDevices         :
Domain                          :
Domain_dhcp                     : sicz.local
Domain_tcp                      :
AV_MS_product                   :
AV_MS_residenton                :
AV_MS_scanner_build             :
AV_MS_scanner_version           :
AV_MS_version                   :
rozdily                         : {@{InputObject=DESKTOP-TBE27PS; SideIndicator==>}, @{InputObject=MICA; SideIndicator=<=}}
hdd                             : {@{FileSystem=NTFS; Type=Local Fixed Disk; Volume=C:; Available=18977058816; Computer=MICA; Used=108479447040; Size=127456505856}, @{FileSystem=NTFS; Type=Local Fixed Disk;
                                   Volume=D:; Available=155963895808; Computer=MICA; Used=344007622656; Size=499971518464}}
pcinfo                          : @{WindowsBuildLabEx=15063.0.amd64fre.rs2_release.170317-1834; WindowsCurrentVersion=6.3; WindowsEditionId=Professional; WindowsInstallationType=Client; WindowsInstallDateFr
                                  omRegistry=24.03.2017 19:35:51; WindowsProductId=00330-80000-00000-AA628; WindowsProductName=Windows 10 Pro; WindowsRegisteredOrganization=; WindowsRegisteredOwner=Windows
                                  User; WindowsSystemRoot=C:\WINDOWS; WindowsVersion=1703; BiosCharacteristics=System.Object[]; BiosBIOSVersion=System.Object[]; BiosBuildNumber=; BiosCaption=BIOS Date: 12/2
                                  2/16 01:25:40 Ver: A20.00 ; BiosCodeSet=; BiosCurrentLanguage=en|US|iso8859-1; BiosDescription=BIOS Date: 12/22/16 01:25:40 Ver: A20.00 ; BiosEmbeddedControllerMajorVersion
                                  =255; BiosEmbeddedControllerMinorVersion=255; BiosFirmwareType=1; BiosIdentificationCode=; BiosInstallableLanguages=1; BiosInstallDate=; BiosLanguageEdition=; BiosListOfLan
                                  guages=System.Object[]; BiosManufacturer=Dell Inc.; BiosName=BIOS Date: 12/22/16 01:25:40 Ver: A20.00 ; BiosOtherTargetOS=; BiosPrimaryBIOS=True; BiosReleaseDate=22.12.2016
                                   0:00:00; BiosSeralNumber=H0PMD12; BiosSMBIOSBIOSVersion=A20; BiosSMBIOSMajorVersion=2; BiosSMBIOSMinorVersion=7; BiosSMBIOSPresent=True; BiosSoftwareElementState=3; BiosSt
                                  atus=OK; BiosSystemBiosMajorVersion=65; BiosSystemBiosMinorVersion=20; BiosTargetOperatingSystem=0; BiosVersion=DELL   - 1072009; CsAdminPasswordStatus=0; CsAutomaticManage
                                  dPagefile=False; CsAutomaticResetBootOption=True; CsAutomaticResetCapability=True; CsBootOptionOnLimit=; CsBootOptionOnWatchDog=; CsBootROMSupported=True; CsBootStatus=Syst
                                  em.Object[]; CsBootupState=Normal boot; CsCaption=MICA; CsChassisBootupState=3; CsChassisSKUNumber=To be filled by O.E.M.; CsCurrentTimeZone=120; CsDaylightInEffect=True; C
                                  sDescription=AT/AT COMPATIBLE; CsDNSHostName=mica; CsDomain=WORKGROUP; CsDomainRole=0; CsEnableDaylightSavingsTime=True; CsFrontPanelResetStatus=0; CsHypervisorPresent=True
                                  ; CsInfraredSupported=False; CsInitialLoadInfo=; CsInstallDate=; CsKeyboardPasswordStatus=0; CsLastLoadInfo=; CsManufacturer=Dell Inc.; CsModel=Latitude E7440; CsName=MICA;
                                   CsNetworkAdapters=System.Object[]; CsNetworkServerModeEnabled=True; CsNumberOfLogicalProcessors=4; CsNumberOfProcessors=1; CsProcessors=System.Object[]; CsOEMStringArray=S
                                  ystem.Object[]; CsPartOfDomain=False; CsPauseAfterReset=-1; CsPCSystemType=2; CsPCSystemTypeEx=2; CsPowerManagementCapabilities=; CsPowerManagementSupported=; CsPowerOnPass
                                  wordStatus=0; CsPowerState=0; CsPowerSupplyState=3; CsPrimaryOwnerContact=; CsPrimaryOwnerName=Windows User; CsResetCapability=1; CsResetCount=-1; CsResetLimit=-1; CsRoles=
                                  System.Object[]; CsStatus=OK; CsSupportContactDescription=; CsSystemFamily=; CsSystemSKUNumber=05CB; CsSystemType=x64-based PC; CsThermalState=3; CsTotalPhysicalMemory=1708
                                  0684544; CsPhyicallyInstalledMemory=16777216; CsUserName=MICA\caith; CsWakeUpType=6; CsWorkgroup=WORKGROUP; OsName=Microsoft Windows 10 Pro; OsType=18; OsOperatingSystemSKU
                                  =48; OsVersion=10.0.15063; OsCSDVersion=; OsBuildNumber=15063; OsHotFixes=System.Object[]; OsBootDevice=\Device\HarddiskVolume3; OsSystemDevice=\Device\HarddiskVolume2; OsS
                                  ystemDirectory=C:\WINDOWS\system32; OsSystemDrive=C:; OsWindowsDirectory=C:\WINDOWS; OsCountryCode=420; OsCurrentTimeZone=120; OsLocaleID=0405; OsLocale=cs-CZ; OsLocalDateT
                                  ime=07.09.2017 13:38:28; OsLastBootUpTime=05.09.2017 6:09:54; OsUptime=; OsBuildType=Multiprocessor Free; OsCodeSet=1250; OsDataExecutionPreventionAvailable=True; OsDataExe
                                  cutionPrevention32BitApplications=True; OsDataExecutionPreventionDrivers=True; OsDataExecutionPreventionSupportPolicy=2; OsDebug=False; OsDistributed=False; OsEncryptionLev
                                  el=256; OsForegroundApplicationBoost=2; OsTotalVisibleMemorySize=16680356; OsFreePhysicalMemory=8156388; OsTotalVirtualMemorySize=34506148; OsFreeVirtualMemory=22165628; Os
                                  InUseVirtualMemory=12340520; OsTotalSwapSpaceSize=; OsSizeStoredInPagingFiles=17825792; OsFreeSpaceInPagingFiles=17698596; OsPagingFiles=System.Object[]; OsHardwareAbstract
                                  ionLayer=10.0.15063.502; OsInstallDate=24.03.2017 20:35:51; OsManufacturer=Microsoft Corporation; OsMaxNumberOfProcesses=4294967295; OsMaxProcessMemorySize=137438953344; Os
                                  MuiLanguages=System.Object[]; OsNumberOfLicensedUsers=0; OsNumberOfProcesses=254; OsNumberOfUsers=2; OsOrganization=; OsArchitecture=64-bit; OsLanguage=en-US; OsProductSuit
                                  es=System.Object[]; OsOtherTypeDescription=; OsPAEEnabled=; OsPortableOperatingSystem=False; OsPrimary=True; OsProductType=1; OsRegisteredUser=Windows User; OsSerialNumber=
                                  00330-80000-00000-AA628; OsServicePackMajorVersion=0; OsServicePackMinorVersion=0; OsStatus=OK; OsSuites=System.Object[]; OsServerLevel=; KeyboardLayout=00020405; TimeZone=
                                  (UTC+01:00) Belgrade, Bratislava, Budapest, Ljubljana, Prague; LogonServer=\\MICA; PowerPlatformRole=2; HyperVisorPresent=True; HyperVRequirementDataExecutionPreventionAvai
                                  lable=; HyperVRequirementSecondLevelAddressTranslation=; HyperVRequirementVirtualizationFirmwareEnabled=; HyperVRequirementVMMonitorModeExtensions=; DeviceGuardSmartStatus=
                                  0; DeviceGuardRequiredSecurityProperties=; DeviceGuardAvailableSecurityProperties=; DeviceGuardSecurityServicesConfigured=; DeviceGuardSecurityServicesRunning=; DeviceGuard
                                  CodeIntegrityPolicyEnforcementStatus=; DeviceGuardUserModeCodeIntegrityPolicyEnforcementStatus=}
Local_groups                    : {@{pageHeaderEntry=; pageFooterEntry=; autosizeInfo=; shapeInfo=Microsoft.PowerShell.Commands.Internal.Format.ListViewHeaderInfo; groupingEntry=; ClassId2e4f51ef21dd47e99d3
                                  c952918aff9cd=033ecb2bc07a4d43b5ef94ed5a35d280}, @{shapeInfo=; groupingEntry=; ClassId2e4f51ef21dd47e99d3c952918aff9cd=9e210fe47d09416682b841769c78b8a3}, @{formatEntryInfo=
                                  Microsoft.PowerShell.Commands.Internal.Format.ListViewEntry; outOfBand=False; writeStream=0; ClassId2e4f51ef21dd47e99d3c952918aff9cd=27c87ef9bbda4f709f6b4002fa4af63c}, @{fo
                                  rmatEntryInfo=Microsoft.PowerShell.Commands.Internal.Format.ListViewEntry; outOfBand=False; writeStream=0; ClassId2e4f51ef21dd47e99d3c952918aff9cd=27c87ef9bbda4f709f6b4002f
                                  a4af63c}...}



PS C:\WINDOWS\system32> $has.
Missing property name after reference operator.
    + CategoryInfo          : ParserError: (:) [], ParentContainsErrorRecordException
    + FullyQualifiedErrorId : MissingPropertyName

PS C:\WINDOWS\system32> $hash.bios
DELL   - 1072009 | BIOS Date: 12/22/16 01:25:40 Ver: A20.00
Transcript started, output file is D:\SICZ\avas\AVAS_2017_10_12.log
Transcript started, output file is ./transcript2017-10-12-04-33-34.txt
10/12/2017 16:33:34 - Nacitani json konfiguracniho souboru
Transcript started, output file is D:\SICZ\avas/debug-2017-10-12-04-33-42.log
-message pokracuji ve zpracovani
spoustim test app diff

spoustim test services diff
spoustim test scheduled tasks diff
spoustim test hotfix diff
DisplayName                                  DisplayVersion Publisher
-----------                                  -------------- ---------
Dell SupportAssist                           2.0.6875.668   Dell
Total Commander 64-bit (Remove or Repair)    9.0a           Ghisler Software GmbH
Background Intelligent Transfer Service
Offline Files
Connected User Experiences and Telemetry
Diagnostic Policy Service
File History Service
IKE and AuthIP IPsec Keying Modules
Geolocation Service
Net.Tcp Port Sharing Service
Remote Access Connection Manager
Routing and Remote Access
Shell Hardware Detection
Shared PC Account Manager
Windows Image Acquisition (WIA)
Touch Keyboard and Handwriting Panel Service
Themes
Auto Time Zone Updater
Windows Time
Windows Event Collector
Windows Defender Antivirus Service
Windows Remote Management (WS-Management)

InputObject     SideIndicator
-----------     -------------
DESKTOP-TBE27PS =>           
MICA            <=





PS C:\WINDOWS\system32> $hash.hdd


FileSystem : NTFS
Type       : Local Fixed Disk
Volume     : C:
Available  : 18977058816
Computer   : MICA
Used       : 108479447040
Size       : 127456505856

FileSystem : NTFS
Type       : Local Fixed Disk
Volume     : D:
Available  : 155963895808
Computer   : MICA
Used       : 344007622656
Size       : 499971518464



PS C:\WINDOWS\system32> $hash.AV_MS_version
PS C:\WINDOWS\system32> $hash.Domain
PS C:\WINDOWS\system32> $hash.Domain_dhcp
sicz.local
