**********************
Windows PowerShell transcript start
Start time: 20171009145615
Username: DESKTOP-TBE27PS\lukas
RunAs User: DESKTOP-TBE27PS\lukas
Configuration Name: 
Machine: DESKTOP-TBE27PS (Microsoft Windows NT 10.0.17004.0)
Host Application: C:\Windows\System32\WindowsPowerShell\v1.0\powershell_ise.exe
Process ID: 3944
PSVersion: 5.1.17004.1000
PSEdition: Desktop
PSCompatibleVersions: 1.0, 2.0, 3.0, 4.0, 5.0, 5.1.17004.1000
BuildVersion: 10.0.17004.1000
CLRVersion: 4.0.30319.42000
WSManStackVersion: 3.0
PSRemotingProtocolVersion: 2.3
SerializationVersion: 1.1.0.1
**********************
Transcript started, output file is D:\SICZ\avas/debug-2017-10-09-02-56-15.log
-message pokracuji ve zpracovani
spoustim test app diff
Get-Content : Cannot find path 'D:\SICZ\avas\hash_mica.json' because it does not exist.
At D:\SICZ\avas\avas.ps1:67 char:18
+           $def = Get-Content -Path $scriptpath\hash_mica.json | Conve ...
+                  ~~~~~~~~~~~~~~~~~~~~~~~~~~~~~~~~~~~~~~~~~~~~
    + CategoryInfo          : ObjectNotFound: (D:\SICZ\avas\hash_mica.json:String) [Get-Content], ItemNotFoundException
    + FullyQualifiedErrorId : PathNotFound,Microsoft.PowerShell.Commands.GetContentCommand
Get-Content : Cannot find path 'D:\SICZ\avas\hash_mica.json' because it does not exist.
At D:\SICZ\avas\avas.ps1:67 char:18
+           $def = Get-Content -Path $scriptpath\hash_mica.json | Conve ...
+                  ~~~~~~~~~~~~~~~~~~~~~~~~~~~~~~~~~~~~~~~~~~~~
    + CategoryInfo          : ObjectNotFound: (D:\SICZ\avas\hash_mica.json:String) [Get-Content], ItemNotFoundException
    + FullyQualifiedErrorId : PathNotFound,Microsoft.PowerShell.Commands.GetContentCommand

Get-Content : Cannot find path 'D:\SICZ\avas\mica.json' because it does not exist.
At D:\SICZ\avas\avas.ps1:68 char:18
+           $new = Get-Content -Path $scriptpath\mica.json | ConvertFro ...
+                  ~~~~~~~~~~~~~~~~~~~~~~~~~~~~~~~~~~~~~~~
    + CategoryInfo          : ObjectNotFound: (D:\SICZ\avas\mica.json:String) [Get-Content], ItemNotFoundException
    + FullyQualifiedErrorId : PathNotFound,Microsoft.PowerShell.Commands.GetContentCommand
Get-Content : Cannot find path 'D:\SICZ\avas\mica.json' because it does not exist.
At D:\SICZ\avas\avas.ps1:68 char:18
+           $new = Get-Content -Path $scriptpath\mica.json | ConvertFro ...
+                  ~~~~~~~~~~~~~~~~~~~~~~~~~~~~~~~~~~~~~~~
    + CategoryInfo          : ObjectNotFound: (D:\SICZ\avas\mica.json:String) [Get-Content], ItemNotFoundException
    + FullyQualifiedErrorId : PathNotFound,Microsoft.PowerShell.Commands.GetContentCommand

Get-Content : Cannot find path 'D:\SICZ\avas\hash_mica.json' because it does not exist.
At D:\SICZ\avas\avas.ps1:67 char:18
+           $def = Get-Content -Path $scriptpath\hash_mica.json | Conve ...
+                  ~~~~~~~~~~~~~~~~~~~~~~~~~~~~~~~~~~~~~~~~~~~~
    + CategoryInfo          : ObjectNotFound: (D:\SICZ\avas\hash_mica.json:String) [Get-Content], ItemNotFoundException
    + FullyQualifiedErrorId : PathNotFound,Microsoft.PowerShell.Commands.GetContentCommand
Get-Content : Cannot find path 'D:\SICZ\avas\hash_mica.json' because it does not exist.
At D:\SICZ\avas\avas.ps1:67 char:18
+           $def = Get-Content -Path $scriptpath\hash_mica.json | Conve ...
+                  ~~~~~~~~~~~~~~~~~~~~~~~~~~~~~~~~~~~~~~~~~~~~
    + CategoryInfo          : ObjectNotFound: (D:\SICZ\avas\hash_mica.json:String) [Get-Content], ItemNotFoundException
    + FullyQualifiedErrorId : PathNotFound,Microsoft.PowerShell.Commands.GetContentCommand

Get-Content : Cannot find path 'D:\SICZ\avas\mica.json' because it does not exist.
At D:\SICZ\avas\avas.ps1:68 char:18
+           $new = Get-Content -Path $scriptpath\mica.json | ConvertFro ...
+                  ~~~~~~~~~~~~~~~~~~~~~~~~~~~~~~~~~~~~~~~
    + CategoryInfo          : ObjectNotFound: (D:\SICZ\avas\mica.json:String) [Get-Content], ItemNotFoundException
    + FullyQualifiedErrorId : PathNotFound,Microsoft.PowerShell.Commands.GetContentCommand
Get-Content : Cannot find path 'D:\SICZ\avas\mica.json' because it does not exist.
At D:\SICZ\avas\avas.ps1:68 char:18
+           $new = Get-Content -Path $scriptpath\mica.json | ConvertFro ...
+                  ~~~~~~~~~~~~~~~~~~~~~~~~~~~~~~~~~~~~~~~
    + CategoryInfo          : ObjectNotFound: (D:\SICZ\avas\mica.json:String) [Get-Content], ItemNotFoundException
    + FullyQualifiedErrorId : PathNotFound,Microsoft.PowerShell.Commands.GetContentCommand

Get-Content : Cannot find path 'D:\SICZ\avas\hash_mica.json' because it does not exist.
At D:\SICZ\avas\avas.ps1:67 char:18
+           $def = Get-Content -Path $scriptpath\hash_mica.json | Conve ...
+                  ~~~~~~~~~~~~~~~~~~~~~~~~~~~~~~~~~~~~~~~~~~~~
    + CategoryInfo          : ObjectNotFound: (D:\SICZ\avas\hash_mica.json:String) [Get-Content], ItemNotFoundException
    + FullyQualifiedErrorId : PathNotFound,Microsoft.PowerShell.Commands.GetContentCommand
Get-Content : Cannot find path 'D:\SICZ\avas\hash_mica.json' because it does not exist.
At D:\SICZ\avas\avas.ps1:67 char:18
+           $def = Get-Content -Path $scriptpath\hash_mica.json | Conve ...
+                  ~~~~~~~~~~~~~~~~~~~~~~~~~~~~~~~~~~~~~~~~~~~~
    + CategoryInfo          : ObjectNotFound: (D:\SICZ\avas\hash_mica.json:String) [Get-Content], ItemNotFoundException
    + FullyQualifiedErrorId : PathNotFound,Microsoft.PowerShell.Commands.GetContentCommand

Get-Content : Cannot find path 'D:\SICZ\avas\mica.json' because it does not exist.
At D:\SICZ\avas\avas.ps1:68 char:18
+           $new = Get-Content -Path $scriptpath\mica.json | ConvertFro ...
+                  ~~~~~~~~~~~~~~~~~~~~~~~~~~~~~~~~~~~~~~~
    + CategoryInfo          : ObjectNotFound: (D:\SICZ\avas\mica.json:String) [Get-Content], ItemNotFoundException
    + FullyQualifiedErrorId : PathNotFound,Microsoft.PowerShell.Commands.GetContentCommand
Get-Content : Cannot find path 'D:\SICZ\avas\mica.json' because it does not exist.
At D:\SICZ\avas\avas.ps1:68 char:18
+           $new = Get-Content -Path $scriptpath\mica.json | ConvertFro ...
+                  ~~~~~~~~~~~~~~~~~~~~~~~~~~~~~~~~~~~~~~~
    + CategoryInfo          : ObjectNotFound: (D:\SICZ\avas\mica.json:String) [Get-Content], ItemNotFoundException
    + FullyQualifiedErrorId : PathNotFound,Microsoft.PowerShell.Commands.GetContentCommand

spoustim test services diff
Get-Content : Cannot find path 'D:\SICZ\avas\hash_mica.json' because it does not exist.
At D:\SICZ\avas\avas.ps1:114 char:18
+           $def = Get-Content -Path $scriptpath\hash_mica.json | Conve ...
+                  ~~~~~~~~~~~~~~~~~~~~~~~~~~~~~~~~~~~~~~~~~~~~
    + CategoryInfo          : ObjectNotFound: (D:\SICZ\avas\hash_mica.json:String) [Get-Content], ItemNotFoundException
    + FullyQualifiedErrorId : PathNotFound,Microsoft.PowerShell.Commands.GetContentCommand
Get-Content : Cannot find path 'D:\SICZ\avas\hash_mica.json' because it does not exist.
At D:\SICZ\avas\avas.ps1:114 char:18
+           $def = Get-Content -Path $scriptpath\hash_mica.json | Conve ...
+                  ~~~~~~~~~~~~~~~~~~~~~~~~~~~~~~~~~~~~~~~~~~~~
    + CategoryInfo          : ObjectNotFound: (D:\SICZ\avas\hash_mica.json:String) [Get-Content], ItemNotFoundException
    + FullyQualifiedErrorId : PathNotFound,Microsoft.PowerShell.Commands.GetContentCommand

Get-Content : Cannot find path 'D:\SICZ\avas\mica.json' because it does not exist.
At D:\SICZ\avas\avas.ps1:115 char:18
+           $new = Get-Content -Path $scriptpath\mica.json | ConvertFro ...
+                  ~~~~~~~~~~~~~~~~~~~~~~~~~~~~~~~~~~~~~~~
    + CategoryInfo          : ObjectNotFound: (D:\SICZ\avas\mica.json:String) [Get-Content], ItemNotFoundException
    + FullyQualifiedErrorId : PathNotFound,Microsoft.PowerShell.Commands.GetContentCommand
Get-Content : Cannot find path 'D:\SICZ\avas\mica.json' because it does not exist.
At D:\SICZ\avas\avas.ps1:115 char:18
+           $new = Get-Content -Path $scriptpath\mica.json | ConvertFro ...
+                  ~~~~~~~~~~~~~~~~~~~~~~~~~~~~~~~~~~~~~~~
    + CategoryInfo          : ObjectNotFound: (D:\SICZ\avas\mica.json:String) [Get-Content], ItemNotFoundException
    + FullyQualifiedErrorId : PathNotFound,Microsoft.PowerShell.Commands.GetContentCommand

Get-Content : Cannot find path 'D:\SICZ\avas\hash_mica.json' because it does not exist.
At D:\SICZ\avas\avas.ps1:114 char:18
+           $def = Get-Content -Path $scriptpath\hash_mica.json | Conve ...
+                  ~~~~~~~~~~~~~~~~~~~~~~~~~~~~~~~~~~~~~~~~~~~~
    + CategoryInfo          : ObjectNotFound: (D:\SICZ\avas\hash_mica.json:String) [Get-Content], ItemNotFoundException
    + FullyQualifiedErrorId : PathNotFound,Microsoft.PowerShell.Commands.GetContentCommand
Get-Content : Cannot find path 'D:\SICZ\avas\hash_mica.json' because it does not exist.
At D:\SICZ\avas\avas.ps1:114 char:18
+           $def = Get-Content -Path $scriptpath\hash_mica.json | Conve ...
+                  ~~~~~~~~~~~~~~~~~~~~~~~~~~~~~~~~~~~~~~~~~~~~
    + CategoryInfo          : ObjectNotFound: (D:\SICZ\avas\hash_mica.json:String) [Get-Content], ItemNotFoundException
    + FullyQualifiedErrorId : PathNotFound,Microsoft.PowerShell.Commands.GetContentCommand

Get-Content : Cannot find path 'D:\SICZ\avas\mica.json' because it does not exist.
At D:\SICZ\avas\avas.ps1:115 char:18
+           $new = Get-Content -Path $scriptpath\mica.json | ConvertFro ...
+                  ~~~~~~~~~~~~~~~~~~~~~~~~~~~~~~~~~~~~~~~
    + CategoryInfo          : ObjectNotFound: (D:\SICZ\avas\mica.json:String) [Get-Content], ItemNotFoundException
    + FullyQualifiedErrorId : PathNotFound,Microsoft.PowerShell.Commands.GetContentCommand
Get-Content : Cannot find path 'D:\SICZ\avas\mica.json' because it does not exist.
At D:\SICZ\avas\avas.ps1:115 char:18
+           $new = Get-Content -Path $scriptpath\mica.json | ConvertFro ...
+                  ~~~~~~~~~~~~~~~~~~~~~~~~~~~~~~~~~~~~~~~
    + CategoryInfo          : ObjectNotFound: (D:\SICZ\avas\mica.json:String) [Get-Content], ItemNotFoundException
    + FullyQualifiedErrorId : PathNotFound,Microsoft.PowerShell.Commands.GetContentCommand

spoustim test scheduled tasks diff
Get-Content : Cannot find path 'D:\SICZ\avas\hash_luka_admin.json' because it does not exist.
At D:\SICZ\avas\avas.ps1:156 char:18
+ ...      $def = Get-Content -Path $scriptpath\hash_luka_admin.json | Conv ...
+                 ~~~~~~~~~~~~~~~~~~~~~~~~~~~~~~~~~~~~~~~~~~~~~~~~~~
    + CategoryInfo          : ObjectNotFound: (D:\SICZ\avas\hash_luka_admin.json:String) [Get-Content], ItemNotFoundExce
ption
    + FullyQualifiedErrorId : PathNotFound,Microsoft.PowerShell.Commands.GetContentCommand
Get-Content : Cannot find path 'D:\SICZ\avas\hash_luka_admin.json' because it does not exist.
At D:\SICZ\avas\avas.ps1:156 char:18
+ ...      $def = Get-Content -Path $scriptpath\hash_luka_admin.json | Conv ...
+                 ~~~~~~~~~~~~~~~~~~~~~~~~~~~~~~~~~~~~~~~~~~~~~~~~~~
    + CategoryInfo          : ObjectNotFound: (D:\SICZ\avas\hash_luka_admin.json:String) [Get-Content], ItemNotFoundException
    + FullyQualifiedErrorId : PathNotFound,Microsoft.PowerShell.Commands.GetContentCommand

Get-Content : Cannot find path 'D:\SICZ\avas\mica.json' because it does not exist.
At D:\SICZ\avas\avas.ps1:157 char:18
+           $new = Get-Content -Path $scriptpath\mica.json | ConvertFro ...
+                  ~~~~~~~~~~~~~~~~~~~~~~~~~~~~~~~~~~~~~~~
    + CategoryInfo          : ObjectNotFound: (D:\SICZ\avas\mica.json:String) [Get-Content], ItemNotFoundException
    + FullyQualifiedErrorId : PathNotFound,Microsoft.PowerShell.Commands.GetContentCommand
Get-Content : Cannot find path 'D:\SICZ\avas\mica.json' because it does not exist.
At D:\SICZ\avas\avas.ps1:157 char:18
+           $new = Get-Content -Path $scriptpath\mica.json | ConvertFro ...
+                  ~~~~~~~~~~~~~~~~~~~~~~~~~~~~~~~~~~~~~~~
    + CategoryInfo          : ObjectNotFound: (D:\SICZ\avas\mica.json:String) [Get-Content], ItemNotFoundException
    + FullyQualifiedErrorId : PathNotFound,Microsoft.PowerShell.Commands.GetContentCommand

Get-Content : Cannot find path 'D:\SICZ\avas\hash_luka_admin.json' because it does not exist.
At D:\SICZ\avas\avas.ps1:156 char:18
+ ...      $def = Get-Content -Path $scriptpath\hash_luka_admin.json | Conv ...
+                 ~~~~~~~~~~~~~~~~~~~~~~~~~~~~~~~~~~~~~~~~~~~~~~~~~~
    + CategoryInfo          : ObjectNotFound: (D:\SICZ\avas\hash_luka_admin.json:String) [Get-Content], ItemNotFoundExce
ption
    + FullyQualifiedErrorId : PathNotFound,Microsoft.PowerShell.Commands.GetContentCommand
Get-Content : Cannot find path 'D:\SICZ\avas\hash_luka_admin.json' because it does not exist.
At D:\SICZ\avas\avas.ps1:156 char:18
+ ...      $def = Get-Content -Path $scriptpath\hash_luka_admin.json | Conv ...
+                 ~~~~~~~~~~~~~~~~~~~~~~~~~~~~~~~~~~~~~~~~~~~~~~~~~~
    + CategoryInfo          : ObjectNotFound: (D:\SICZ\avas\hash_luka_admin.json:String) [Get-Content], ItemNotFoundException
    + FullyQualifiedErrorId : PathNotFound,Microsoft.PowerShell.Commands.GetContentCommand

Get-Content : Cannot find path 'D:\SICZ\avas\mica.json' because it does not exist.
At D:\SICZ\avas\avas.ps1:157 char:18
+           $new = Get-Content -Path $scriptpath\mica.json | ConvertFro ...
+                  ~~~~~~~~~~~~~~~~~~~~~~~~~~~~~~~~~~~~~~~
    + CategoryInfo          : ObjectNotFound: (D:\SICZ\avas\mica.json:String) [Get-Content], ItemNotFoundException
    + FullyQualifiedErrorId : PathNotFound,Microsoft.PowerShell.Commands.GetContentCommand
Get-Content : Cannot find path 'D:\SICZ\avas\mica.json' because it does not exist.
At D:\SICZ\avas\avas.ps1:157 char:18
+           $new = Get-Content -Path $scriptpath\mica.json | ConvertFro ...
+                  ~~~~~~~~~~~~~~~~~~~~~~~~~~~~~~~~~~~~~~~
    + CategoryInfo          : ObjectNotFound: (D:\SICZ\avas\mica.json:String) [Get-Content], ItemNotFoundException
    + FullyQualifiedErrorId : PathNotFound,Microsoft.PowerShell.Commands.GetContentCommand

spoustim test hotfix diff
Get-Content : Cannot find path 'D:\SICZ\avas\hash_mica.json' because it does not exist.
At D:\SICZ\avas\avas.ps1:194 char:18
+           $def = Get-Content -Path $scriptpath\hash_mica.json | Conve ...
+                  ~~~~~~~~~~~~~~~~~~~~~~~~~~~~~~~~~~~~~~~~~~~~
    + CategoryInfo          : ObjectNotFound: (D:\SICZ\avas\hash_mica.json:String) [Get-Content], ItemNotFoundException
    + FullyQualifiedErrorId : PathNotFound,Microsoft.PowerShell.Commands.GetContentCommand
Get-Content : Cannot find path 'D:\SICZ\avas\hash_mica.json' because it does not exist.
At D:\SICZ\avas\avas.ps1:194 char:18
+           $def = Get-Content -Path $scriptpath\hash_mica.json | Conve ...
+                  ~~~~~~~~~~~~~~~~~~~~~~~~~~~~~~~~~~~~~~~~~~~~
    + CategoryInfo          : ObjectNotFound: (D:\SICZ\avas\hash_mica.json:String) [Get-Content], ItemNotFoundException
    + FullyQualifiedErrorId : PathNotFound,Microsoft.PowerShell.Commands.GetContentCommand

Get-Content : Cannot find path 'D:\SICZ\avas\hash_luka.json' because it does not exist.
At D:\SICZ\avas\avas.ps1:195 char:18
+           $new = Get-Content -Path $scriptpath\hash_luka.json | Conve ...
+                  ~~~~~~~~~~~~~~~~~~~~~~~~~~~~~~~~~~~~~~~~~~~~
    + CategoryInfo          : ObjectNotFound: (D:\SICZ\avas\hash_luka.json:String) [Get-Content], ItemNotFoundException
    + FullyQualifiedErrorId : PathNotFound,Microsoft.PowerShell.Commands.GetContentCommand
Get-Content : Cannot find path 'D:\SICZ\avas\hash_luka.json' because it does not exist.
At D:\SICZ\avas\avas.ps1:195 char:18
+           $new = Get-Content -Path $scriptpath\hash_luka.json | Conve ...
+                  ~~~~~~~~~~~~~~~~~~~~~~~~~~~~~~~~~~~~~~~~~~~~
    + CategoryInfo          : ObjectNotFound: (D:\SICZ\avas\hash_luka.json:String) [Get-Content], ItemNotFoundException
    + FullyQualifiedErrorId : PathNotFound,Microsoft.PowerShell.Commands.GetContentCommand

Get-Content : Cannot find path 'D:\SICZ\avas\hash_mica.json' because it does not exist.
At D:\SICZ\avas\avas.ps1:194 char:18
+           $def = Get-Content -Path $scriptpath\hash_mica.json | Conve ...
+                  ~~~~~~~~~~~~~~~~~~~~~~~~~~~~~~~~~~~~~~~~~~~~
    + CategoryInfo          : ObjectNotFound: (D:\SICZ\avas\hash_mica.json:String) [Get-Content], ItemNotFoundException
    + FullyQualifiedErrorId : PathNotFound,Microsoft.PowerShell.Commands.GetContentCommand
Get-Content : Cannot find path 'D:\SICZ\avas\hash_mica.json' because it does not exist.
At D:\SICZ\avas\avas.ps1:194 char:18
+           $def = Get-Content -Path $scriptpath\hash_mica.json | Conve ...
+                  ~~~~~~~~~~~~~~~~~~~~~~~~~~~~~~~~~~~~~~~~~~~~
    + CategoryInfo          : ObjectNotFound: (D:\SICZ\avas\hash_mica.json:String) [Get-Content], ItemNotFoundException
    + FullyQualifiedErrorId : PathNotFound,Microsoft.PowerShell.Commands.GetContentCommand

Get-Content : Cannot find path 'D:\SICZ\avas\hash_luka.json' because it does not exist.
At D:\SICZ\avas\avas.ps1:195 char:18
+           $new = Get-Content -Path $scriptpath\hash_luka.json | Conve ...
+                  ~~~~~~~~~~~~~~~~~~~~~~~~~~~~~~~~~~~~~~~~~~~~
    + CategoryInfo          : ObjectNotFound: (D:\SICZ\avas\hash_luka.json:String) [Get-Content], ItemNotFoundException
    + FullyQualifiedErrorId : PathNotFound,Microsoft.PowerShell.Commands.GetContentCommand
Get-Content : Cannot find path 'D:\SICZ\avas\hash_luka.json' because it does not exist.
At D:\SICZ\avas\avas.ps1:195 char:18
+           $new = Get-Content -Path $scriptpath\hash_luka.json | Conve ...
+                  ~~~~~~~~~~~~~~~~~~~~~~~~~~~~~~~~~~~~~~~~~~~~
    + CategoryInfo          : ObjectNotFound: (D:\SICZ\avas\hash_luka.json:String) [Get-Content], ItemNotFoundException
    + FullyQualifiedErrorId : PathNotFound,Microsoft.PowerShell.Commands.GetContentCommand

spoustim test services diff
Get-Content : Cannot find path 'D:\SICZ\avas\hash_luka.json' because it does not exist.
At D:\SICZ\avas\avas.ps1:232 char:18
+           $def = Get-Content -Path $scriptpath\hash_luka.json | Conve ...
+                  ~~~~~~~~~~~~~~~~~~~~~~~~~~~~~~~~~~~~~~~~~~~~
    + CategoryInfo          : ObjectNotFound: (D:\SICZ\avas\hash_luka.json:String) [Get-Content], ItemNotFoundException
    + FullyQualifiedErrorId : PathNotFound,Microsoft.PowerShell.Commands.GetContentCommand
Get-Content : Cannot find path 'D:\SICZ\avas\hash_luka.json' because it does not exist.
At D:\SICZ\avas\avas.ps1:232 char:18
+           $def = Get-Content -Path $scriptpath\hash_luka.json | Conve ...
+                  ~~~~~~~~~~~~~~~~~~~~~~~~~~~~~~~~~~~~~~~~~~~~
    + CategoryInfo          : ObjectNotFound: (D:\SICZ\avas\hash_luka.json:String) [Get-Content], ItemNotFoundException
    + FullyQualifiedErrorId : PathNotFound,Microsoft.PowerShell.Commands.GetContentCommand

Get-Content : Cannot find path 'D:\SICZ\avas\mica.json' because it does not exist.
At D:\SICZ\avas\avas.ps1:233 char:18
+           $new = Get-Content -Path $scriptpath\mica.json | ConvertFro ...
+                  ~~~~~~~~~~~~~~~~~~~~~~~~~~~~~~~~~~~~~~~
    + CategoryInfo          : ObjectNotFound: (D:\SICZ\avas\mica.json:String) [Get-Content], ItemNotFoundException
    + FullyQualifiedErrorId : PathNotFound,Microsoft.PowerShell.Commands.GetContentCommand
Get-Content : Cannot find path 'D:\SICZ\avas\mica.json' because it does not exist.
At D:\SICZ\avas\avas.ps1:233 char:18
+           $new = Get-Content -Path $scriptpath\mica.json | ConvertFro ...
+                  ~~~~~~~~~~~~~~~~~~~~~~~~~~~~~~~~~~~~~~~
    + CategoryInfo          : ObjectNotFound: (D:\SICZ\avas\mica.json:String) [Get-Content], ItemNotFoundException
    + FullyQualifiedErrorId : PathNotFound,Microsoft.PowerShell.Commands.GetContentCommand

Get-Content : Cannot find path 'D:\SICZ\avas\hash_luka.json' because it does not exist.
At D:\SICZ\avas\avas.ps1:232 char:18
+           $def = Get-Content -Path $scriptpath\hash_luka.json | Conve ...
+                  ~~~~~~~~~~~~~~~~~~~~~~~~~~~~~~~~~~~~~~~~~~~~
    + CategoryInfo          : ObjectNotFound: (D:\SICZ\avas\hash_luka.json:String) [Get-Content], ItemNotFoundException
    + FullyQualifiedErrorId : PathNotFound,Microsoft.PowerShell.Commands.GetContentCommand
Get-Content : Cannot find path 'D:\SICZ\avas\hash_luka.json' because it does not exist.
At D:\SICZ\avas\avas.ps1:232 char:18
+           $def = Get-Content -Path $scriptpath\hash_luka.json | Conve ...
+                  ~~~~~~~~~~~~~~~~~~~~~~~~~~~~~~~~~~~~~~~~~~~~
    + CategoryInfo          : ObjectNotFound: (D:\SICZ\avas\hash_luka.json:String) [Get-Content], ItemNotFoundException
    + FullyQualifiedErrorId : PathNotFound,Microsoft.PowerShell.Commands.GetContentCommand

Get-Content : Cannot find path 'D:\SICZ\avas\mica.json' because it does not exist.
At D:\SICZ\avas\avas.ps1:233 char:18
+           $new = Get-Content -Path $scriptpath\mica.json | ConvertFro ...
+                  ~~~~~~~~~~~~~~~~~~~~~~~~~~~~~~~~~~~~~~~
    + CategoryInfo          : ObjectNotFound: (D:\SICZ\avas\mica.json:String) [Get-Content], ItemNotFoundException
    + FullyQualifiedErrorId : PathNotFound,Microsoft.PowerShell.Commands.GetContentCommand
Get-Content : Cannot find path 'D:\SICZ\avas\mica.json' because it does not exist.
At D:\SICZ\avas\avas.ps1:233 char:18
+           $new = Get-Content -Path $scriptpath\mica.json | ConvertFro ...
+                  ~~~~~~~~~~~~~~~~~~~~~~~~~~~~~~~~~~~~~~~
    + CategoryInfo          : ObjectNotFound: (D:\SICZ\avas\mica.json:String) [Get-Content], ItemNotFoundException
    + FullyQualifiedErrorId : PathNotFound,Microsoft.PowerShell.Commands.GetContentCommand

Get-Content : Cannot find path 'D:\SICZ\avas\mica.json' because it does not exist.
At D:\SICZ\avas\avas.ps1:269 char:18
+           $def = Get-Content -Path  $scriptpath\mica.json | ConvertFr ...
+                  ~~~~~~~~~~~~~~~~~~~~~~~~~~~~~~~~~~~~~~~~
    + CategoryInfo          : ObjectNotFound: (D:\SICZ\avas\mica.json:String) [Get-Content], ItemNotFoundException
    + FullyQualifiedErrorId : PathNotFound,Microsoft.PowerShell.Commands.GetContentCommand
Get-Content : Cannot find path 'D:\SICZ\avas\mica.json' because it does not exist.
At D:\SICZ\avas\avas.ps1:269 char:18
+           $def = Get-Content -Path  $scriptpath\mica.json | ConvertFr ...
+                  ~~~~~~~~~~~~~~~~~~~~~~~~~~~~~~~~~~~~~~~~
    + CategoryInfo          : ObjectNotFound: (D:\SICZ\avas\mica.json:String) [Get-Content], ItemNotFoundException
    + FullyQualifiedErrorId : PathNotFound,Microsoft.PowerShell.Commands.GetContentCommand

Get-Content : Cannot find path 'D:\SICZ\avas\hash_mica.json' because it does not exist.
At D:\SICZ\avas\avas.ps1:270 char:18
+ ...          $new = Get-Content -Path  $scriptpath\hash_mica.json | Conve ...
+                     ~~~~~~~~~~~~~~~~~~~~~~~~~~~~~~~~~~~~~~~~~~~~~
    + CategoryInfo          : ObjectNotFound: (D:\SICZ\avas\hash_mica.json:String) [Get-Content], ItemNotFoundException
    + FullyQualifiedErrorId : PathNotFound,Microsoft.PowerShell.Commands.GetContentCommand
Get-Content : Cannot find path 'D:\SICZ\avas\hash_mica.json' because it does not exist.
At D:\SICZ\avas\avas.ps1:270 char:18
+ ...          $new = Get-Content -Path  $scriptpath\hash_mica.json | Conve ...
+                     ~~~~~~~~~~~~~~~~~~~~~~~~~~~~~~~~~~~~~~~~~~~~~
    + CategoryInfo          : ObjectNotFound: (D:\SICZ\avas\hash_mica.json:String) [Get-Content], ItemNotFoundException
    + FullyQualifiedErrorId : PathNotFound,Microsoft.PowerShell.Commands.GetContentCommand

Get-Content : Cannot find path 'D:\SICZ\avas\mica.json' because it does not exist.
At D:\SICZ\avas\avas.ps1:269 char:18
+           $def = Get-Content -Path  $scriptpath\mica.json | ConvertFr ...
+                  ~~~~~~~~~~~~~~~~~~~~~~~~~~~~~~~~~~~~~~~~
    + CategoryInfo          : ObjectNotFound: (D:\SICZ\avas\mica.json:String) [Get-Content], ItemNotFoundException
    + FullyQualifiedErrorId : PathNotFound,Microsoft.PowerShell.Commands.GetContentCommand
Get-Content : Cannot find path 'D:\SICZ\avas\mica.json' because it does not exist.
At D:\SICZ\avas\avas.ps1:269 char:18
+           $def = Get-Content -Path  $scriptpath\mica.json | ConvertFr ...
+                  ~~~~~~~~~~~~~~~~~~~~~~~~~~~~~~~~~~~~~~~~
    + CategoryInfo          : ObjectNotFound: (D:\SICZ\avas\mica.json:String) [Get-Content], ItemNotFoundException
    + FullyQualifiedErrorId : PathNotFound,Microsoft.PowerShell.Commands.GetContentCommand

Get-Content : Cannot find path 'D:\SICZ\avas\hash_mica.json' because it does not exist.
At D:\SICZ\avas\avas.ps1:270 char:18
+ ...          $new = Get-Content -Path  $scriptpath\hash_mica.json | Conve ...
+                     ~~~~~~~~~~~~~~~~~~~~~~~~~~~~~~~~~~~~~~~~~~~~~
    + CategoryInfo          : ObjectNotFound: (D:\SICZ\avas\hash_mica.json:String) [Get-Content], ItemNotFoundException
    + FullyQualifiedErrorId : PathNotFound,Microsoft.PowerShell.Commands.GetContentCommand
Get-Content : Cannot find path 'D:\SICZ\avas\hash_mica.json' because it does not exist.
At D:\SICZ\avas\avas.ps1:270 char:18
+ ...          $new = Get-Content -Path  $scriptpath\hash_mica.json | Conve ...
+                     ~~~~~~~~~~~~~~~~~~~~~~~~~~~~~~~~~~~~~~~~~~~~~
    + CategoryInfo          : ObjectNotFound: (D:\SICZ\avas\hash_mica.json:String) [Get-Content], ItemNotFoundException
    + FullyQualifiedErrorId : PathNotFound,Microsoft.PowerShell.Commands.GetContentCommand

