**********************
Windows PowerShell transcript start
Start time: 20171019101609
Username: DESKTOP-SOQV869\Lukas
RunAs User: DESKTOP-SOQV869\Lukas
Configuration Name: 
Machine: DESKTOP-SOQV869 (Microsoft Windows NT 10.0.16299.0)
Host Application: C:\WINDOWS\system32\WindowsPowerShell\v1.0\PowerShell_ISE.exe
Process ID: 3892
PSVersion: 5.1.16299.19
PSEdition: Desktop
PSCompatibleVersions: 1.0, 2.0, 3.0, 4.0, 5.0, 5.1.16299.19
BuildVersion: 10.0.16299.19
CLRVersion: 4.0.30319.42000
WSManStackVersion: 3.0
PSRemotingProtocolVersion: 2.3
SerializationVersion: 1.1.0.1
**********************
Transcript started, output file is D:\SICZ\AVAS/debug-2017-10-19-10-16-09.log
-message pokracuji ve zpracovani
spoustim test app diff
spoustim test services diff

spoustim test scheduled tasks diff
spoustim test hotfix diff
DisplayName                                  StartType
-----------                                  ---------
Background Intelligent Transfer Service              3
Offline Files                                        2
Optimize drives                                      3
Device Association Service                           2
Delivery Optimization                                2
File History Service                                 2
IKE and AuthIP IPsec Keying Modules                  2
Touch Keyboard and Handwriting Panel Service         4
Windows Event Collector                              2
Windows Defender Antivirus Service                   3
Windows Remote Management (WS-Management)            3





































































































































































































































































































































































































































































































































































































































































































































































































































































































































































































































































































pridavam hash noteproperty



PS C:\WINDOWS\system32> $hash.hotfix
PS C:\WINDOWS\system32> $json.Local_Disks


FileSystem : NTFS
Type       : Local Fixed Disk
Volume     : C:
Available  : 106330128384
Computer   : MICA
Used       : 72786571264
Size       : 179116699648

FileSystem : NTFS
Type       : Local Fixed Disk
Volume     : D:
Available  : 160850657280
Computer   : MICA
Used       : 171546882048
Size       : 332397539328



