**********************
Windows PowerShell transcript start
Start time: 20171026164532
Username: DESKTOP-SOQV869\karabecl
RunAs User: DESKTOP-SOQV869\karabecl
Configuration Name: 
Machine: DESKTOP-SOQV869 (Microsoft Windows NT 10.0.16299.0)
Host Application: C:\WINDOWS\system32\WindowsPowerShell\v1.0\PowerShell_ISE.exe
Process ID: 8468
PSVersion: 5.1.16299.19
PSEdition: Desktop
PSCompatibleVersions: 1.0, 2.0, 3.0, 4.0, 5.0, 5.1.16299.19
BuildVersion: 10.0.16299.19
CLRVersion: 4.0.30319.42000
WSManStackVersion: 3.0
PSRemotingProtocolVersion: 2.3
SerializationVersion: 1.1.0.1
**********************
Transcript started, output file is D:\SICZ\AVAS/debug-2017-10-26-04-45-32.log
-message pokracuji ve zpracovani
spoustim test app diff
spoustim test services diff

spoustim test scheduled tasks diff
spoustim test hotfix diff
spoustim test services diff
DisplayName                                  StartType
-----------                                  ---------
Background Intelligent Transfer Service              3
Offline Files                                        2
Optimize drives                                      3
Device Association Service                           2
Delivery Optimization                                2
File History Service                                 2
IKE and AuthIP IPsec Keying Modules                  2
Touch Keyboard and Handwriting Panel Service         4
Windows Event Collector                              2
Windows Defender Antivirus Service                   3
Windows Remote Management (WS-Management)            3





































































































































































































































































































































































































































































































































































































































































































































































































































































































































































































































































































pridavam hash noteproperty

Cancel


PS C:\WINDOWS\system32> Get-Process

Handles  NPM(K)    PM(K)      WS(K)     CPU(s)     Id  SI ProcessName
-------  ------    -----      -----     ------     --  -- -----------
    158      12     1752       8200       0.02   9176   1 acrotray
    179      14     3572      10136       0.05   8008   1 AdobeGCClient
    129      10     1804       7328       0.41   6104   1 ApMsgFwd
    147      10     1756       7324       0.25   5932   1 ApntEx
    358      20     4528      21868       0.31   5172   1 Apoint
    150      10     1580       6828       0.02   3560   0 armsvc
    207      11     6296      12168       0.08   3148   0 audiodg
    704      34    13864      49464       2.69   7688   1 backgroundTaskHost
    133      10     5584      10284       0.06   5760   1 conhost
    571      21     1652       5160       0.30    536   0 csrss
    416      19     2440       5696       1.66    648   1 csrss
    373      16     3408      14876       0.55   5576   1 ctfmon
    187      17     3604      10636       0.08   5888   1 dllhost
    108       7     1356       6468       0.02   6912   1 dllhost
    513      25    45304      65124       2.88   1140   1 dwm
    223      10     2508       7480       0.20   3608   0 EPWD
   2166      73    36656      88784       3.64   5780   1 explorer
     45       5     1552       4060       0.03    872   0 fontdrvhost
     68       8     3592       9716       0.11   1060   1 fontdrvhost
    214      13     2268       1212       0.06   4168   0 GoogleUpdate
     80       7     1148       5260       0.02   5808   1 hidfind
    109       7     1216       5316       0.03   3576   0 HidMonitorSvc
     81       6     1208       4268       0.00   3596   0 ibtsiva
      0       0       52          8                 0   0 Idle
    188      10     2012       8848       0.03   2236   0 igfxCUIService
    216      14     3556      12628       0.11   5292   1 igfxEM
    134      10     2352       9212       0.03   5308   1 igfxHK
    267      16     8104      13100       0.22   3648   0 IpOverUsbSvc
   1219      22     6028      15500       0.84    736   0 lsass
      0       0       32          4       0.00   2072   0 Memory Compression
    652      65   121276     105576       7.73   3888   0 MsMpEng
    294     193     9780       5096       0.31   6204   0 NisSrv
    132       9     1528       1576       0.05   9200   1 ONENOTEM
   1064      85   439772     486392      14.47   8468   1 powershell_ise
    227      27    26984      19724       0.19   5068   0 PresentationFontCache
    237      12     4156      11700       0.03   2768   1 RAVBg64
    397      33    16944       9324       0.11   7724   1 RAVBg64
    289      14     5696      13760       0.03   8976   1 RAVBg64
    287      20     8360      20068       0.20   7200   1 RemindersServer
    166       9     1804       7616       0.03   2696   0 RtkAudioService64
    359      14     4292      13796       0.03   8772   1 RtkNGUI64
    578      33     9208      35572       0.69   3100   1 RuntimeBroker
    422      22     6876      25352       0.53   6856   1 RuntimeBroker
    124       7     1884       7240       0.02   7620   1 RuntimeBroker
    381      20     6312      22812       0.77   8188   1 RuntimeBroker
    773      76    57504      53496       7.27   5676   0 SearchIndexer
   1097      84   101300     170632       7.66   6756   1 SearchUI
    131       8     1544       7096       0.02   3748   0 SecurityHealthService
    718      15     6388      11232       1.53    716   0 services
    685     288   182576     192744     128.09   7400   1 SettingSyncHost
    908      38    30988      77836       1.47   6600   1 ShellExperienceHost
    497      16     5420      23544       0.91   4776   1 sihost
    229      19    13352      19084       0.11   7456   1 smartscreen
     52       3      524       1216       0.14    368   0 smss
    451      23     5868      15676       0.09   3216   0 spoolsv
    300      10     2568       8696       0.17    344   0 svchost
     77       5      936       3928       0.00    844   0 svchost
    935      23     9408      23832       1.47    880   0 svchost
   1046      17     5312      11356       1.69    964   0 svchost
    337      17     4092      14740       0.08   1016   0 svchost
    171      10     2312       7440       0.02   1172   0 svchost
    407      14     3748      11812       0.14   1184   0 svchost
    166       9     1956       7756       0.02   1216   0 svchost
    204       9     1824       7256       0.03   1288   0 svchost
    203      12     2396       9972       0.09   1296   0 svchost
    165       9     2092      11364       0.03   1304   0 svchost
    411      20     6424      15132       0.30   1404   0 svchost
    115       9     1580       6040       0.02   1432   0 svchost
    226      12     2576      10632       0.16   1452   0 svchost
    198      10     2000       8484       0.03   1516   0 svchost
    395      15    17680      20468       0.38   1588   0 svchost
    463      34     9720      19260       0.77   1620   0 svchost
    222      10     2316       8784       0.30   1656   0 svchost
    163      10     1812       7704       0.02   1684   0 svchost
    113       8     1456       6572       0.03   1712   0 svchost
    129      19     3648       7796       0.06   1792   0 svchost
    223      10     2280       7564       0.11   1960   0 svchost
    197      11     2216      11884       1.70   1976   0 svchost
    163       9     1944       7720       0.05   1984   0 svchost
    171       7     1348       5892       0.00   1992   0 svchost
    176      12     2040       8480       0.05   2100   0 svchost
    378      17     4828      12656       0.52   2148   0 svchost
    358      15     2988      14256       0.14   2180   0 svchost
    175      11     2124       8216       0.02   2200   0 svchost
    164      10     1876       7768       0.11   2336   0 svchost
    123       9     1808      10864       0.39   2344   0 svchost
    229      14     2296       9204       0.02   2352   0 svchost
    410      12     3212       9384       0.27   2404   0 svchost
    361      14     6680      15152       0.36   2492   0 svchost
    371      19     5180      15908       0.28   2604   0 svchost
    199      15     6140      16176       0.11   2620   0 svchost
    260      12     2672      11224       0.08   2628   0 svchost
    330      15     3796      14676       0.11   2732   0 svchost
    227      14     3044       8376       0.22   2800   0 svchost
    174       9     3292      11020       1.02   2816   0 svchost
   2330      36    20640      40600       2.00   2824   1 svchost
    136      10     1832       6672       0.03   2828   0 svchost
    431      19     3972      13476       0.14   2836   0 svchost
    251      13     3768      11052       0.20   3000   0 svchost
    209      12     2664      11312       0.03   3080   0 svchost
    259      16     3008      13352       0.08   3128   0 svchost
    161       9     1772       6924       0.00   3540   0 svchost
    176      21     2688       9948       0.08   3568   0 svchost
    486      25    23936      43192       2.83   3588   0 svchost
    305      16     7788      12940       0.30   3628   0 svchost
    233      13     2704       7756       0.14   3640   0 svchost
    567      22     5168      15756       0.31   3672   0 svchost
    121      10     1628       6664       0.02   3720   0 svchost
    181      11     2076       8648       0.08   3740   0 svchost
    126       7     1304       5744       0.00   3792   0 svchost
    116       7     2288       8148       0.02   3816   0 svchost
    195      12     2432       9232       0.03   3856   0 svchost
    346      19     3984      17476       0.09   3896   0 svchost
    182      11     2184       8532       0.03   3908   0 svchost
     97       7     1356       5568       0.00   4188   0 svchost
    360      23     3480      11828       0.11   4452   0 svchost
    272      14     3628      19044       0.70   4656   0 svchost
    388      18     5500      24208       0.17   4924   1 svchost
    365      21     6460      28952       0.30   5000   1 svchost
    161      10     2216      10812       0.02   5084   0 svchost
    160       9     1828       7980       0.03   5424   0 svchost
    118       7     1360       6316       0.02   5832   0 svchost
    169      10     3224       7044       0.03   6112   0 svchost
    214      11     2232       8836       0.03   6668   0 svchost
    379      24     6028      18460       0.14   8232   0 svchost
    110       8     1496       5844       0.02   9020   0 svchost
   3110       0      152        144      20.11      4   0 System
    520      26     7684      29256       0.23   8060   1 SystemSettingsBroker
    265      27     5152      13748       0.09   4952   1 taskhostw
    516      34    25040      36508       0.88   3776   0 TracSrvWrapper
    439      22    21360      37664       0.31   8128   1 TrGUI
    165      11     2000       7344       0.09   3848   0 vmnat
     78       7     7488       5136       0.03   3820   0 vmnetdhcp
    317      16     4564      12324       0.28   3808   0 vmware-authd
    202      11     2504       9980       0.00   3828   0 vmware-usbarbitrator64
    160      11     1616       6600       0.09    640   0 wininit
    240      11     2316      11440       0.09    864   1 winlogon
    151       9     2240       8484       0.03   1340   0 WmiPrvSE
    153       9     2040       7996       0.02   8932   0 WmiPrvSE
    310      12     2072       9228       0.05    956   0 WUDFHost


PS C:\WINDOWS\system32> Get-AppvVirtualProcess
PS C:\WINDOWS\system32> TerminatingError(): "Exception calling "GetUserVirtualProcesses" with "0" argument(s): "CoCreateInstance() failed. The Microsoft Application Virtualization Service may not have been started. Please verify that the service is running.""
>> TerminatingError(): "Exception calling "GetUserVirtualProcesses" with "0" argument(s): "CoCreateInstance() failed. The Microsoft Application Virtualization Service may not have been started. Please verify that the service is running.""
Exception calling "GetUserVirtualProcesses" with "0" argument(s): "CoCreateInstance() failed. The
Microsoft Application Virtualization Service may not have been started. Please verify that the
service is running."
At C:\WINDOWS\system32\WindowsPowerShell\v1.0\Modules\AppvClient\AppVClientCmdlets.psm1:45 char:13
+             $processList = $comConsumer.GetUserVirtualProcesses()
+             ~~~~~~~~~~~~~~~~~~~~~~~~~~~~~~~~~~~~~~~~~~~~~~~~~~~~~
    + CategoryInfo          : NotSpecified: (:) [], ParentContainsErrorRecordException
    + FullyQualifiedErrorId : COMException

New-EventLog : The "AVAS" source is already registered on the "localhost" computer.
At D:\SICZ\AVAS\formular.ps1:10 char:1
+ New-EventLog -LogName Application -Source "AVAS"
+ ~~~~~~~~~~~~~~~~~~~~~~~~~~~~~~~~~~~~~~~~~~~~~~~~
    + CategoryInfo          : InvalidOperation: (:) [New-EventLog], InvalidOperationException
    + FullyQualifiedErrorId : Microsoft.PowerShell.Commands.NewEventLogCommand

Transcript started, output file is D:\SICZ\AVAS\AVAS_2017_10_26.log
Transcript started, output file is ./transcript2017-10-26-04-49-02.txt
10/26/2017 16:49:02 - Nacitani json konfiguracniho souboru
Transcript started, output file is D:\SICZ\AVAS/debug-2017-10-26-04-49-08.log
-message pokracuji ve zpracovani
spoustim test app diff

spoustim test services diff
spoustim test scheduled tasks diff
spoustim test hotfix diff
spoustim test services diff
DisplayName                                  DisplayVersion Publisher
-----------                                  -------------- ---------
VMware Player                                12.5.7         VMware, Inc.
Microsoft Visual Studio Code                 1.17.0         Microsoft Corporation
Offline Files
Device Association Service
File History Service
IKE and AuthIP IPsec Keying Modules
Windows Image Acquisition (WIA)
Storage Service
Touch Keyboard and Handwriting Panel Service
Windows Event Collector
Windows Defender Antivirus Service





































































































































































































































































































































































































































































































































































































































































































































































































































































































































































































































































































pridavam hash noteproperty

Cancel


**********************
Windows PowerShell transcript end
End time: 20171026170749
**********************
