**********************
Windows PowerShell transcript start
Start time: 20171012163342
Username: DESKTOP-TBE27PS\lukas
RunAs User: DESKTOP-TBE27PS\lukas
Configuration Name: 
Machine: DESKTOP-TBE27PS (Microsoft Windows NT 10.0.17004.0)
Host Application: C:\Windows\System32\WindowsPowerShell\v1.0\powershell_ise.exe
Process ID: 3804
PSVersion: 5.1.17004.1000
PSEdition: Desktop
PSCompatibleVersions: 1.0, 2.0, 3.0, 4.0, 5.0, 5.1.17004.1000
BuildVersion: 10.0.17004.1000
CLRVersion: 4.0.30319.42000
WSManStackVersion: 3.0
PSRemotingProtocolVersion: 2.3
SerializationVersion: 1.1.0.1
**********************
Transcript started, output file is D:\SICZ\avas/debug-2017-10-12-04-33-42.log
-message pokracuji ve zpracovani
spoustim test app diff

spoustim test services diff
spoustim test scheduled tasks diff
spoustim test hotfix diff
DisplayName                                  DisplayVersion Publisher
-----------                                  -------------- ---------
Dell SupportAssist                           2.0.6875.668   Dell
Total Commander 64-bit (Remove or Repair)    9.0a           Ghisler Software GmbH
Background Intelligent Transfer Service
Offline Files
Connected User Experiences and Telemetry
Diagnostic Policy Service
File History Service
IKE and AuthIP IPsec Keying Modules
Geolocation Service
Net.Tcp Port Sharing Service
Remote Access Connection Manager
Routing and Remote Access
Shell Hardware Detection
Shared PC Account Manager
Windows Image Acquisition (WIA)
Touch Keyboard and Handwriting Panel Service
Themes
Auto Time Zone Updater
Windows Time
Windows Event Collector
Windows Defender Antivirus Service
Windows Remote Management (WS-Management)

InputObject     SideIndicator
-----------     -------------
DESKTOP-TBE27PS =>           
MICA            <=





PS C:\WINDOWS\system32> $hash.hdd


FileSystem : NTFS
Type       : Local Fixed Disk
Volume     : C:
Available  : 18977058816
Computer   : MICA
Used       : 108479447040
Size       : 127456505856

FileSystem : NTFS
Type       : Local Fixed Disk
Volume     : D:
Available  : 155963895808
Computer   : MICA
Used       : 344007622656
Size       : 499971518464



PS C:\WINDOWS\system32> $hash.AV_MS_version
PS C:\WINDOWS\system32> $hash.Domain
PS C:\WINDOWS\system32> $hash.Domain_dhcp
sicz.local
