**********************
Windows PowerShell transcript start
Start time: 20171009142440
Username: DESKTOP-TBE27PS\lukas
RunAs User: DESKTOP-TBE27PS\lukas
Configuration Name: 
Machine: DESKTOP-TBE27PS (Microsoft Windows NT 10.0.17004.0)
Host Application: C:\Windows\System32\WindowsPowerShell\v1.0\powershell_ise.exe
Process ID: 3668
PSVersion: 5.1.17004.1000
PSEdition: Desktop
PSCompatibleVersions: 1.0, 2.0, 3.0, 4.0, 5.0, 5.1.17004.1000
BuildVersion: 10.0.17004.1000
CLRVersion: 4.0.30319.42000
WSManStackVersion: 3.0
PSRemotingProtocolVersion: 2.3
SerializationVersion: 1.1.0.1
**********************
Transcript started, output file is D:\SICZ\avas/debug-2017-10-09-02-24-40.log
-message pokracuji ve zpracovani
spoustim test app diff

spoustim test services diff
spoustim test scheduled tasks diff
spoustim test hotfix diff
spoustim test services diff
DisplayName                                                DisplayVersion Publisher
-----------                                                -------------- ---------
Microsoft Visual J# 2.0 Redistributable Package - SE (x64)                Microsoft Corporation
Speccy                                                     1.29           Piriform
Intel(R) Management Engine Components                      1.0.0.0        Intel Corporation
Intel(R) Management Engine Components                      1.0.0.0        Intel Corporation
Intel(R) Management Engine Components                      11.0.0.1163    Intel Corporation
Intel(R) Management Engine Components                      11.0.0.1163    Intel Corporation
Intel(R) Management Engine Components                      11.0.0.1163    Intel Corporation
Intel(R) Management Engine Components                      11.0.0.1163    Intel Corporation
Intel(R) Rapid Storage Technology                          14.8.1.1043    Intel Corporation
Intel(R) Rapid Storage Technology                          14.8.1.1043    Intel Corporation
Intel® Trusted Connect Service Client                      1.42.17.0      Intel Corporation
Intel(R) Management Engine Components                      11.0.0.1163    Intel Corporation
Intel(R) Management Engine Components                      11.0.0.1163    Intel Corporation
Intel(R) Management Engine Components                      11.0.0.1163    Intel Corporation
Intel(R) Management Engine Components                      11.0.0.1163    Intel Corporation
Intel(R) Rapid Storage Technology                          14.8.1.1043    Intel Corporation
Intel(R) Rapid Storage Technology                          14.8.1.1043    Intel Corporation
Intel(R) Management Engine Components                      1.0.0.0        Intel Corporation
Intel(R) Management Engine Components                      1.0.0.0        Intel Corporation
Microsoft Visual J# 2.0 Redistributable Package - SE (x64) 2.0.50728      Microsoft Corporation











































































































































































































































































































































































































































































































































































































































































































































































































































































































































































































































































































































PS C:\WINDOWS\system32> TerminatingError(): "The pipeline has been stopped."
>> $hash


Apps           : {@{DisplayName=Microsoft Visual J# 2.0 Redistributable Package - SE (x64); DisplayVersion=; Publisher=Microsoft Corporation}, @{DisplayName=Speccy; DisplayVersion=1.29; Publisher=Piriform},
                  @{DisplayName=Intel(R) Management Engine Components; DisplayVersion=1.0.0.0; Publisher=Intel Corporation}, @{DisplayName=Intel(R) Management Engine Components; DisplayVersion=1.0.0.0; Publ
                 isher=Intel Corporation}...}
services       :
scheduledtasks :
hotfix         :
processes      : {@{Product=Microsoft® Windows® Operating System; Description=Application Frame Host}, @{Product=Microsoft® Windows® Operating System; Description=Application Frame Host}, @{Product=Microsof
                 t® Windows® Operating System; Description=Application Frame Host}, @{Product=Microsoft® Windows® Operating System; Description=Application Frame Host}...}
uwp            : {@{Name=Microsoft.BioEnrollment; PackageFullName=Microsoft.BioEnrollment_10.0.14393.0_neutral__cw5n1h2txyewy}, @{Name=Microsoft.Windows.CloudExperienceHost; PackageFullName=Microsoft.Window
                 s.CloudExperienceHost_10.0.14393.0_neutral_neutral_cw5n1h2txyewy}, @{Name=Microsoft.NET.Native.Runtime.1.3; PackageFullName=Microsoft.NET.Native.Runtime.1.3_1.3.23901.0_x86__8wekyb3d8bbwe},
                  @{Name=Microsoft.NET.Native.Runtime.1.3; PackageFullName=Microsoft.NET.Native.Runtime.1.3_1.3.23901.0_x64__8wekyb3d8bbwe}...}



