**********************
Windows PowerShell transcript start
Start time: 20171010114930
Username: DESKTOP-TBE27PS\lukas
RunAs User: DESKTOP-TBE27PS\lukas
Configuration Name: 
Machine: DESKTOP-TBE27PS (Microsoft Windows NT 10.0.17004.0)
Host Application: C:\Windows\System32\WindowsPowerShell\v1.0\powershell_ise.exe
Process ID: 7668
PSVersion: 5.1.17004.1000
PSEdition: Desktop
PSCompatibleVersions: 1.0, 2.0, 3.0, 4.0, 5.0, 5.1.17004.1000
BuildVersion: 10.0.17004.1000
CLRVersion: 4.0.30319.42000
WSManStackVersion: 3.0
PSRemotingProtocolVersion: 2.3
SerializationVersion: 1.1.0.1
**********************
Transcript started, output file is D:\SICZ\avas/debug-2017-10-10-11-49-30.log
-message pokracuji ve zpracovani
spoustim test app diff

spoustim test services diff
spoustim test scheduled tasks diff
spoustim test hotfix diff
DisplayName                                  DisplayVersion Publisher
-----------                                  -------------- ---------
Dell SupportAssist                           2.0.6875.668   Dell
Total Commander 64-bit (Remove or Repair)    9.0a           Ghisler Software GmbH
Background Intelligent Transfer Service
Offline Files
Connected User Experiences and Telemetry
Diagnostic Policy Service
File History Service
IKE and AuthIP IPsec Keying Modules
Geolocation Service
Net.Tcp Port Sharing Service
Remote Access Connection Manager
Routing and Remote Access
Shell Hardware Detection
Shared PC Account Manager
Windows Image Acquisition (WIA)
Touch Keyboard and Handwriting Panel Service
Themes
Auto Time Zone Updater
Windows Time
Windows Event Collector
Windows Defender Antivirus Service
Windows Remote Management (WS-Management)


PS C:\WINDOWS\system32> $hash


Apps           : {@{DisplayName=Dell SupportAssist; DisplayVersion=2.0.6875.668; Publisher=Dell}, @{DisplayName=Total Commander 64-bit (Remove or Repair); DisplayVersion=9.0a; Publisher=Ghisler Software Gmb
                 H}}
services       : {@{DisplayName=Background Intelligent Transfer Service; StartType=3}, @{DisplayName=Offline Files; StartType=2}, @{DisplayName=Connected User Experiences and Telemetry; StartType=2}, @{Disp
                 layName=Diagnostic Policy Service; StartType=2}...}
scheduledtasks :
hotfix         :
uwp            :



PS C:\WINDOWS\system32> $hash.Apps

DisplayName                               DisplayVersion Publisher
-----------                               -------------- ---------
Dell SupportAssist                        2.0.6875.668   Dell
Total Commander 64-bit (Remove or Repair) 9.0a           Ghisler Software GmbH


WARNING: ACTIONS REQUIRED:

1. Save this numerical recovery password in a secure location away from your computer:

534215-275627-034188-536558-025641-379621-173349-434390

To prevent data loss, save this password immediately. This password helps ensure that you can unlock the encrypted volume.


   ComputerName: DESKTOP-TBE27PS

VolumeType      Mount CapacityGB VolumeStatus           Encryption KeyProtector              AutoUnlock Protection
                Point                                   Percentage                           Enabled    Status
----------      ----- ---------- ------------           ---------- ------------              ---------- ----------
OperatingSystem C:        118,70 EncryptionInProgress   1          {Tpm, RecoveryPassword}              Off


WARNING: ACTIONS REQUIRED:

1. Save this numerical recovery password in a secure location away from your computer:

534215-275627-034188-536558-025641-379621-173349-434390

To prevent data loss, save this password immediately. This password helps ensure that you can unlock the encrypted volume.


   ComputerName: DESKTOP-TBE27PS

VolumeType      Mount CapacityGB VolumeStatus           Encryption KeyProtector              AutoUnlock Protection
                Point                                   Percentage                           Enabled    Status
----------      ----- ---------- ------------           ---------- ------------              ---------- ----------
OperatingSystem C:        118,70 EncryptionInProgress   9          {Tpm, RecoveryPassword...            Off
PS C:\WINDOWS\system32> TerminatingError(): "The pipeline has been stopped."
>> TerminatingError(): "The pipeline has been stopped."
WARNING: ACTIONS REQUIRED:

1. Save this numerical recovery password in a secure location away from your computer:

534215-275627-034188-536558-025641-379621-173349-434390

To prevent data loss, save this password immediately. This password helps ensure that you can unlock the encrypted volume.


   ComputerName: DESKTOP-TBE27PS

VolumeType      Mount CapacityGB VolumeStatus           Encryption KeyProtector              AutoUnlock Protection
                Point                                   Percentage                           Enabled    Status
----------      ----- ---------- ------------           ---------- ------------              ---------- ----------
OperatingSystem C:        118,70 EncryptionInProgress   11         {Tpm, RecoveryPassword...            Off
PS C:\WINDOWS\system32> TerminatingError(Write-Progress): "Cannot bind parameter 'PercentComplete'. Cannot convert value "EncryptionPercentage" to type "System.Int32". Error: "Input string was not in a correct format.""
Write-Progress : Cannot bind parameter 'PercentComplete'. Cannot convert value "EncryptionPercentage" to type "System.In
t32". Error: "Input string was not in a correct format."
At D:\SICZ\Skript-ps-bitlocker\ënable BL.ps1:6 char:98
+ ... :" -Status 'Stav sifrovani...:' -PercentComplete EncryptionPercentage
+                                                      ~~~~~~~~~~~~~~~~~~~~
    + CategoryInfo          : InvalidArgument: (:) [Write-Progress], ParameterBindingException
    + FullyQualifiedErrorId : CannotConvertArgumentNoMessage,Microsoft.PowerShell.Commands.WriteProgressCommand
Write-Progress : Cannot bind parameter 'PercentComplete'. Cannot convert value "EncryptionPercentage" to type "System.Int32". Error: "Input string was not in a correct format."
At D:\SICZ\Skript-ps-bitlocker\ënable BL.ps1:6 char:98
+ ... :" -Status 'Stav sifrovani...:' -PercentComplete EncryptionPercentage
+                                                      ~~~~~~~~~~~~~~~~~~~~
    + CategoryInfo          : InvalidArgument: (:) [Write-Progress], ParameterBindingException
    + FullyQualifiedErrorId : CannotConvertArgumentNoMessage,Microsoft.PowerShell.Commands.WriteProgressCommand

PS C:\WINDOWS\system32> TerminatingError(Write-Progress): "Cannot bind parameter 'PercentComplete'. Cannot convert value "EncryptionPercentage" to type "System.Int32". Error: "Input string was not in a correct format.""
Write-Progress : Cannot bind parameter 'PercentComplete'. Cannot convert value "EncryptionPercentage" to type "System.In
t32". Error: "Input string was not in a correct format."
At D:\SICZ\Skript-ps-bitlocker\ënable BL.ps1:6 char:98
+ ... :" -Status 'Stav sifrovani...:' -PercentComplete EncryptionPercentage
+                                                      ~~~~~~~~~~~~~~~~~~~~
    + CategoryInfo          : InvalidArgument: (:) [Write-Progress], ParameterBindingException
    + FullyQualifiedErrorId : CannotConvertArgumentNoMessage,Microsoft.PowerShell.Commands.WriteProgressCommand
Write-Progress : Cannot bind parameter 'PercentComplete'. Cannot convert value "EncryptionPercentage" to type "System.Int32". Error: "Input string was not in a correct format."
At D:\SICZ\Skript-ps-bitlocker\ënable BL.ps1:6 char:98
+ ... :" -Status 'Stav sifrovani...:' -PercentComplete EncryptionPercentage
+                                                      ~~~~~~~~~~~~~~~~~~~~
    + CategoryInfo          : InvalidArgument: (:) [Write-Progress], ParameterBindingException
    + FullyQualifiedErrorId : CannotConvertArgumentNoMessage,Microsoft.PowerShell.Commands.WriteProgressCommand

PS C:\WINDOWS\system32> TerminatingError(Write-Progress): "Cannot bind parameter 'PercentComplete'. Cannot convert value "EncryptionPercentage" to type "System.Int32". Error: "Input string was not in a correct format.""
Write-Progress : Cannot bind parameter 'PercentComplete'. Cannot convert value "EncryptionPercentage" to type "System.In
t32". Error: "Input string was not in a correct format."
At D:\SICZ\Skript-ps-bitlocker\ënable BL.ps1:6 char:98
+ ... :" -Status 'Stav sifrovani...:' -PercentComplete EncryptionPercentage
+                                                      ~~~~~~~~~~~~~~~~~~~~
    + CategoryInfo          : InvalidArgument: (:) [Write-Progress], ParameterBindingException
    + FullyQualifiedErrorId : CannotConvertArgumentNoMessage,Microsoft.PowerShell.Commands.WriteProgressCommand
Write-Progress : Cannot bind parameter 'PercentComplete'. Cannot convert value "EncryptionPercentage" to type "System.Int32". Error: "Input string was not in a correct format."
At D:\SICZ\Skript-ps-bitlocker\ënable BL.ps1:6 char:98
+ ... :" -Status 'Stav sifrovani...:' -PercentComplete EncryptionPercentage
+                                                      ~~~~~~~~~~~~~~~~~~~~
    + CategoryInfo          : InvalidArgument: (:) [Write-Progress], ParameterBindingException
    + FullyQualifiedErrorId : CannotConvertArgumentNoMessage,Microsoft.PowerShell.Commands.WriteProgressCommand

PS C:\WINDOWS\system32> TerminatingError(Write-Progress): "Cannot bind parameter 'PercentComplete'. Cannot convert value "EncryptionPercentage" to type "System.Int32". Error: "Input string was not in a correct format.""
Write-Progress : Cannot bind parameter 'PercentComplete'. Cannot convert value "EncryptionPercentage" to type "System.In
t32". Error: "Input string was not in a correct format."
At D:\SICZ\Skript-ps-bitlocker\ënable BL.ps1:6 char:98
+ ... :" -Status 'Stav sifrovani...:' -PercentComplete EncryptionPercentage
+                                                      ~~~~~~~~~~~~~~~~~~~~
    + CategoryInfo          : InvalidArgument: (:) [Write-Progress], ParameterBindingException
    + FullyQualifiedErrorId : CannotConvertArgumentNoMessage,Microsoft.PowerShell.Commands.WriteProgressCommand
Write-Progress : Cannot bind parameter 'PercentComplete'. Cannot convert value "EncryptionPercentage" to type "System.Int32". Error: "Input string was not in a correct format."
At D:\SICZ\Skript-ps-bitlocker\ënable BL.ps1:6 char:98
+ ... :" -Status 'Stav sifrovani...:' -PercentComplete EncryptionPercentage
+                                                      ~~~~~~~~~~~~~~~~~~~~
    + CategoryInfo          : InvalidArgument: (:) [Write-Progress], ParameterBindingException
    + FullyQualifiedErrorId : CannotConvertArgumentNoMessage,Microsoft.PowerShell.Commands.WriteProgressCommand

PS C:\WINDOWS\system32> TerminatingError(Write-Progress): "Cannot bind parameter 'PercentComplete'. Cannot convert value "EncryptionPercentage" to type "System.Int32". Error: "Input string was not in a correct format.""
Write-Progress : Cannot bind parameter 'PercentComplete'. Cannot convert value "EncryptionPercentage" to type "System.In
t32". Error: "Input string was not in a correct format."
At D:\SICZ\Skript-ps-bitlocker\ënable BL.ps1:6 char:98
+ ... :" -Status 'Stav sifrovani...:' -PercentComplete EncryptionPercentage
+                                                      ~~~~~~~~~~~~~~~~~~~~
    + CategoryInfo          : InvalidArgument: (:) [Write-Progress], ParameterBindingException
    + FullyQualifiedErrorId : CannotConvertArgumentNoMessage,Microsoft.PowerShell.Commands.WriteProgressCommand
Write-Progress : Cannot bind parameter 'PercentComplete'. Cannot convert value "EncryptionPercentage" to type "System.Int32". Error: "Input string was not in a correct format."
At D:\SICZ\Skript-ps-bitlocker\ënable BL.ps1:6 char:98
+ ... :" -Status 'Stav sifrovani...:' -PercentComplete EncryptionPercentage
+                                                      ~~~~~~~~~~~~~~~~~~~~
    + CategoryInfo          : InvalidArgument: (:) [Write-Progress], ParameterBindingException
    + FullyQualifiedErrorId : CannotConvertArgumentNoMessage,Microsoft.PowerShell.Commands.WriteProgressCommand

PS C:\WINDOWS\system32> TerminatingError(Write-Progress): "Cannot bind parameter 'PercentComplete'. Cannot convert value "EncryptionPercentage" to type "System.Int32". Error: "Input string was not in a correct format.""
Write-Progress : Cannot bind parameter 'PercentComplete'. Cannot convert value "EncryptionPercentage" to type "System.In
t32". Error: "Input string was not in a correct format."
At D:\SICZ\Skript-ps-bitlocker\ënable BL.ps1:6 char:98
+ ... :" -Status 'Stav sifrovani...:' -PercentComplete EncryptionPercentage
+                                                      ~~~~~~~~~~~~~~~~~~~~
    + CategoryInfo          : InvalidArgument: (:) [Write-Progress], ParameterBindingException
    + FullyQualifiedErrorId : CannotConvertArgumentNoMessage,Microsoft.PowerShell.Commands.WriteProgressCommand
Write-Progress : Cannot bind parameter 'PercentComplete'. Cannot convert value "EncryptionPercentage" to type "System.Int32". Error: "Input string was not in a correct format."
At D:\SICZ\Skript-ps-bitlocker\ënable BL.ps1:6 char:98
+ ... :" -Status 'Stav sifrovani...:' -PercentComplete EncryptionPercentage
+                                                      ~~~~~~~~~~~~~~~~~~~~
    + CategoryInfo          : InvalidArgument: (:) [Write-Progress], ParameterBindingException
    + FullyQualifiedErrorId : CannotConvertArgumentNoMessage,Microsoft.PowerShell.Commands.WriteProgressCommand

PS C:\WINDOWS\system32> TerminatingError(Write-Progress): "Cannot bind parameter 'PercentComplete'. Cannot convert value "EncryptionPercentage" to type "System.Int32". Error: "Input string was not in a correct format.""
Write-Progress : Cannot bind parameter 'PercentComplete'. Cannot convert value "EncryptionPercentage" to type "System.In
t32". Error: "Input string was not in a correct format."
At D:\SICZ\Skript-ps-bitlocker\ënable BL.ps1:6 char:98
+ ... :" -Status 'Stav sifrovani...:' -PercentComplete EncryptionPercentage
+                                                      ~~~~~~~~~~~~~~~~~~~~
    + CategoryInfo          : InvalidArgument: (:) [Write-Progress], ParameterBindingException
    + FullyQualifiedErrorId : CannotConvertArgumentNoMessage,Microsoft.PowerShell.Commands.WriteProgressCommand
Write-Progress : Cannot bind parameter 'PercentComplete'. Cannot convert value "EncryptionPercentage" to type "System.Int32". Error: "Input string was not in a correct format."
At D:\SICZ\Skript-ps-bitlocker\ënable BL.ps1:6 char:98
+ ... :" -Status 'Stav sifrovani...:' -PercentComplete EncryptionPercentage
+                                                      ~~~~~~~~~~~~~~~~~~~~
    + CategoryInfo          : InvalidArgument: (:) [Write-Progress], ParameterBindingException
    + FullyQualifiedErrorId : CannotConvertArgumentNoMessage,Microsoft.PowerShell.Commands.WriteProgressCommand

PS C:\WINDOWS\system32> TerminatingError(Write-Progress): "Cannot bind parameter 'PercentComplete'. Cannot convert value "EncryptionPercentage" to type "System.Int32". Error: "Input string was not in a correct format.""
Write-Progress : Cannot bind parameter 'PercentComplete'. Cannot convert value "EncryptionPercentage" to type "System.In
t32". Error: "Input string was not in a correct format."
At D:\SICZ\Skript-ps-bitlocker\ënable BL.ps1:6 char:98
+ ... :" -Status 'Stav sifrovani...:' -PercentComplete EncryptionPercentage
+                                                      ~~~~~~~~~~~~~~~~~~~~
    + CategoryInfo          : InvalidArgument: (:) [Write-Progress], ParameterBindingException
    + FullyQualifiedErrorId : CannotConvertArgumentNoMessage,Microsoft.PowerShell.Commands.WriteProgressCommand
Write-Progress : Cannot bind parameter 'PercentComplete'. Cannot convert value "EncryptionPercentage" to type "System.Int32". Error: "Input string was not in a correct format."
At D:\SICZ\Skript-ps-bitlocker\ënable BL.ps1:6 char:98
+ ... :" -Status 'Stav sifrovani...:' -PercentComplete EncryptionPercentage
+                                                      ~~~~~~~~~~~~~~~~~~~~
    + CategoryInfo          : InvalidArgument: (:) [Write-Progress], ParameterBindingException
    + FullyQualifiedErrorId : CannotConvertArgumentNoMessage,Microsoft.PowerShell.Commands.WriteProgressCommand

PS C:\WINDOWS\system32> TerminatingError(Write-Progress): "Cannot bind parameter 'PercentComplete'. Cannot convert value "EncryptionPercentage" to type "System.Int32". Error: "Input string was not in a correct format.""
Write-Progress : Cannot bind parameter 'PercentComplete'. Cannot convert value "EncryptionPercentage" to type "System.In
t32". Error: "Input string was not in a correct format."
At D:\SICZ\Skript-ps-bitlocker\ënable BL.ps1:6 char:98
+ ... :" -Status 'Stav sifrovani...:' -PercentComplete EncryptionPercentage
+                                                      ~~~~~~~~~~~~~~~~~~~~
    + CategoryInfo          : InvalidArgument: (:) [Write-Progress], ParameterBindingException
    + FullyQualifiedErrorId : CannotConvertArgumentNoMessage,Microsoft.PowerShell.Commands.WriteProgressCommand
Write-Progress : Cannot bind parameter 'PercentComplete'. Cannot convert value "EncryptionPercentage" to type "System.Int32". Error: "Input string was not in a correct format."
At D:\SICZ\Skript-ps-bitlocker\ënable BL.ps1:6 char:98
+ ... :" -Status 'Stav sifrovani...:' -PercentComplete EncryptionPercentage
+                                                      ~~~~~~~~~~~~~~~~~~~~
    + CategoryInfo          : InvalidArgument: (:) [Write-Progress], ParameterBindingException
    + FullyQualifiedErrorId : CannotConvertArgumentNoMessage,Microsoft.PowerShell.Commands.WriteProgressCommand

PS C:\WINDOWS\system32> TerminatingError(Write-Progress): "Cannot bind parameter 'PercentComplete'. Cannot convert value "EncryptionPercentage" to type "System.Int32". Error: "Input string was not in a correct format.""
Write-Progress : Cannot bind parameter 'PercentComplete'. Cannot convert value "EncryptionPercentage" to type "System.In
t32". Error: "Input string was not in a correct format."
At D:\SICZ\Skript-ps-bitlocker\ënable BL.ps1:6 char:98
+ ... :" -Status 'Stav sifrovani...:' -PercentComplete EncryptionPercentage
+                                                      ~~~~~~~~~~~~~~~~~~~~
    + CategoryInfo          : InvalidArgument: (:) [Write-Progress], ParameterBindingException
    + FullyQualifiedErrorId : CannotConvertArgumentNoMessage,Microsoft.PowerShell.Commands.WriteProgressCommand
Write-Progress : Cannot bind parameter 'PercentComplete'. Cannot convert value "EncryptionPercentage" to type "System.Int32". Error: "Input string was not in a correct format."
At D:\SICZ\Skript-ps-bitlocker\ënable BL.ps1:6 char:98
+ ... :" -Status 'Stav sifrovani...:' -PercentComplete EncryptionPercentage
+                                                      ~~~~~~~~~~~~~~~~~~~~
    + CategoryInfo          : InvalidArgument: (:) [Write-Progress], ParameterBindingException
    + FullyQualifiedErrorId : CannotConvertArgumentNoMessage,Microsoft.PowerShell.Commands.WriteProgressCommand

PS C:\WINDOWS\system32> TerminatingError(Write-Progress): "Cannot bind parameter 'PercentComplete'. Cannot convert value "EncryptionPercentage" to type "System.Int32". Error: "Input string was not in a correct format.""
Write-Progress : Cannot bind parameter 'PercentComplete'. Cannot convert value "EncryptionPercentage" to type "System.In
t32". Error: "Input string was not in a correct format."
At D:\SICZ\Skript-ps-bitlocker\ënable BL.ps1:6 char:98
+ ... :" -Status 'Stav sifrovani...:' -PercentComplete EncryptionPercentage
+                                                      ~~~~~~~~~~~~~~~~~~~~
    + CategoryInfo          : InvalidArgument: (:) [Write-Progress], ParameterBindingException
    + FullyQualifiedErrorId : CannotConvertArgumentNoMessage,Microsoft.PowerShell.Commands.WriteProgressCommand
Write-Progress : Cannot bind parameter 'PercentComplete'. Cannot convert value "EncryptionPercentage" to type "System.Int32". Error: "Input string was not in a correct format."
At D:\SICZ\Skript-ps-bitlocker\ënable BL.ps1:6 char:98
+ ... :" -Status 'Stav sifrovani...:' -PercentComplete EncryptionPercentage
+                                                      ~~~~~~~~~~~~~~~~~~~~
    + CategoryInfo          : InvalidArgument: (:) [Write-Progress], ParameterBindingException
    + FullyQualifiedErrorId : CannotConvertArgumentNoMessage,Microsoft.PowerShell.Commands.WriteProgressCommand

PS C:\WINDOWS\system32> TerminatingError(Write-Progress): "Cannot bind parameter 'PercentComplete'. Cannot convert value "EncryptionPercentage" to type "System.Int32". Error: "Input string was not in a correct format.""
Write-Progress : Cannot bind parameter 'PercentComplete'. Cannot convert value "EncryptionPercentage" to type "System.In
t32". Error: "Input string was not in a correct format."
At D:\SICZ\Skript-ps-bitlocker\ënable BL.ps1:6 char:98
+ ... :" -Status 'Stav sifrovani...:' -PercentComplete EncryptionPercentage
+                                                      ~~~~~~~~~~~~~~~~~~~~
    + CategoryInfo          : InvalidArgument: (:) [Write-Progress], ParameterBindingException
    + FullyQualifiedErrorId : CannotConvertArgumentNoMessage,Microsoft.PowerShell.Commands.WriteProgressCommand
Write-Progress : Cannot bind parameter 'PercentComplete'. Cannot convert value "EncryptionPercentage" to type "System.Int32". Error: "Input string was not in a correct format."
At D:\SICZ\Skript-ps-bitlocker\ënable BL.ps1:6 char:98
+ ... :" -Status 'Stav sifrovani...:' -PercentComplete EncryptionPercentage
+                                                      ~~~~~~~~~~~~~~~~~~~~
    + CategoryInfo          : InvalidArgument: (:) [Write-Progress], ParameterBindingException
    + FullyQualifiedErrorId : CannotConvertArgumentNoMessage,Microsoft.PowerShell.Commands.WriteProgressCommand

PS C:\WINDOWS\system32> TerminatingError(Write-Progress): "Cannot bind parameter 'PercentComplete'. Cannot convert value "EncryptionPercentage" to type "System.Int32". Error: "Input string was not in a correct format.""
Write-Progress : Cannot bind parameter 'PercentComplete'. Cannot convert value "EncryptionPercentage" to type "System.In
t32". Error: "Input string was not in a correct format."
At D:\SICZ\Skript-ps-bitlocker\ënable BL.ps1:6 char:98
+ ... :" -Status 'Stav sifrovani...:' -PercentComplete EncryptionPercentage
+                                                      ~~~~~~~~~~~~~~~~~~~~
    + CategoryInfo          : InvalidArgument: (:) [Write-Progress], ParameterBindingException
    + FullyQualifiedErrorId : CannotConvertArgumentNoMessage,Microsoft.PowerShell.Commands.WriteProgressCommand
Write-Progress : Cannot bind parameter 'PercentComplete'. Cannot convert value "EncryptionPercentage" to type "System.Int32". Error: "Input string was not in a correct format."
At D:\SICZ\Skript-ps-bitlocker\ënable BL.ps1:6 char:98
+ ... :" -Status 'Stav sifrovani...:' -PercentComplete EncryptionPercentage
+                                                      ~~~~~~~~~~~~~~~~~~~~
    + CategoryInfo          : InvalidArgument: (:) [Write-Progress], ParameterBindingException
    + FullyQualifiedErrorId : CannotConvertArgumentNoMessage,Microsoft.PowerShell.Commands.WriteProgressCommand

PS C:\WINDOWS\system32> TerminatingError(Write-Progress): "Cannot bind parameter 'PercentComplete'. Cannot convert value "EncryptionPercentage" to type "System.Int32". Error: "Input string was not in a correct format.""
Write-Progress : Cannot bind parameter 'PercentComplete'. Cannot convert value "EncryptionPercentage" to type "System.In
t32". Error: "Input string was not in a correct format."
At D:\SICZ\Skript-ps-bitlocker\ënable BL.ps1:6 char:98
+ ... :" -Status 'Stav sifrovani...:' -PercentComplete EncryptionPercentage
+                                                      ~~~~~~~~~~~~~~~~~~~~
    + CategoryInfo          : InvalidArgument: (:) [Write-Progress], ParameterBindingException
    + FullyQualifiedErrorId : CannotConvertArgumentNoMessage,Microsoft.PowerShell.Commands.WriteProgressCommand
Write-Progress : Cannot bind parameter 'PercentComplete'. Cannot convert value "EncryptionPercentage" to type "System.Int32". Error: "Input string was not in a correct format."
At D:\SICZ\Skript-ps-bitlocker\ënable BL.ps1:6 char:98
+ ... :" -Status 'Stav sifrovani...:' -PercentComplete EncryptionPercentage
+                                                      ~~~~~~~~~~~~~~~~~~~~
    + CategoryInfo          : InvalidArgument: (:) [Write-Progress], ParameterBindingException
    + FullyQualifiedErrorId : CannotConvertArgumentNoMessage,Microsoft.PowerShell.Commands.WriteProgressCommand

PS C:\WINDOWS\system32> TerminatingError(Write-Progress): "Cannot bind parameter 'PercentComplete'. Cannot convert value "EncryptionPercentage" to type "System.Int32". Error: "Input string was not in a correct format.""
Write-Progress : Cannot bind parameter 'PercentComplete'. Cannot convert value "EncryptionPercentage" to type "System.In
t32". Error: "Input string was not in a correct format."
At D:\SICZ\Skript-ps-bitlocker\ënable BL.ps1:6 char:98
+ ... :" -Status 'Stav sifrovani...:' -PercentComplete EncryptionPercentage
+                                                      ~~~~~~~~~~~~~~~~~~~~
    + CategoryInfo          : InvalidArgument: (:) [Write-Progress], ParameterBindingException
    + FullyQualifiedErrorId : CannotConvertArgumentNoMessage,Microsoft.PowerShell.Commands.WriteProgressCommand
Write-Progress : Cannot bind parameter 'PercentComplete'. Cannot convert value "EncryptionPercentage" to type "System.Int32". Error: "Input string was not in a correct format."
At D:\SICZ\Skript-ps-bitlocker\ënable BL.ps1:6 char:98
+ ... :" -Status 'Stav sifrovani...:' -PercentComplete EncryptionPercentage
+                                                      ~~~~~~~~~~~~~~~~~~~~
    + CategoryInfo          : InvalidArgument: (:) [Write-Progress], ParameterBindingException
    + FullyQualifiedErrorId : CannotConvertArgumentNoMessage,Microsoft.PowerShell.Commands.WriteProgressCommand

PS C:\WINDOWS\system32> TerminatingError(Write-Progress): "Cannot bind parameter 'PercentComplete'. Cannot convert value "EncryptionPercentage" to type "System.Int32". Error: "Input string was not in a correct format.""
Write-Progress : Cannot bind parameter 'PercentComplete'. Cannot convert value "EncryptionPercentage" to type "System.In
t32". Error: "Input string was not in a correct format."
At D:\SICZ\Skript-ps-bitlocker\ënable BL.ps1:6 char:98
+ ... :" -Status 'Stav sifrovani...:' -PercentComplete EncryptionPercentage
+                                                      ~~~~~~~~~~~~~~~~~~~~
    + CategoryInfo          : InvalidArgument: (:) [Write-Progress], ParameterBindingException
    + FullyQualifiedErrorId : CannotConvertArgumentNoMessage,Microsoft.PowerShell.Commands.WriteProgressCommand
Write-Progress : Cannot bind parameter 'PercentComplete'. Cannot convert value "EncryptionPercentage" to type "System.Int32". Error: "Input string was not in a correct format."
At D:\SICZ\Skript-ps-bitlocker\ënable BL.ps1:6 char:98
+ ... :" -Status 'Stav sifrovani...:' -PercentComplete EncryptionPercentage
+                                                      ~~~~~~~~~~~~~~~~~~~~
    + CategoryInfo          : InvalidArgument: (:) [Write-Progress], ParameterBindingException
    + FullyQualifiedErrorId : CannotConvertArgumentNoMessage,Microsoft.PowerShell.Commands.WriteProgressCommand

PS C:\WINDOWS\system32> TerminatingError(): "The pipeline has been stopped."
>> TerminatingError(): "The pipeline has been stopped."
WARNING: ACTIONS REQUIRED:

1. Save this numerical recovery password in a secure location away from your computer:

534215-275627-034188-536558-025641-379621-173349-434390

To prevent data loss, save this password immediately. This password helps ensure that you can unlock the encrypted volume.


   ComputerName: DESKTOP-TBE27PS

VolumeType      Mount CapacityGB VolumeStatus           Encryption KeyProtector              AutoUnlock Protection
                Point                                   Percentage                           Enabled    Status
----------      ----- ---------- ------------           ---------- ------------              ---------- ----------
OperatingSystem C:        118,70 EncryptionInProgress   12         {Tpm, RecoveryPassword...            Off
PS C:\WINDOWS\system32> TerminatingError(): "The pipeline has been stopped."
>> TerminatingError(): "The pipeline has been stopped."
PS C:\WINDOWS\system32> (Get-BitLockerVolume -MountPoint C).ProtectionStatus
Off
10/10/2017 11:59:08 - Odinstalovavam nepotrebne soucasti OS - Powershell 2.0
10/10/2017 11:59:29 - Odinstalovavam nepotrebne soucasti OS - Samba1 protokol


   ComputerName: DESKTOP-TBE27PS

VolumeType      Mount CapacityGB VolumeStatus           Encryption KeyProtector              AutoUnlock Protection
                Point                                   Percentage                           Enabled    Status
----------      ----- ---------- ------------           ---------- ------------              ---------- ----------
Data            D:        465,63 FullyDecrypted         0          {}                                   Off
OperatingSystem C:        118,70 EncryptionInProgress   16         {Tpm, RecoveryPassword...            Off
WARNING: ACTIONS REQUIRED:

1. Save this numerical recovery password in a secure location away from your computer:

534215-275627-034188-536558-025641-379621-173349-434390

To prevent data loss, save this password immediately. This password helps ensure that you can unlock the encrypted volume.
OperatingSystem C:        118,70 EncryptionInProgress   16         {Tpm, RecoveryPassword...            Off
zasifrovano


10/10/2017 12:00:14 - Odinstalovavam nepotrebne soucasti OS - Powershell 2.0
10/10/2017 12:00:16 - Odinstalovavam nepotrebne soucasti OS - Samba1 protokol


   ComputerName: DESKTOP-TBE27PS

VolumeType      Mount CapacityGB VolumeStatus           Encryption KeyProtector              AutoUnlock Protection
                Point                                   Percentage                           Enabled    Status
----------      ----- ---------- ------------           ---------- ------------              ---------- ----------
Data            D:        465,63 FullyDecrypted         0          {}                                   Off
OperatingSystem C:        118,70 EncryptionInProgress   18         {Tpm, RecoveryPassword...            Off
WARNING: ACTIONS REQUIRED:

1. Save this numerical recovery password in a secure location away from your computer:

534215-275627-034188-536558-025641-379621-173349-434390

To prevent data loss, save this password immediately. This password helps ensure that you can unlock the encrypted volume.
OperatingSystem C:        118,70 EncryptionInProgress   18         {Tpm, RecoveryPassword...            Off


PS C:\WINDOWS\system32> $volume
10/10/2017 12:04:49 - Odinstalovavam nepotrebne soucasti OS - Powershell 2.0
10/10/2017 12:04:52 - Odinstalovavam nepotrebne soucasti OS - Samba1 protokol


   ComputerName: DESKTOP-TBE27PS

VolumeType      Mount CapacityGB VolumeStatus           Encryption KeyProtector              AutoUnlock Protection
                Point                                   Percentage                           Enabled    Status
----------      ----- ---------- ------------           ---------- ------------              ---------- ----------
Data            D:        465,63 FullyDecrypted         0          {}                                   Off
OperatingSystem C:        118,70 DecryptionInProgress   23         {Tpm, RecoveryPassword...            Off
PS C:\WINDOWS\system32> TerminatingError(Get-BitLockerVolume): "A parameter cannot be found that matches parameter name 'eq'."
Get-BitLockerVolume : A parameter cannot be found that matches parameter name 'eq'.
At D:\SICZ\Skript-ps-bitlocker\skript.ps1:28 char:43
+     if (Get-BitLockerVolume -MountPoint C -eq 'FullyEncrypted')
+                                           ~~~
    + CategoryInfo          : InvalidArgument: (:) [Get-BitLockerVolume], ParameterBindingException
    + FullyQualifiedErrorId : NamedParameterNotFound,Get-BitLockerVolume
Get-BitLockerVolume : A parameter cannot be found that matches parameter name 'eq'.
At D:\SICZ\Skript-ps-bitlocker\skript.ps1:28 char:43
+     if (Get-BitLockerVolume -MountPoint C -eq 'FullyEncrypted')
+                                           ~~~
    + CategoryInfo          : InvalidArgument: (:) [Get-BitLockerVolume], ParameterBindingException
    + FullyQualifiedErrorId : NamedParameterNotFound,Get-BitLockerVolume



10/10/2017 12:05:18 - Odinstalovavam nepotrebne soucasti OS - Powershell 2.0
10/10/2017 12:05:20 - Odinstalovavam nepotrebne soucasti OS - Samba1 protokol


   ComputerName: DESKTOP-TBE27PS

VolumeType      Mount CapacityGB VolumeStatus           Encryption KeyProtector              AutoUnlock Protection
                Point                                   Percentage                           Enabled    Status
----------      ----- ---------- ------------           ---------- ------------              ---------- ----------
Data            D:        465,63 FullyDecrypted         0          {}                                   Off
OperatingSystem C:        118,70 DecryptionInProgress   22         {Tpm, RecoveryPassword...            Off
Get-BitLockerVolume.volume : The term 'Get-BitLockerVolume.volume' is not recognized as the name of a cmdlet, function, 
script file, or operable program. Check the spelling of the name, or if a path was included, verify that the path is cor
rect and try again.
At D:\SICZ\Skript-ps-bitlocker\skript.ps1:28 char:9
+     if (Get-BitLockerVolume.volume C -eq 'FullyEncrypted')
+         ~~~~~~~~~~~~~~~~~~~~~~~~~~
    + CategoryInfo          : ObjectNotFound: (Get-BitLockerVolume.volume:String) [], CommandNotFoundException
    + FullyQualifiedErrorId : CommandNotFoundException
Get-BitLockerVolume.volume : The term 'Get-BitLockerVolume.volume' is not recognized as the name of a cmdlet, function, script file, or operable program. Check the spelling of the name, or if a path was inc
luded, verify that the path is correct and try again.
At D:\SICZ\Skript-ps-bitlocker\skript.ps1:28 char:9
+     if (Get-BitLockerVolume.volume C -eq 'FullyEncrypted')
+         ~~~~~~~~~~~~~~~~~~~~~~~~~~
    + CategoryInfo          : ObjectNotFound: (Get-BitLockerVolume.volume:String) [], CommandNotFoundException
    + FullyQualifiedErrorId : CommandNotFoundException



PS C:\WINDOWS\system32> (Get-BitLockerVolume -MountPoint C).ProtectionStatus
Off
10/10/2017 12:06:44 - Odinstalovavam nepotrebne soucasti OS - Powershell 2.0
10/10/2017 12:06:50 - Odinstalovavam nepotrebne soucasti OS - Samba1 protokol


   ComputerName: DESKTOP-TBE27PS

VolumeType      Mount CapacityGB VolumeStatus           Encryption KeyProtector              AutoUnlock Protection
                Point                                   Percentage                           Enabled    Status
----------      ----- ---------- ------------           ---------- ------------              ---------- ----------
Data            D:        465,63 FullyDecrypted         0          {}                                   Off
OperatingSystem C:        118,70 DecryptionInProgress   19         {Tpm, RecoveryPassword...            Off
WARNING: ACTIONS REQUIRED:

1. Save this numerical recovery password in a secure location away from your computer:

534215-275627-034188-536558-025641-379621-173349-434390

To prevent data loss, save this password immediately. This password helps ensure that you can unlock the encrypted volume.
OperatingSystem C:        118,70 EncryptionInProgress   19         {Tpm, RecoveryPassword...            Off


Transcript started, output file is D:\SICZ\avas\AVAS_2017_10_10.log
Transcript started, output file is ./transcript2017-10-10-01-08-58.txt
10/10/2017 13:08:58 - Nacitani json konfiguracniho souboru
Transcript started, output file is D:\SICZ\avas/debug-2017-10-10-01-09-18.log
-message pokracuji ve zpracovani
spoustim test app diff

spoustim test services diff
DisplayName                               DisplayVersion Publisher
-----------                               -------------- ---------
Dell SupportAssist                        2.0.6875.668   Dell
Total Commander 64-bit (Remove or Repair) 9.0a           Ghisler Software GmbH
Background Intelligent Transfer Service
Offline Files
Connected User Experiences and Telemetry
Diagnostic Policy Service
File History Service
IKE and AuthIP IPsec Keying Modules
Geolocation Service
Net.Tcp Port Sharing Service
Remote Access Connection Manager
Routing and Remote Access
Shell Hardware Detection
Shared PC Account Manager
Windows Image Acquisition (WIA)
Touch Keyboard and Handwriting Panel S...
Themes
Auto Time Zone Updater
Windows Time
Windows Event Collector
Windows Defender Antivirus Service
Windows Remote Management (WS-Management)
spoustim test scheduled tasks diff
spoustim test hotfix diff


