**********************
Windows PowerShell transcript start
Start time: 20171009163541
Username: DESKTOP-TBE27PS\lukas
RunAs User: DESKTOP-TBE27PS\lukas
Configuration Name: 
Machine: DESKTOP-TBE27PS (Microsoft Windows NT 10.0.17004.0)
Host Application: C:\Windows\System32\WindowsPowerShell\v1.0\powershell_ise.exe
Process ID: 9864
PSVersion: 5.1.17004.1000
PSEdition: Desktop
PSCompatibleVersions: 1.0, 2.0, 3.0, 4.0, 5.0, 5.1.17004.1000
BuildVersion: 10.0.17004.1000
CLRVersion: 4.0.30319.42000
WSManStackVersion: 3.0
PSRemotingProtocolVersion: 2.3
SerializationVersion: 1.1.0.1
**********************
PS C:\WINDOWS\system32> ParameterBinding(Trace-SteroidsOutput): name="InputObject"; value="Transcript started, output file is D:\SICZ\avas/debug-2017-10-09-04-35-41.log"
Transcript started, output file is D:\SICZ\avas/debug-2017-10-09-04-35-41.log
-message pokracuji ve zpracovani
spoustim test app diff
PS C:\WINDOWS\system32> ParameterBinding(Trace-SteroidsOutput): name="InputObject"; value="@{DisplayName=Total Commander 64-bit (Remove or Repair); DisplayVersion=9.0a; Publisher=Ghisler Software GmbH}"

>> ParameterBinding(Trace-SteroidsOutput): name="InputObject"; value="@{DisplayName=Dell Touchpad; DisplayVersion=8.1206.101.112; Publisher=ALPS ELECTRIC CO., LTD.}"
spoustim test services diff
PS C:\WINDOWS\system32> ParameterBinding(Trace-SteroidsOutput): name="InputObject"; value="@{DisplayName=Offline Files; StartType=2}"
>> ParameterBinding(Trace-SteroidsOutput): name="InputObject"; value="@{DisplayName=Connected User Experiences and Telemetry; StartType=2}"
>> ParameterBinding(Trace-SteroidsOutput): name="InputObject"; value="@{DisplayName=Diagnostic Policy Service; StartType=2}"
>> ParameterBinding(Trace-SteroidsOutput): name="InputObject"; value="@{DisplayName=Geolocation Service; StartType=3}"
>> ParameterBinding(Trace-SteroidsOutput): name="InputObject"; value="@{DisplayName=Net.Tcp Port Sharing Service; StartType=4}"
>> ParameterBinding(Trace-SteroidsOutput): name="InputObject"; value="@{DisplayName=Remote Access Connection Manager; StartType=2}"
>> ParameterBinding(Trace-SteroidsOutput): name="InputObject"; value="@{DisplayName=Routing and Remote Access; StartType=4}"
>> ParameterBinding(Trace-SteroidsOutput): name="InputObject"; value="@{DisplayName=Shell Hardware Detection; StartType=2}"
>> ParameterBinding(Trace-SteroidsOutput): name="InputObject"; value="@{DisplayName=Shared PC Account Manager; StartType=4}"
>> ParameterBinding(Trace-SteroidsOutput): name="InputObject"; value="@{DisplayName=Windows Image Acquisition (WIA); StartType=2}"
>> ParameterBinding(Trace-SteroidsOutput): name="InputObject"; value="@{DisplayName=Themes; StartType=2}"
>> ParameterBinding(Trace-SteroidsOutput): name="InputObject"; value="@{DisplayName=Tile Data model server; StartType=3}"
>> ParameterBinding(Trace-SteroidsOutput): name="InputObject"; value="@{DisplayName=Auto Time Zone Updater; StartType=4}"
>> ParameterBinding(Trace-SteroidsOutput): name="InputObject"; value="@{DisplayName=Windows Time; StartType=3}"
>> ParameterBinding(Trace-SteroidsOutput): name="InputObject"; value="@{DisplayName=Windows Defender Antivirus Service; StartType=3}"
>> ParameterBinding(Trace-SteroidsOutput): name="InputObject"; value="@{DisplayName=Windows Remote Management (WS-Management); StartType=3}"
spoustim test scheduled tasks diff
spoustim test hotfix diff
PS C:\WINDOWS\system32> ParameterBinding(Trace-SteroidsOutput): name="InputObject"; value="@{Name=Microsoft.BioEnrollment; PackageFullName=Microsoft.BioEnrollment_10.0.14393.0_neutral__cw5n1h2txyewy}"
DisplayName                               DisplayVersion Publisher
-----------                               -------------- ---------
Total Commander 64-bit (Remove or Repair) 9.0a           Ghisler Software GmbH
Dell Touchpad                             8.1206.101.112 ALPS ELECTRIC CO., LTD.
Offline Files
Connected User Experiences and Telemetry
Diagnostic Policy Service
Geolocation Service
Net.Tcp Port Sharing Service
Remote Access Connection Manager
Routing and Remote Access
Shell Hardware Detection
Shared PC Account Manager
Windows Image Acquisition (WIA)
Themes
Tile Data model server
Auto Time Zone Updater
Windows Time
Windows Defender Antivirus Service
Windows Remote Management (WS-Management)

>> ParameterBinding(Trace-SteroidsOutput): name="InputObject"; value="@{Name=Microsoft.Windows.CloudExperienceHost; PackageFullName=Microsoft.Windows.CloudExperienceHost_10.0.14393.0_neutral_neutral_cw5n1h2txyewy}"

>> ParameterBinding(Trace-SteroidsOutput): name="InputObject"; value="@{Name=Microsoft.NET.Native.Runtime.1.3; PackageFullName=Microsoft.NET.Native.Runtime.1.3_1.3.23901.0_x86__8wekyb3d8bbwe}"

>> ParameterBinding(Trace-SteroidsOutput): name="InputObject"; value="@{Name=Microsoft.NET.Native.Runtime.1.3; PackageFullName=Microsoft.NET.Native.Runtime.1.3_1.3.23901.0_x64__8wekyb3d8bbwe}"

>> ParameterBinding(Trace-SteroidsOutput): name="InputObject"; value="@{Name=Microsoft.NET.Native.Framework.1.3; PackageFullName=Microsoft.NET.Native.Framework.1.3_1.3.24201.0_x86__8wekyb3d8bbwe}"

>> ParameterBinding(Trace-SteroidsOutput): name="InputObject"; value="@{Name=Microsoft.NET.Native.Framework.1.3; PackageFullName=Microsoft.NET.Native.Framework.1.3_1.3.24201.0_x64__8wekyb3d8bbwe}"

>> ParameterBinding(Trace-SteroidsOutput): name="InputObject"; value="@{Name=Microsoft.VCLibs.140.00; PackageFullName=Microsoft.VCLibs.140.00_14.0.24123.0_x86__8wekyb3d8bbwe}"

>> ParameterBinding(Trace-SteroidsOutput): name="InputObject"; value="@{Name=Microsoft.VCLibs.140.00; PackageFullName=Microsoft.VCLibs.140.00_14.0.24123.0_x64__8wekyb3d8bbwe}"

>> ParameterBinding(Trace-SteroidsOutput): name="InputObject"; value="@{Name=Microsoft.VCLibs.120.00; PackageFullName=Microsoft.VCLibs.120.00_12.0.21005.1_x64__8wekyb3d8bbwe}"

>> ParameterBinding(Trace-SteroidsOutput): name="InputObject"; value="@{Name=Microsoft.VCLibs.120.00; PackageFullName=Microsoft.VCLibs.120.00_12.0.21005.1_x86__8wekyb3d8bbwe}"

>> ParameterBinding(Trace-SteroidsOutput): name="InputObject"; value="@{Name=Microsoft.NET.Native.Runtime.1.4; PackageFullName=Microsoft.NET.Native.Runtime.1.4_1.4.24201.0_x64__8wekyb3d8bbwe}"

>> ParameterBinding(Trace-SteroidsOutput): name="InputObject"; value="@{Name=Microsoft.NET.Native.Runtime.1.4; PackageFullName=Microsoft.NET.Native.Runtime.1.4_1.4.24201.0_x86__8wekyb3d8bbwe}"

>> ParameterBinding(Trace-SteroidsOutput): name="InputObject"; value="@{Name=Microsoft.NET.Native.Runtime.1.1; PackageFullName=Microsoft.NET.Native.Runtime.1.1_1.1.23406.0_x86__8wekyb3d8bbwe}"

>> ParameterBinding(Trace-SteroidsOutput): name="InputObject"; value="@{Name=Microsoft.NET.Native.Runtime.1.1; PackageFullName=Microsoft.NET.Native.Runtime.1.1_1.1.23406.0_x64__8wekyb3d8bbwe}"

>> ParameterBinding(Trace-SteroidsOutput): name="InputObject"; value="@{Name=Microsoft.NET.Native.Framework.1.2; PackageFullName=Microsoft.NET.Native.Framework.1.2_1.2.23231.0_x64__8wekyb3d8bbwe}"

>> ParameterBinding(Trace-SteroidsOutput): name="InputObject"; value="@{Name=Microsoft.NET.Native.Framework.1.2; PackageFullName=Microsoft.NET.Native.Framework.1.2_1.2.23231.0_x86__8wekyb3d8bbwe}"

>> ParameterBinding(Trace-SteroidsOutput): name="InputObject"; value="@{Name=1527c705-839a-4832-9118-54d4Bd6a0c89; PackageFullName=1527c705-839a-4832-9118-54d4Bd6a0c89_10.0.15063.0_neutral_neutral_cw5n1h2txyewy}"

>> ParameterBinding(Trace-SteroidsOutput): name="InputObject"; value="@{Name=E2A4F912-2574-4A75-9BB0-0D023378592B; PackageFullName=E2A4F912-2574-4A75-9BB0-0D023378592B_10.0.15063.0_neutral_neutral_cw5n1h2txyewy}"

>> ParameterBinding(Trace-SteroidsOutput): name="InputObject"; value="@{Name=Microsoft.AccountsControl; PackageFullName=Microsoft.AccountsControl_10.0.15063.0_neutral__cw5n1h2txyewy}"

>> ParameterBinding(Trace-SteroidsOutput): name="InputObject"; value="@{Name=Microsoft.BioEnrollment; PackageFullName=Microsoft.BioEnrollment_10.0.15063.0_neutral__cw5n1h2txyewy}"

>> ParameterBinding(Trace-SteroidsOutput): name="InputObject"; value="@{Name=Microsoft.Windows.CloudExperienceHost; PackageFullName=Microsoft.Windows.CloudExperienceHost_10.0.15063.0_neutral_neutral_cw5n1h2txyewy}"

>> ParameterBinding(Trace-SteroidsOutput): name="InputObject"; value="@{Name=Microsoft.Windows.WindowPicker; PackageFullName=Microsoft.Windows.WindowPicker_10.0.15063.0_neutral__cw5n1h2txyewy}"

>> ParameterBinding(Trace-SteroidsOutput): name="InputObject"; value="@{Name=Microsoft.NET.Native.Framework.1.6; PackageFullName=Microsoft.NET.Native.Framework.1.6_1.6.24903.0_x86__8wekyb3d8bbwe}"

>> ParameterBinding(Trace-SteroidsOutput): name="InputObject"; value="@{Name=Microsoft.NET.Native.Framework.1.6; PackageFullName=Microsoft.NET.Native.Framework.1.6_1.6.24903.0_x64__8wekyb3d8bbwe}"

>> ParameterBinding(Trace-SteroidsOutput): name="InputObject"; value="@{Name=Microsoft.NET.Native.Runtime.1.6; PackageFullName=Microsoft.NET.Native.Runtime.1.6_1.6.24903.0_x86__8wekyb3d8bbwe}"

>> ParameterBinding(Trace-SteroidsOutput): name="InputObject"; value="@{Name=Microsoft.NET.Native.Runtime.1.6; PackageFullName=Microsoft.NET.Native.Runtime.1.6_1.6.24903.0_x64__8wekyb3d8bbwe}"

>> ParameterBinding(Trace-SteroidsOutput): name="InputObject"; value="@{Name=Microsoft.Services.Store.Engagement; PackageFullName=Microsoft.Services.Store.Engagement_10.0.1706.0_x64__8wekyb3d8bbwe}"

>> ParameterBinding(Trace-SteroidsOutput): name="InputObject"; value="@{Name=Microsoft.Services.Store.Engagement; PackageFullName=Microsoft.Services.Store.Engagement_10.0.1706.0_x86__8wekyb3d8bbwe}"

>> ParameterBinding(Trace-SteroidsOutput): name="InputObject"; value="@{Name=1527c705-839a-4832-9118-54d4Bd6a0c89; PackageFullName=1527c705-839a-4832-9118-54d4Bd6a0c89_10.0.15063.447_neutral_neutral_cw5n1h2txyewy}"

>> ParameterBinding(Trace-SteroidsOutput): name="InputObject"; value="@{Name=E2A4F912-2574-4A75-9BB0-0D023378592B; PackageFullName=E2A4F912-2574-4A75-9BB0-0D023378592B_10.0.15063.332_neutral_neutral_cw5n1h2txyewy}"

>> ParameterBinding(Trace-SteroidsOutput): name="InputObject"; value="@{Name=Microsoft.AccountsControl; PackageFullName=Microsoft.AccountsControl_10.0.15063.447_neutral__cw5n1h2txyewy}"

>> ParameterBinding(Trace-SteroidsOutput): name="InputObject"; value="@{Name=Microsoft.Windows.WindowPicker; PackageFullName=Microsoft.Windows.WindowPicker_10.0.15063.332_neutral__cw5n1h2txyewy}"

>> ParameterBinding(Trace-SteroidsOutput): name="InputObject"; value="@{Name=Microsoft.VCLibs.140.00.UWPDesktop; PackageFullName=Microsoft.VCLibs.140.00.UWPDesktop_14.0.24217.0_x86__8wekyb3d8bbwe}"

>> ParameterBinding(Trace-SteroidsOutput): name="InputObject"; value="@{Name=Microsoft.VCLibs.140.00.UWPDesktop; PackageFullName=Microsoft.VCLibs.140.00.UWPDesktop_14.0.24217.0_x64__8wekyb3d8bbwe}"

>> ParameterBinding(Trace-SteroidsOutput): name="InputObject"; value="@{Name=Microsoft.Advertising.Xaml; PackageFullName=Microsoft.Advertising.Xaml_10.1708.1.0_x86__8wekyb3d8bbwe}"

>> ParameterBinding(Trace-SteroidsOutput): name="InputObject"; value="@{Name=Microsoft.Advertising.Xaml; PackageFullName=Microsoft.Advertising.Xaml_10.1708.1.0_x64__8wekyb3d8bbwe}"



PS C:\WINDOWS\system32> $hash.Apps
>> CommandInvocation(Trace-SteroidsOutput): "Trace-SteroidsOutput"
>> ParameterBinding(Trace-SteroidsOutput): name="InputObject"; value="@{DisplayName=Total Commander 64-bit (Remove or Repair); DisplayVersion=9.0a; Publisher=Ghisler Software GmbH}"

>> ParameterBinding(Trace-SteroidsOutput): name="InputObject"; value="@{DisplayName=Dell Touchpad; DisplayVersion=8.1206.101.112; Publisher=ALPS ELECTRIC CO., LTD.}"
DisplayName                               DisplayVersion Publisher
-----------                               -------------- ---------
Total Commander 64-bit (Remove or Repair) 9.0a           Ghisler Software GmbH
Dell Touchpad                             8.1206.101.112 ALPS ELECTRIC CO., LTD.


PS C:\WINDOWS\system32> CommandInvocation(Trace-SteroidsOutput): "Trace-SteroidsOutput"
PS C:\WINDOWS\system32> ParameterBinding(Trace-SteroidsOutput): name="InputObject"; value="Transcript started, output file is D:\SICZ\avas\AVAS_2017_10_09.log"
Transcript started, output file is D:\SICZ\avas\AVAS_2017_10_09.log
PS C:\WINDOWS\system32> ParameterBinding(Trace-SteroidsOutput): name="InputObject"; value="Transcript started, output file is ./transcript2017-10-09-04-37-13.txt"
Transcript started, output file is ./transcript2017-10-09-04-37-13.txt
10/09/2017 16:37:13 - Nacitani json konfiguracniho souboru
PS C:\WINDOWS\system32> ParameterBinding(Trace-SteroidsOutput): name="InputObject"; value="Transcript started, output file is D:\SICZ\avas/debug-2017-10-09-04-37-25.log"
Transcript started, output file is D:\SICZ\avas/debug-2017-10-09-04-37-25.log
-message pokracuji ve zpracovani
spoustim test app diff
PS C:\WINDOWS\system32> ParameterBinding(Trace-SteroidsOutput): name="InputObject"; value="@{DisplayName=Total Commander 64-bit (Remove or Repair); DisplayVersion=9.0a; Publisher=Ghisler Software GmbH}"

>> ParameterBinding(Trace-SteroidsOutput): name="InputObject"; value="@{DisplayName=Dell Touchpad; DisplayVersion=8.1206.101.112; Publisher=ALPS ELECTRIC CO., LTD.}"
spoustim test services diff
PS C:\WINDOWS\system32> ParameterBinding(Trace-SteroidsOutput): name="InputObject"; value="@{DisplayName=Offline Files; StartType=2}"
DisplayName                               DisplayVersion Publisher
-----------                               -------------- ---------
Total Commander 64-bit (Remove or Repair) 9.0a           Ghisler Software GmbH
Dell Touchpad                             8.1206.101.112 ALPS ELECTRIC CO., LTD.
Offline Files
>> ParameterBinding(Trace-SteroidsOutput): name="InputObject"; value="@{DisplayName=Connected User Experiences and Telemetry; StartType=2}"
Connected User Experiences and Telemetry
>> ParameterBinding(Trace-SteroidsOutput): name="InputObject"; value="@{DisplayName=Diagnostic Policy Service; StartType=2}"
Diagnostic Policy Service
>> ParameterBinding(Trace-SteroidsOutput): name="InputObject"; value="@{DisplayName=Geolocation Service; StartType=3}"
Geolocation Service
>> ParameterBinding(Trace-SteroidsOutput): name="InputObject"; value="@{DisplayName=Net.Tcp Port Sharing Service; StartType=4}"
Net.Tcp Port Sharing Service
>> ParameterBinding(Trace-SteroidsOutput): name="InputObject"; value="@{DisplayName=Remote Access Connection Manager; StartType=2}"
Remote Access Connection Manager
>> ParameterBinding(Trace-SteroidsOutput): name="InputObject"; value="@{DisplayName=Routing and Remote Access; StartType=4}"
Routing and Remote Access
>> ParameterBinding(Trace-SteroidsOutput): name="InputObject"; value="@{DisplayName=Shell Hardware Detection; StartType=2}"
Shell Hardware Detection
>> ParameterBinding(Trace-SteroidsOutput): name="InputObject"; value="@{DisplayName=Shared PC Account Manager; StartType=4}"
Shared PC Account Manager
>> ParameterBinding(Trace-SteroidsOutput): name="InputObject"; value="@{DisplayName=Windows Image Acquisition (WIA); StartType=2}"
Windows Image Acquisition (WIA)
>> ParameterBinding(Trace-SteroidsOutput): name="InputObject"; value="@{DisplayName=Themes; StartType=2}"
Themes
>> ParameterBinding(Trace-SteroidsOutput): name="InputObject"; value="@{DisplayName=Tile Data model server; StartType=3}"
Tile Data model server
>> ParameterBinding(Trace-SteroidsOutput): name="InputObject"; value="@{DisplayName=Auto Time Zone Updater; StartType=4}"
Auto Time Zone Updater
>> ParameterBinding(Trace-SteroidsOutput): name="InputObject"; value="@{DisplayName=Windows Time; StartType=3}"
Windows Time
>> ParameterBinding(Trace-SteroidsOutput): name="InputObject"; value="@{DisplayName=Windows Defender Antivirus Service; StartType=3}"
Windows Defender Antivirus Service
>> ParameterBinding(Trace-SteroidsOutput): name="InputObject"; value="@{DisplayName=Windows Remote Management (WS-Management); StartType=3}"
Windows Remote Management (WS-Management)
spoustim test scheduled tasks diff
spoustim test hotfix diff
PS C:\WINDOWS\system32> ParameterBinding(Trace-SteroidsOutput): name="InputObject"; value="@{Name=1527c705-839a-4832-9118-54d4Bd6a0c89; PackageFullName=1527c705-839a-4832-9118-54d4Bd6a0c89_10.0.16281.1000_neutral_neutral_cw5n1h2txyewy}"

>> ParameterBinding(Trace-SteroidsOutput): name="InputObject"; value="@{Name=1527c705-839a-4832-9118-54d4Bd6a0c89; PackageFullName=1527c705-839a-4832-9118-54d4Bd6a0c89_10.0.16281.1000_neutral_neutral_cw5n1h2txyewy}"

>> ParameterBinding(Trace-SteroidsOutput): name="InputObject"; value="@{Name=c5e2524a-ea46-4f67-841f-6a9465d9d515; PackageFullName=c5e2524a-ea46-4f67-841f-6a9465d9d515_10.0.16281.1000_neutral_neutral_cw5n1h2txyewy}"

>> ParameterBinding(Trace-SteroidsOutput): name="InputObject"; value="@{Name=E2A4F912-2574-4A75-9BB0-0D023378592B; PackageFullName=E2A4F912-2574-4A75-9BB0-0D023378592B_10.0.16281.1000_neutral_neutral_cw5n1h2txyewy}"

>> ParameterBinding(Trace-SteroidsOutput): name="InputObject"; value="@{Name=E2A4F912-2574-4A75-9BB0-0D023378592B; PackageFullName=E2A4F912-2574-4A75-9BB0-0D023378592B_10.0.16281.1000_neutral_neutral_cw5n1h2txyewy}"

>> ParameterBinding(Trace-SteroidsOutput): name="InputObject"; value="@{Name=Microsoft.AAD.BrokerPlugin; PackageFullName=Microsoft.AAD.BrokerPlugin_1000.16281.1000.0_neutral_neutral_cw5n1h2txyewy}"

>> ParameterBinding(Trace-SteroidsOutput): name="InputObject"; value="@{Name=Microsoft.AccountsControl; PackageFullName=Microsoft.AccountsControl_10.0.16281.1000_neutral__cw5n1h2txyewy}"

>> ParameterBinding(Trace-SteroidsOutput): name="InputObject"; value="@{Name=Microsoft.AccountsControl; PackageFullName=Microsoft.AccountsControl_10.0.16281.1000_neutral__cw5n1h2txyewy}"

>> ParameterBinding(Trace-SteroidsOutput): name="InputObject"; value="@{Name=Microsoft.BioEnrollment; PackageFullName=Microsoft.BioEnrollment_10.0.16281.1000_neutral__cw5n1h2txyewy}"

>> ParameterBinding(Trace-SteroidsOutput): name="InputObject"; value="@{Name=Microsoft.BioEnrollment; PackageFullName=Microsoft.BioEnrollment_10.0.16281.1000_neutral__cw5n1h2txyewy}"

>> ParameterBinding(Trace-SteroidsOutput): name="InputObject"; value="@{Name=Microsoft.CredDialogHost; PackageFullName=Microsoft.CredDialogHost_10.0.16281.1000_neutral__cw5n1h2txyewy}"

>> ParameterBinding(Trace-SteroidsOutput): name="InputObject"; value="@{Name=Microsoft.LockApp; PackageFullName=Microsoft.LockApp_10.0.16281.1000_neutral__cw5n1h2txyewy}"

>> ParameterBinding(Trace-SteroidsOutput): name="InputObject"; value="@{Name=Microsoft.MicrosoftEdge; PackageFullName=Microsoft.MicrosoftEdge_41.16281.1000.0_neutral__8wekyb3d8bbwe}"

>> ParameterBinding(Trace-SteroidsOutput): name="InputObject"; value="@{Name=Microsoft.PPIProjection; PackageFullName=Microsoft.PPIProjection_10.0.16281.1000_neutral_neutral_cw5n1h2txyewy}"

>> ParameterBinding(Trace-SteroidsOutput): name="InputObject"; value="@{Name=Microsoft.Windows.Apprep.ChxApp; PackageFullName=Microsoft.Windows.Apprep.ChxApp_1000.16281.1000.0_neutral_neutral_cw5n1h2txyewy}"

>> ParameterBinding(Trace-SteroidsOutput): name="InputObject"; value="@{Name=Microsoft.Windows.AssignedAccessLockApp; PackageFullName=Microsoft.Windows.AssignedAccessLockApp_1000.16281.1000.0_neutral_neutral_cw5n1h2txyewy}"

>> ParameterBinding(Trace-SteroidsOutput): name="InputObject"; value="@{Name=Microsoft.Windows.CloudExperienceHost; PackageFullName=Microsoft.Windows.CloudExperienceHost_10.0.16281.1000_neutral_neutral_cw5n1h2txyewy}"

>> ParameterBinding(Trace-SteroidsOutput): name="InputObject"; value="@{Name=Microsoft.Windows.CloudExperienceHost; PackageFullName=Microsoft.Windows.CloudExperienceHost_10.0.16281.1000_neutral_neutral_cw5n1h2txyewy}"

>> ParameterBinding(Trace-SteroidsOutput): name="InputObject"; value="@{Name=Microsoft.Windows.ContentDeliveryManager; PackageFullName=Microsoft.Windows.ContentDeliveryManager_10.0.16281.1000_neutral_neutral_cw5n1h2txyewy}"

>> ParameterBinding(Trace-SteroidsOutput): name="InputObject"; value="@{Name=Microsoft.Windows.Cortana; PackageFullName=Microsoft.Windows.Cortana_1.9.6.16281_neutral_neutral_cw5n1h2txyewy}"

>> ParameterBinding(Trace-SteroidsOutput): name="InputObject"; value="@{Name=Microsoft.Windows.HolographicFirstRun; PackageFullName=Microsoft.Windows.HolographicFirstRun_10.0.16281.1000_neutral_neutral_cw5n1h2txyewy}"

>> ParameterBinding(Trace-SteroidsOutput): name="InputObject"; value="@{Name=Microsoft.Windows.OOBENetworkCaptivePortal; PackageFullName=Microsoft.Windows.OOBENetworkCaptivePortal_10.0.16281.1000_neutral__cw5n1h2txyewy}"

>> ParameterBinding(Trace-SteroidsOutput): name="InputObject"; value="@{Name=Microsoft.Windows.OOBENetworkConnectionFlow; PackageFullName=Microsoft.Windows.OOBENetworkConnectionFlow_10.0.16281.1000_neutral__cw5n1h2txyewy}"

>> ParameterBinding(Trace-SteroidsOutput): name="InputObject"; value="@{Name=Microsoft.Windows.ParentalControls; PackageFullName=Microsoft.Windows.ParentalControls_1000.16281.1000.0_neutral_neutral_cw5n1h2txyewy}"

>> ParameterBinding(Trace-SteroidsOutput): name="InputObject"; value="@{Name=Microsoft.Windows.SecHealthUI; PackageFullName=Microsoft.Windows.SecHealthUI_10.0.16281.1000_neutral__cw5n1h2txyewy}"

>> ParameterBinding(Trace-SteroidsOutput): name="InputObject"; value="@{Name=Microsoft.Windows.SecureAssessmentBrowser; PackageFullName=Microsoft.Windows.SecureAssessmentBrowser_10.0.16281.1000_neutral_neutral_cw5n1h2txyewy}"

>> ParameterBinding(Trace-SteroidsOutput): name="InputObject"; value="@{Name=Microsoft.Windows.ShellExperienceHost; PackageFullName=Microsoft.Windows.ShellExperienceHost_10.0.16281.1000_neutral_neutral_cw5n1h2txyewy}"

>> ParameterBinding(Trace-SteroidsOutput): name="InputObject"; value="@{Name=Microsoft.XboxGameCallableUI; PackageFullName=Microsoft.XboxGameCallableUI_1000.16281.1000.0_neutral_neutral_cw5n1h2txyewy}"

>> ParameterBinding(Trace-SteroidsOutput): name="InputObject"; value="@{Name=windows.immersivecontrolpanel; PackageFullName=windows.immersivecontrolpanel_10.0.1.1000_neutral_neutral_cw5n1h2txyewy}"

>> ParameterBinding(Trace-SteroidsOutput): name="InputObject"; value="@{Name=Microsoft.NET.Native.Runtime.1.3; PackageFullName=Microsoft.NET.Native.Runtime.1.3_1.3.23901.0_x86__8wekyb3d8bbwe}"

>> ParameterBinding(Trace-SteroidsOutput): name="InputObject"; value="@{Name=Microsoft.NET.Native.Runtime.1.3; PackageFullName=Microsoft.NET.Native.Runtime.1.3_1.3.23901.0_x64__8wekyb3d8bbwe}"

>> ParameterBinding(Trace-SteroidsOutput): name="InputObject"; value="@{Name=Microsoft.NET.Native.Framework.1.3; PackageFullName=Microsoft.NET.Native.Framework.1.3_1.3.24201.0_x86__8wekyb3d8bbwe}"

>> ParameterBinding(Trace-SteroidsOutput): name="InputObject"; value="@{Name=Microsoft.NET.Native.Framework.1.3; PackageFullName=Microsoft.NET.Native.Framework.1.3_1.3.24201.0_x64__8wekyb3d8bbwe}"

>> ParameterBinding(Trace-SteroidsOutput): name="InputObject"; value="@{Name=Microsoft.VCLibs.140.00; PackageFullName=Microsoft.VCLibs.140.00_14.0.24605.0_x86__8wekyb3d8bbwe}"

>> ParameterBinding(Trace-SteroidsOutput): name="InputObject"; value="@{Name=Microsoft.VCLibs.140.00; PackageFullName=Microsoft.VCLibs.140.00_14.0.24605.0_x86__8wekyb3d8bbwe}"

>> ParameterBinding(Trace-SteroidsOutput): name="InputObject"; value="@{Name=Microsoft.VCLibs.140.00; PackageFullName=Microsoft.VCLibs.140.00_14.0.24605.0_x64__8wekyb3d8bbwe}"

>> ParameterBinding(Trace-SteroidsOutput): name="InputObject"; value="@{Name=Microsoft.VCLibs.140.00; PackageFullName=Microsoft.VCLibs.140.00_14.0.24605.0_x64__8wekyb3d8bbwe}"

>> ParameterBinding(Trace-SteroidsOutput): name="InputObject"; value="@{Name=Microsoft.NET.Native.Runtime.1.6; PackageFullName=Microsoft.NET.Native.Runtime.1.6_1.6.24903.0_x86__8wekyb3d8bbwe}"

>> ParameterBinding(Trace-SteroidsOutput): name="InputObject"; value="@{Name=Microsoft.NET.Native.Runtime.1.6; PackageFullName=Microsoft.NET.Native.Runtime.1.6_1.6.24903.0_x64__8wekyb3d8bbwe}"

>> ParameterBinding(Trace-SteroidsOutput): name="InputObject"; value="@{Name=Microsoft.NET.Native.Framework.1.6; PackageFullName=Microsoft.NET.Native.Framework.1.6_1.6.24903.0_x86__8wekyb3d8bbwe}"

>> ParameterBinding(Trace-SteroidsOutput): name="InputObject"; value="@{Name=Microsoft.NET.Native.Framework.1.6; PackageFullName=Microsoft.NET.Native.Framework.1.6_1.6.24903.0_x64__8wekyb3d8bbwe}"

>> ParameterBinding(Trace-SteroidsOutput): name="InputObject"; value="@{Name=Microsoft.DesktopAppInstaller; PackageFullName=Microsoft.DesktopAppInstaller_1.0.12161.0_x64__8wekyb3d8bbwe}"

>> ParameterBinding(Trace-SteroidsOutput): name="InputObject"; value="@{Name=Microsoft.Messaging; PackageFullName=Microsoft.Messaging_3.32.15001.0_x64__8wekyb3d8bbwe}"

>> ParameterBinding(Trace-SteroidsOutput): name="InputObject"; value="@{Name=Microsoft.Microsoft3DViewer; PackageFullName=Microsoft.Microsoft3DViewer_1.1707.26019.0_x64__8wekyb3d8bbwe}"

>> ParameterBinding(Trace-SteroidsOutput): name="InputObject"; value="@{Name=Microsoft.MicrosoftSolitaireCollection; PackageFullName=Microsoft.MicrosoftSolitaireCollection_3.17.8162.0_x64__8wekyb3d8bbwe}"

>> ParameterBinding(Trace-SteroidsOutput): name="InputObject"; value="@{Name=Microsoft.MicrosoftStickyNotes; PackageFullName=Microsoft.MicrosoftStickyNotes_1.8.2.0_x64__8wekyb3d8bbwe}"

>> ParameterBinding(Trace-SteroidsOutput): name="InputObject"; value="@{Name=Microsoft.NET.Native.Runtime.1.4; PackageFullName=Microsoft.NET.Native.Runtime.1.4_1.4.24201.0_x64__8wekyb3d8bbwe}"

>> ParameterBinding(Trace-SteroidsOutput): name="InputObject"; value="@{Name=Microsoft.NET.Native.Runtime.1.4; PackageFullName=Microsoft.NET.Native.Runtime.1.4_1.4.24201.0_x86__8wekyb3d8bbwe}"

>> ParameterBinding(Trace-SteroidsOutput): name="InputObject"; value="@{Name=Microsoft.People; PackageFullName=Microsoft.People_10.2.2351.0_x64__8wekyb3d8bbwe}"

>> ParameterBinding(Trace-SteroidsOutput): name="InputObject"; value="@{Name=Microsoft.Windows.Photos; PackageFullName=Microsoft.Windows.Photos_2017.37071.15320.0_x64__8wekyb3d8bbwe}"

>> ParameterBinding(Trace-SteroidsOutput): name="InputObject"; value="@{Name=Microsoft.WindowsMaps; PackageFullName=Microsoft.WindowsMaps_5.1706.2261.0_x64__8wekyb3d8bbwe}"

>> ParameterBinding(Trace-SteroidsOutput): name="InputObject"; value="@{Name=Microsoft.XboxGameOverlay; PackageFullName=Microsoft.XboxGameOverlay_1.19.14001.0_x64__8wekyb3d8bbwe}"

>> ParameterBinding(Trace-SteroidsOutput): name="InputObject"; value="@{Name=Microsoft.XboxIdentityProvider; PackageFullName=Microsoft.XboxIdentityProvider_12.30.5001.0_x64__8wekyb3d8bbwe}"

>> ParameterBinding(Trace-SteroidsOutput): name="InputObject"; value="@{Name=Microsoft.XboxSpeechToTextOverlay; PackageFullName=Microsoft.XboxSpeechToTextOverlay_1.17.29001.0_x64__8wekyb3d8bbwe}"

>> ParameterBinding(Trace-SteroidsOutput): name="InputObject"; value="@{Name=Microsoft.ZuneMusic; PackageFullName=Microsoft.ZuneMusic_10.17063.22511.0_x64__8wekyb3d8bbwe}"

>> ParameterBinding(Trace-SteroidsOutput): name="InputObject"; value="@{Name=Microsoft.Services.Store.Engagement; PackageFullName=Microsoft.Services.Store.Engagement_10.0.1706.0_x64__8wekyb3d8bbwe}"

>> ParameterBinding(Trace-SteroidsOutput): name="InputObject"; value="@{Name=Microsoft.Services.Store.Engagement; PackageFullName=Microsoft.Services.Store.Engagement_10.0.1706.0_x86__8wekyb3d8bbwe}"

>> ParameterBinding(Trace-SteroidsOutput): name="InputObject"; value="@{Name=Microsoft.Advertising.Xaml; PackageFullName=Microsoft.Advertising.Xaml_10.1708.1.0_x64__8wekyb3d8bbwe}"

>> ParameterBinding(Trace-SteroidsOutput): name="InputObject"; value="@{Name=Microsoft.Advertising.Xaml; PackageFullName=Microsoft.Advertising.Xaml_10.1708.1.0_x86__8wekyb3d8bbwe}"

>> ParameterBinding(Trace-SteroidsOutput): name="InputObject"; value="@{Name=Microsoft.VCLibs.120.00; PackageFullName=Microsoft.VCLibs.120.00_12.0.21005.1_x86__8wekyb3d8bbwe}"

>> ParameterBinding(Trace-SteroidsOutput): name="InputObject"; value="@{Name=Microsoft.VCLibs.120.00; PackageFullName=Microsoft.VCLibs.120.00_12.0.21005.1_x64__8wekyb3d8bbwe}"

>> ParameterBinding(Trace-SteroidsOutput): name="InputObject"; value="@{Name=Microsoft.SkypeApp; PackageFullName=Microsoft.SkypeApp_11.19.856.0_x64__kzf8qxf38zg5c}"

>> ParameterBinding(Trace-SteroidsOutput): name="InputObject"; value="@{Name=Microsoft.OneConnect; PackageFullName=Microsoft.OneConnect_3.1708.2372.0_x64__8wekyb3d8bbwe}"

>> ParameterBinding(Trace-SteroidsOutput): name="InputObject"; value="@{Name=Microsoft.NET.Native.Runtime.1.1; PackageFullName=Microsoft.NET.Native.Runtime.1.1_1.1.23406.0_x86__8wekyb3d8bbwe}"

>> ParameterBinding(Trace-SteroidsOutput): name="InputObject"; value="@{Name=Microsoft.NET.Native.Runtime.1.1; PackageFullName=Microsoft.NET.Native.Runtime.1.1_1.1.23406.0_x64__8wekyb3d8bbwe}"

>> ParameterBinding(Trace-SteroidsOutput): name="InputObject"; value="@{Name=Microsoft.NET.Native.Framework.1.2; PackageFullName=Microsoft.NET.Native.Framework.1.2_1.2.23231.0_x86__8wekyb3d8bbwe}"

>> ParameterBinding(Trace-SteroidsOutput): name="InputObject"; value="@{Name=Microsoft.NET.Native.Framework.1.2; PackageFullName=Microsoft.NET.Native.Framework.1.2_1.2.23231.0_x64__8wekyb3d8bbwe}"



PS C:\WINDOWS\system32> $hash.Apps
>> CommandInvocation(Trace-SteroidsOutput): "Trace-SteroidsOutput"
>> ParameterBinding(Trace-SteroidsOutput): name="InputObject"; value="@{DisplayName=Total Commander 64-bit (Remove or Repair); DisplayVersion=9.0a; Publisher=Ghisler Software GmbH}"

>> ParameterBinding(Trace-SteroidsOutput): name="InputObject"; value="@{DisplayName=Dell Touchpad; DisplayVersion=8.1206.101.112; Publisher=ALPS ELECTRIC CO., LTD.}"
DisplayName                               DisplayVersion Publisher
-----------                               -------------- ---------
Total Commander 64-bit (Remove or Repair) 9.0a           Ghisler Software GmbH
Dell Touchpad                             8.1206.101.112 ALPS ELECTRIC CO., LTD.


PS C:\WINDOWS\system32> $hash.hotfix
>> CommandInvocation(Trace-SteroidsOutput): "Trace-SteroidsOutput"
PS C:\WINDOWS\system32> $hash.services
>> CommandInvocation(Trace-SteroidsOutput): "Trace-SteroidsOutput"
>> ParameterBinding(Trace-SteroidsOutput): name="InputObject"; value="@{DisplayName=Offline Files; StartType=2}"

>> ParameterBinding(Trace-SteroidsOutput): name="InputObject"; value="@{DisplayName=Connected User Experiences and Telemetry; StartType=2}"
>> ParameterBinding(Trace-SteroidsOutput): name="InputObject"; value="@{DisplayName=Diagnostic Policy Service; StartType=2}"
>> ParameterBinding(Trace-SteroidsOutput): name="InputObject"; value="@{DisplayName=Geolocation Service; StartType=3}"
>> ParameterBinding(Trace-SteroidsOutput): name="InputObject"; value="@{DisplayName=Net.Tcp Port Sharing Service; StartType=4}"
>> ParameterBinding(Trace-SteroidsOutput): name="InputObject"; value="@{DisplayName=Remote Access Connection Manager; StartType=2}"
>> ParameterBinding(Trace-SteroidsOutput): name="InputObject"; value="@{DisplayName=Routing and Remote Access; StartType=4}"
>> ParameterBinding(Trace-SteroidsOutput): name="InputObject"; value="@{DisplayName=Shell Hardware Detection; StartType=2}"
>> ParameterBinding(Trace-SteroidsOutput): name="InputObject"; value="@{DisplayName=Shared PC Account Manager; StartType=4}"
>> ParameterBinding(Trace-SteroidsOutput): name="InputObject"; value="@{DisplayName=Windows Image Acquisition (WIA); StartType=2}"
>> ParameterBinding(Trace-SteroidsOutput): name="InputObject"; value="@{DisplayName=Themes; StartType=2}"
>> ParameterBinding(Trace-SteroidsOutput): name="InputObject"; value="@{DisplayName=Tile Data model server; StartType=3}"
>> ParameterBinding(Trace-SteroidsOutput): name="InputObject"; value="@{DisplayName=Auto Time Zone Updater; StartType=4}"
>> ParameterBinding(Trace-SteroidsOutput): name="InputObject"; value="@{DisplayName=Windows Time; StartType=3}"
>> ParameterBinding(Trace-SteroidsOutput): name="InputObject"; value="@{DisplayName=Windows Defender Antivirus Service; StartType=3}"
>> ParameterBinding(Trace-SteroidsOutput): name="InputObject"; value="@{DisplayName=Windows Remote Management (WS-Management); StartType=3}"
DisplayName                               StartType
-----------                               ---------
Offline Files                                     2
Connected User Experiences and Telemetry          2
Diagnostic Policy Service                         2
Geolocation Service                               3
Net.Tcp Port Sharing Service                      4
Remote Access Connection Manager                  2
Routing and Remote Access                         4
Shell Hardware Detection                          2
Shared PC Account Manager                         4
Windows Image Acquisition (WIA)                   2
Themes                                            2
Tile Data model server                            3
Auto Time Zone Updater                            4
Windows Time                                      3
Windows Defender Antivirus Service                3
Windows Remote Management (WS-Management)         3


PS C:\WINDOWS\system32> $hash.scheduledtasks
>> CommandInvocation(Trace-SteroidsOutput): "Trace-SteroidsOutput"
PS C:\WINDOWS\system32> $hash.uwp
>> CommandInvocation(Trace-SteroidsOutput): "Trace-SteroidsOutput"
>> ParameterBinding(Trace-SteroidsOutput): name="InputObject"; value="@{Name=1527c705-839a-4832-9118-54d4Bd6a0c89; PackageFullName=1527c705-839a-4832-9118-54d4Bd6a0c89_10.0.16281.1000_neutral_neutral_cw5n1h2txyewy}"

>> ParameterBinding(Trace-SteroidsOutput): name="InputObject"; value="@{Name=1527c705-839a-4832-9118-54d4Bd6a0c89; PackageFullName=1527c705-839a-4832-9118-54d4Bd6a0c89_10.0.16281.1000_neutral_neutral_cw5n1h2txyewy}"
>> ParameterBinding(Trace-SteroidsOutput): name="InputObject"; value="@{Name=c5e2524a-ea46-4f67-841f-6a9465d9d515; PackageFullName=c5e2524a-ea46-4f67-841f-6a9465d9d515_10.0.16281.1000_neutral_neutral_cw5n1h2txyewy}"
>> ParameterBinding(Trace-SteroidsOutput): name="InputObject"; value="@{Name=E2A4F912-2574-4A75-9BB0-0D023378592B; PackageFullName=E2A4F912-2574-4A75-9BB0-0D023378592B_10.0.16281.1000_neutral_neutral_cw5n1h2txyewy}"
>> ParameterBinding(Trace-SteroidsOutput): name="InputObject"; value="@{Name=E2A4F912-2574-4A75-9BB0-0D023378592B; PackageFullName=E2A4F912-2574-4A75-9BB0-0D023378592B_10.0.16281.1000_neutral_neutral_cw5n1h2txyewy}"
>> ParameterBinding(Trace-SteroidsOutput): name="InputObject"; value="@{Name=Microsoft.AAD.BrokerPlugin; PackageFullName=Microsoft.AAD.BrokerPlugin_1000.16281.1000.0_neutral_neutral_cw5n1h2txyewy}"
>> ParameterBinding(Trace-SteroidsOutput): name="InputObject"; value="@{Name=Microsoft.AccountsControl; PackageFullName=Microsoft.AccountsControl_10.0.16281.1000_neutral__cw5n1h2txyewy}"
>> ParameterBinding(Trace-SteroidsOutput): name="InputObject"; value="@{Name=Microsoft.AccountsControl; PackageFullName=Microsoft.AccountsControl_10.0.16281.1000_neutral__cw5n1h2txyewy}"
>> ParameterBinding(Trace-SteroidsOutput): name="InputObject"; value="@{Name=Microsoft.BioEnrollment; PackageFullName=Microsoft.BioEnrollment_10.0.16281.1000_neutral__cw5n1h2txyewy}"
>> ParameterBinding(Trace-SteroidsOutput): name="InputObject"; value="@{Name=Microsoft.BioEnrollment; PackageFullName=Microsoft.BioEnrollment_10.0.16281.1000_neutral__cw5n1h2txyewy}"
>> ParameterBinding(Trace-SteroidsOutput): name="InputObject"; value="@{Name=Microsoft.CredDialogHost; PackageFullName=Microsoft.CredDialogHost_10.0.16281.1000_neutral__cw5n1h2txyewy}"
>> ParameterBinding(Trace-SteroidsOutput): name="InputObject"; value="@{Name=Microsoft.LockApp; PackageFullName=Microsoft.LockApp_10.0.16281.1000_neutral__cw5n1h2txyewy}"
>> ParameterBinding(Trace-SteroidsOutput): name="InputObject"; value="@{Name=Microsoft.MicrosoftEdge; PackageFullName=Microsoft.MicrosoftEdge_41.16281.1000.0_neutral__8wekyb3d8bbwe}"
>> ParameterBinding(Trace-SteroidsOutput): name="InputObject"; value="@{Name=Microsoft.PPIProjection; PackageFullName=Microsoft.PPIProjection_10.0.16281.1000_neutral_neutral_cw5n1h2txyewy}"
>> ParameterBinding(Trace-SteroidsOutput): name="InputObject"; value="@{Name=Microsoft.Windows.Apprep.ChxApp; PackageFullName=Microsoft.Windows.Apprep.ChxApp_1000.16281.1000.0_neutral_neutral_cw5n1h2txyewy}"
>> ParameterBinding(Trace-SteroidsOutput): name="InputObject"; value="@{Name=Microsoft.Windows.AssignedAccessLockApp; PackageFullName=Microsoft.Windows.AssignedAccessLockApp_1000.16281.1000.0_neutral_neutral_cw5n1h2txyewy}"
>> ParameterBinding(Trace-SteroidsOutput): name="InputObject"; value="@{Name=Microsoft.Windows.CloudExperienceHost; PackageFullName=Microsoft.Windows.CloudExperienceHost_10.0.16281.1000_neutral_neutral_cw5n1h2txyewy}"
>> ParameterBinding(Trace-SteroidsOutput): name="InputObject"; value="@{Name=Microsoft.Windows.CloudExperienceHost; PackageFullName=Microsoft.Windows.CloudExperienceHost_10.0.16281.1000_neutral_neutral_cw5n1h2txyewy}"
>> ParameterBinding(Trace-SteroidsOutput): name="InputObject"; value="@{Name=Microsoft.Windows.ContentDeliveryManager; PackageFullName=Microsoft.Windows.ContentDeliveryManager_10.0.16281.1000_neutral_neutral_cw5n1h2txyewy}"
>> ParameterBinding(Trace-SteroidsOutput): name="InputObject"; value="@{Name=Microsoft.Windows.Cortana; PackageFullName=Microsoft.Windows.Cortana_1.9.6.16281_neutral_neutral_cw5n1h2txyewy}"
>> ParameterBinding(Trace-SteroidsOutput): name="InputObject"; value="@{Name=Microsoft.Windows.HolographicFirstRun; PackageFullName=Microsoft.Windows.HolographicFirstRun_10.0.16281.1000_neutral_neutral_cw5n1h2txyewy}"
>> ParameterBinding(Trace-SteroidsOutput): name="InputObject"; value="@{Name=Microsoft.Windows.OOBENetworkCaptivePortal; PackageFullName=Microsoft.Windows.OOBENetworkCaptivePortal_10.0.16281.1000_neutral__cw5n1h2txyewy}"
>> ParameterBinding(Trace-SteroidsOutput): name="InputObject"; value="@{Name=Microsoft.Windows.OOBENetworkConnectionFlow; PackageFullName=Microsoft.Windows.OOBENetworkConnectionFlow_10.0.16281.1000_neutral__cw5n1h2txyewy}"
>> ParameterBinding(Trace-SteroidsOutput): name="InputObject"; value="@{Name=Microsoft.Windows.ParentalControls; PackageFullName=Microsoft.Windows.ParentalControls_1000.16281.1000.0_neutral_neutral_cw5n1h2txyewy}"
>> ParameterBinding(Trace-SteroidsOutput): name="InputObject"; value="@{Name=Microsoft.Windows.SecHealthUI; PackageFullName=Microsoft.Windows.SecHealthUI_10.0.16281.1000_neutral__cw5n1h2txyewy}"
>> ParameterBinding(Trace-SteroidsOutput): name="InputObject"; value="@{Name=Microsoft.Windows.SecureAssessmentBrowser; PackageFullName=Microsoft.Windows.SecureAssessmentBrowser_10.0.16281.1000_neutral_neutral_cw5n1h2txyewy}"
>> ParameterBinding(Trace-SteroidsOutput): name="InputObject"; value="@{Name=Microsoft.Windows.ShellExperienceHost; PackageFullName=Microsoft.Windows.ShellExperienceHost_10.0.16281.1000_neutral_neutral_cw5n1h2txyewy}"
>> ParameterBinding(Trace-SteroidsOutput): name="InputObject"; value="@{Name=Microsoft.XboxGameCallableUI; PackageFullName=Microsoft.XboxGameCallableUI_1000.16281.1000.0_neutral_neutral_cw5n1h2txyewy}"
>> ParameterBinding(Trace-SteroidsOutput): name="InputObject"; value="@{Name=windows.immersivecontrolpanel; PackageFullName=windows.immersivecontrolpanel_10.0.1.1000_neutral_neutral_cw5n1h2txyewy}"
>> ParameterBinding(Trace-SteroidsOutput): name="InputObject"; value="@{Name=Microsoft.NET.Native.Runtime.1.3; PackageFullName=Microsoft.NET.Native.Runtime.1.3_1.3.23901.0_x86__8wekyb3d8bbwe}"
>> ParameterBinding(Trace-SteroidsOutput): name="InputObject"; value="@{Name=Microsoft.NET.Native.Runtime.1.3; PackageFullName=Microsoft.NET.Native.Runtime.1.3_1.3.23901.0_x64__8wekyb3d8bbwe}"
>> ParameterBinding(Trace-SteroidsOutput): name="InputObject"; value="@{Name=Microsoft.NET.Native.Framework.1.3; PackageFullName=Microsoft.NET.Native.Framework.1.3_1.3.24201.0_x86__8wekyb3d8bbwe}"
>> ParameterBinding(Trace-SteroidsOutput): name="InputObject"; value="@{Name=Microsoft.NET.Native.Framework.1.3; PackageFullName=Microsoft.NET.Native.Framework.1.3_1.3.24201.0_x64__8wekyb3d8bbwe}"
>> ParameterBinding(Trace-SteroidsOutput): name="InputObject"; value="@{Name=Microsoft.VCLibs.140.00; PackageFullName=Microsoft.VCLibs.140.00_14.0.24605.0_x86__8wekyb3d8bbwe}"
>> ParameterBinding(Trace-SteroidsOutput): name="InputObject"; value="@{Name=Microsoft.VCLibs.140.00; PackageFullName=Microsoft.VCLibs.140.00_14.0.24605.0_x86__8wekyb3d8bbwe}"
>> ParameterBinding(Trace-SteroidsOutput): name="InputObject"; value="@{Name=Microsoft.VCLibs.140.00; PackageFullName=Microsoft.VCLibs.140.00_14.0.24605.0_x64__8wekyb3d8bbwe}"
>> ParameterBinding(Trace-SteroidsOutput): name="InputObject"; value="@{Name=Microsoft.VCLibs.140.00; PackageFullName=Microsoft.VCLibs.140.00_14.0.24605.0_x64__8wekyb3d8bbwe}"
>> ParameterBinding(Trace-SteroidsOutput): name="InputObject"; value="@{Name=Microsoft.NET.Native.Runtime.1.6; PackageFullName=Microsoft.NET.Native.Runtime.1.6_1.6.24903.0_x86__8wekyb3d8bbwe}"
>> ParameterBinding(Trace-SteroidsOutput): name="InputObject"; value="@{Name=Microsoft.NET.Native.Runtime.1.6; PackageFullName=Microsoft.NET.Native.Runtime.1.6_1.6.24903.0_x64__8wekyb3d8bbwe}"
>> ParameterBinding(Trace-SteroidsOutput): name="InputObject"; value="@{Name=Microsoft.NET.Native.Framework.1.6; PackageFullName=Microsoft.NET.Native.Framework.1.6_1.6.24903.0_x86__8wekyb3d8bbwe}"
>> ParameterBinding(Trace-SteroidsOutput): name="InputObject"; value="@{Name=Microsoft.NET.Native.Framework.1.6; PackageFullName=Microsoft.NET.Native.Framework.1.6_1.6.24903.0_x64__8wekyb3d8bbwe}"
>> ParameterBinding(Trace-SteroidsOutput): name="InputObject"; value="@{Name=Microsoft.DesktopAppInstaller; PackageFullName=Microsoft.DesktopAppInstaller_1.0.12161.0_x64__8wekyb3d8bbwe}"
>> ParameterBinding(Trace-SteroidsOutput): name="InputObject"; value="@{Name=Microsoft.Messaging; PackageFullName=Microsoft.Messaging_3.32.15001.0_x64__8wekyb3d8bbwe}"
>> ParameterBinding(Trace-SteroidsOutput): name="InputObject"; value="@{Name=Microsoft.Microsoft3DViewer; PackageFullName=Microsoft.Microsoft3DViewer_1.1707.26019.0_x64__8wekyb3d8bbwe}"
>> ParameterBinding(Trace-SteroidsOutput): name="InputObject"; value="@{Name=Microsoft.MicrosoftSolitaireCollection; PackageFullName=Microsoft.MicrosoftSolitaireCollection_3.17.8162.0_x64__8wekyb3d8bbwe}"
>> ParameterBinding(Trace-SteroidsOutput): name="InputObject"; value="@{Name=Microsoft.MicrosoftStickyNotes; PackageFullName=Microsoft.MicrosoftStickyNotes_1.8.2.0_x64__8wekyb3d8bbwe}"
>> ParameterBinding(Trace-SteroidsOutput): name="InputObject"; value="@{Name=Microsoft.NET.Native.Runtime.1.4; PackageFullName=Microsoft.NET.Native.Runtime.1.4_1.4.24201.0_x64__8wekyb3d8bbwe}"
>> ParameterBinding(Trace-SteroidsOutput): name="InputObject"; value="@{Name=Microsoft.NET.Native.Runtime.1.4; PackageFullName=Microsoft.NET.Native.Runtime.1.4_1.4.24201.0_x86__8wekyb3d8bbwe}"
>> ParameterBinding(Trace-SteroidsOutput): name="InputObject"; value="@{Name=Microsoft.People; PackageFullName=Microsoft.People_10.2.2351.0_x64__8wekyb3d8bbwe}"
>> ParameterBinding(Trace-SteroidsOutput): name="InputObject"; value="@{Name=Microsoft.Windows.Photos; PackageFullName=Microsoft.Windows.Photos_2017.37071.15320.0_x64__8wekyb3d8bbwe}"
>> ParameterBinding(Trace-SteroidsOutput): name="InputObject"; value="@{Name=Microsoft.WindowsMaps; PackageFullName=Microsoft.WindowsMaps_5.1706.2261.0_x64__8wekyb3d8bbwe}"
>> ParameterBinding(Trace-SteroidsOutput): name="InputObject"; value="@{Name=Microsoft.XboxGameOverlay; PackageFullName=Microsoft.XboxGameOverlay_1.19.14001.0_x64__8wekyb3d8bbwe}"
>> ParameterBinding(Trace-SteroidsOutput): name="InputObject"; value="@{Name=Microsoft.XboxIdentityProvider; PackageFullName=Microsoft.XboxIdentityProvider_12.30.5001.0_x64__8wekyb3d8bbwe}"
>> ParameterBinding(Trace-SteroidsOutput): name="InputObject"; value="@{Name=Microsoft.XboxSpeechToTextOverlay; PackageFullName=Microsoft.XboxSpeechToTextOverlay_1.17.29001.0_x64__8wekyb3d8bbwe}"
>> ParameterBinding(Trace-SteroidsOutput): name="InputObject"; value="@{Name=Microsoft.ZuneMusic; PackageFullName=Microsoft.ZuneMusic_10.17063.22511.0_x64__8wekyb3d8bbwe}"
>> ParameterBinding(Trace-SteroidsOutput): name="InputObject"; value="@{Name=Microsoft.Services.Store.Engagement; PackageFullName=Microsoft.Services.Store.Engagement_10.0.1706.0_x64__8wekyb3d8bbwe}"
>> ParameterBinding(Trace-SteroidsOutput): name="InputObject"; value="@{Name=Microsoft.Services.Store.Engagement; PackageFullName=Microsoft.Services.Store.Engagement_10.0.1706.0_x86__8wekyb3d8bbwe}"
>> ParameterBinding(Trace-SteroidsOutput): name="InputObject"; value="@{Name=Microsoft.Advertising.Xaml; PackageFullName=Microsoft.Advertising.Xaml_10.1708.1.0_x64__8wekyb3d8bbwe}"
>> ParameterBinding(Trace-SteroidsOutput): name="InputObject"; value="@{Name=Microsoft.Advertising.Xaml; PackageFullName=Microsoft.Advertising.Xaml_10.1708.1.0_x86__8wekyb3d8bbwe}"
>> ParameterBinding(Trace-SteroidsOutput): name="InputObject"; value="@{Name=Microsoft.VCLibs.120.00; PackageFullName=Microsoft.VCLibs.120.00_12.0.21005.1_x86__8wekyb3d8bbwe}"
>> ParameterBinding(Trace-SteroidsOutput): name="InputObject"; value="@{Name=Microsoft.VCLibs.120.00; PackageFullName=Microsoft.VCLibs.120.00_12.0.21005.1_x64__8wekyb3d8bbwe}"
>> ParameterBinding(Trace-SteroidsOutput): name="InputObject"; value="@{Name=Microsoft.SkypeApp; PackageFullName=Microsoft.SkypeApp_11.19.856.0_x64__kzf8qxf38zg5c}"
>> ParameterBinding(Trace-SteroidsOutput): name="InputObject"; value="@{Name=Microsoft.OneConnect; PackageFullName=Microsoft.OneConnect_3.1708.2372.0_x64__8wekyb3d8bbwe}"
>> ParameterBinding(Trace-SteroidsOutput): name="InputObject"; value="@{Name=Microsoft.NET.Native.Runtime.1.1; PackageFullName=Microsoft.NET.Native.Runtime.1.1_1.1.23406.0_x86__8wekyb3d8bbwe}"
>> ParameterBinding(Trace-SteroidsOutput): name="InputObject"; value="@{Name=Microsoft.NET.Native.Runtime.1.1; PackageFullName=Microsoft.NET.Native.Runtime.1.1_1.1.23406.0_x64__8wekyb3d8bbwe}"
>> ParameterBinding(Trace-SteroidsOutput): name="InputObject"; value="@{Name=Microsoft.NET.Native.Framework.1.2; PackageFullName=Microsoft.NET.Native.Framework.1.2_1.2.23231.0_x86__8wekyb3d8bbwe}"
>> ParameterBinding(Trace-SteroidsOutput): name="InputObject"; value="@{Name=Microsoft.NET.Native.Framework.1.2; PackageFullName=Microsoft.NET.Native.Framework.1.2_1.2.23231.0_x64__8wekyb3d8bbwe}"
Name                                        PackageFullName
----                                        ---------------
1527c705-839a-4832-9118-54d4Bd6a0c89        1527c705-839a-4832-9118-54d4Bd6a0c89_10.0.16281.1000_neutral_neutral_cw5n1h2txyewy
1527c705-839a-4832-9118-54d4Bd6a0c89        1527c705-839a-4832-9118-54d4Bd6a0c89_10.0.16281.1000_neutral_neutral_cw5n1h2txyewy
c5e2524a-ea46-4f67-841f-6a9465d9d515        c5e2524a-ea46-4f67-841f-6a9465d9d515_10.0.16281.1000_neutral_neutral_cw5n1h2txyewy
E2A4F912-2574-4A75-9BB0-0D023378592B        E2A4F912-2574-4A75-9BB0-0D023378592B_10.0.16281.1000_neutral_neutral_cw5n1h2txyewy
E2A4F912-2574-4A75-9BB0-0D023378592B        E2A4F912-2574-4A75-9BB0-0D023378592B_10.0.16281.1000_neutral_neutral_cw5n1h2txyewy
Microsoft.AAD.BrokerPlugin                  Microsoft.AAD.BrokerPlugin_1000.16281.1000.0_neutral_neutral_cw5n1h2txyewy
Microsoft.AccountsControl                   Microsoft.AccountsControl_10.0.16281.1000_neutral__cw5n1h2txyewy
Microsoft.AccountsControl                   Microsoft.AccountsControl_10.0.16281.1000_neutral__cw5n1h2txyewy
Microsoft.BioEnrollment                     Microsoft.BioEnrollment_10.0.16281.1000_neutral__cw5n1h2txyewy
Microsoft.BioEnrollment                     Microsoft.BioEnrollment_10.0.16281.1000_neutral__cw5n1h2txyewy
Microsoft.CredDialogHost                    Microsoft.CredDialogHost_10.0.16281.1000_neutral__cw5n1h2txyewy
Microsoft.LockApp                           Microsoft.LockApp_10.0.16281.1000_neutral__cw5n1h2txyewy
Microsoft.MicrosoftEdge                     Microsoft.MicrosoftEdge_41.16281.1000.0_neutral__8wekyb3d8bbwe
Microsoft.PPIProjection                     Microsoft.PPIProjection_10.0.16281.1000_neutral_neutral_cw5n1h2txyewy
Microsoft.Windows.Apprep.ChxApp             Microsoft.Windows.Apprep.ChxApp_1000.16281.1000.0_neutral_neutral_cw5n1h2txyewy
Microsoft.Windows.AssignedAccessLockApp     Microsoft.Windows.AssignedAccessLockApp_1000.16281.1000.0_neutral_neutral_cw5n1h2txyewy
Microsoft.Windows.CloudExperienceHost       Microsoft.Windows.CloudExperienceHost_10.0.16281.1000_neutral_neutral_cw5n1h2txyewy
Microsoft.Windows.CloudExperienceHost       Microsoft.Windows.CloudExperienceHost_10.0.16281.1000_neutral_neutral_cw5n1h2txyewy
Microsoft.Windows.ContentDeliveryManager    Microsoft.Windows.ContentDeliveryManager_10.0.16281.1000_neutral_neutral_cw5n1h2txyewy
Microsoft.Windows.Cortana                   Microsoft.Windows.Cortana_1.9.6.16281_neutral_neutral_cw5n1h2txyewy
Microsoft.Windows.HolographicFirstRun       Microsoft.Windows.HolographicFirstRun_10.0.16281.1000_neutral_neutral_cw5n1h2txyewy
Microsoft.Windows.OOBENetworkCaptivePortal  Microsoft.Windows.OOBENetworkCaptivePortal_10.0.16281.1000_neutral__cw5n1h2txyewy
Microsoft.Windows.OOBENetworkConnectionFlow Microsoft.Windows.OOBENetworkConnectionFlow_10.0.16281.1000_neutral__cw5n1h2txyewy
Microsoft.Windows.ParentalControls          Microsoft.Windows.ParentalControls_1000.16281.1000.0_neutral_neutral_cw5n1h2txyewy
Microsoft.Windows.SecHealthUI               Microsoft.Windows.SecHealthUI_10.0.16281.1000_neutral__cw5n1h2txyewy
Microsoft.Windows.SecureAssessmentBrowser   Microsoft.Windows.SecureAssessmentBrowser_10.0.16281.1000_neutral_neutral_cw5n1h2txyewy
Microsoft.Windows.ShellExperienceHost       Microsoft.Windows.ShellExperienceHost_10.0.16281.1000_neutral_neutral_cw5n1h2txyewy
Microsoft.XboxGameCallableUI                Microsoft.XboxGameCallableUI_1000.16281.1000.0_neutral_neutral_cw5n1h2txyewy
windows.immersivecontrolpanel               windows.immersivecontrolpanel_10.0.1.1000_neutral_neutral_cw5n1h2txyewy
Microsoft.NET.Native.Runtime.1.3            Microsoft.NET.Native.Runtime.1.3_1.3.23901.0_x86__8wekyb3d8bbwe
Microsoft.NET.Native.Runtime.1.3            Microsoft.NET.Native.Runtime.1.3_1.3.23901.0_x64__8wekyb3d8bbwe
Microsoft.NET.Native.Framework.1.3          Microsoft.NET.Native.Framework.1.3_1.3.24201.0_x86__8wekyb3d8bbwe
Microsoft.NET.Native.Framework.1.3          Microsoft.NET.Native.Framework.1.3_1.3.24201.0_x64__8wekyb3d8bbwe
Microsoft.VCLibs.140.00                     Microsoft.VCLibs.140.00_14.0.24605.0_x86__8wekyb3d8bbwe
Microsoft.VCLibs.140.00                     Microsoft.VCLibs.140.00_14.0.24605.0_x86__8wekyb3d8bbwe
Microsoft.VCLibs.140.00                     Microsoft.VCLibs.140.00_14.0.24605.0_x64__8wekyb3d8bbwe
Microsoft.VCLibs.140.00                     Microsoft.VCLibs.140.00_14.0.24605.0_x64__8wekyb3d8bbwe
Microsoft.NET.Native.Runtime.1.6            Microsoft.NET.Native.Runtime.1.6_1.6.24903.0_x86__8wekyb3d8bbwe
Microsoft.NET.Native.Runtime.1.6            Microsoft.NET.Native.Runtime.1.6_1.6.24903.0_x64__8wekyb3d8bbwe
Microsoft.NET.Native.Framework.1.6          Microsoft.NET.Native.Framework.1.6_1.6.24903.0_x86__8wekyb3d8bbwe
Microsoft.NET.Native.Framework.1.6          Microsoft.NET.Native.Framework.1.6_1.6.24903.0_x64__8wekyb3d8bbwe
Microsoft.DesktopAppInstaller               Microsoft.DesktopAppInstaller_1.0.12161.0_x64__8wekyb3d8bbwe
Microsoft.Messaging                         Microsoft.Messaging_3.32.15001.0_x64__8wekyb3d8bbwe
Microsoft.Microsoft3DViewer                 Microsoft.Microsoft3DViewer_1.1707.26019.0_x64__8wekyb3d8bbwe
Microsoft.MicrosoftSolitaireCollection      Microsoft.MicrosoftSolitaireCollection_3.17.8162.0_x64__8wekyb3d8bbwe
Microsoft.MicrosoftStickyNotes              Microsoft.MicrosoftStickyNotes_1.8.2.0_x64__8wekyb3d8bbwe
Microsoft.NET.Native.Runtime.1.4            Microsoft.NET.Native.Runtime.1.4_1.4.24201.0_x64__8wekyb3d8bbwe
Microsoft.NET.Native.Runtime.1.4            Microsoft.NET.Native.Runtime.1.4_1.4.24201.0_x86__8wekyb3d8bbwe
Microsoft.People                            Microsoft.People_10.2.2351.0_x64__8wekyb3d8bbwe
Microsoft.Windows.Photos                    Microsoft.Windows.Photos_2017.37071.15320.0_x64__8wekyb3d8bbwe
Microsoft.WindowsMaps                       Microsoft.WindowsMaps_5.1706.2261.0_x64__8wekyb3d8bbwe
Microsoft.XboxGameOverlay                   Microsoft.XboxGameOverlay_1.19.14001.0_x64__8wekyb3d8bbwe
Microsoft.XboxIdentityProvider              Microsoft.XboxIdentityProvider_12.30.5001.0_x64__8wekyb3d8bbwe
Microsoft.XboxSpeechToTextOverlay           Microsoft.XboxSpeechToTextOverlay_1.17.29001.0_x64__8wekyb3d8bbwe
Microsoft.ZuneMusic                         Microsoft.ZuneMusic_10.17063.22511.0_x64__8wekyb3d8bbwe
Microsoft.Services.Store.Engagement         Microsoft.Services.Store.Engagement_10.0.1706.0_x64__8wekyb3d8bbwe
Microsoft.Services.Store.Engagement         Microsoft.Services.Store.Engagement_10.0.1706.0_x86__8wekyb3d8bbwe
Microsoft.Advertising.Xaml                  Microsoft.Advertising.Xaml_10.1708.1.0_x64__8wekyb3d8bbwe
Microsoft.Advertising.Xaml                  Microsoft.Advertising.Xaml_10.1708.1.0_x86__8wekyb3d8bbwe
Microsoft.VCLibs.120.00                     Microsoft.VCLibs.120.00_12.0.21005.1_x86__8wekyb3d8bbwe
Microsoft.VCLibs.120.00                     Microsoft.VCLibs.120.00_12.0.21005.1_x64__8wekyb3d8bbwe
Microsoft.SkypeApp                          Microsoft.SkypeApp_11.19.856.0_x64__kzf8qxf38zg5c
Microsoft.OneConnect                        Microsoft.OneConnect_3.1708.2372.0_x64__8wekyb3d8bbwe
Microsoft.NET.Native.Runtime.1.1            Microsoft.NET.Native.Runtime.1.1_1.1.23406.0_x86__8wekyb3d8bbwe
Microsoft.NET.Native.Runtime.1.1            Microsoft.NET.Native.Runtime.1.1_1.1.23406.0_x64__8wekyb3d8bbwe
Microsoft.NET.Native.Framework.1.2          Microsoft.NET.Native.Framework.1.2_1.2.23231.0_x86__8wekyb3d8bbwe
Microsoft.NET.Native.Framework.1.2          Microsoft.NET.Native.Framework.1.2_1.2.23231.0_x64__8wekyb3d8bbwe


