**********************
Windows PowerShell transcript start
Start time: 20171003114156
Username: DESKTOP-TBE27PS\lukas
RunAs User: DESKTOP-TBE27PS\lukas
Configuration Name: 
Machine: DESKTOP-TBE27PS (Microsoft Windows NT 10.0.16299.0)
Host Application: C:\Windows\System32\WindowsPowerShell\v1.0\powershell.exe -Command if((Get-ExecutionPolicy ) -ne 'AllSigned') { Set-ExecutionPolicy -Scope Process Bypass }; & 'D:\SICZ\avas\AVAS_LuKA\GUI_final.ps1'
Process ID: 2688
PSVersion: 5.1.16299.0
PSEdition: Desktop
PSCompatibleVersions: 1.0, 2.0, 3.0, 4.0, 5.0, 5.1.16299.0
BuildVersion: 10.0.16299.0
CLRVersion: 4.0.30319.42000
WSManStackVersion: 3.0
PSRemotingProtocolVersion: 2.3
SerializationVersion: 1.1.0.1
**********************
Transcript started, output file is ./AVAS_2017_10_03.log
Nacteni : The term 'Nacteni' is not recognized as the name of a cmdlet, function, script file, or operable program. Chec
k the spelling of the name, or if a path was included, verify that the path is correct and try again.
At D:\SICZ\avas\AVAS_LuKA\GUI_final.ps1:8 char:1
+ Nacteni JSON souboru s exportovanymi informacemi ze zkusebniho rozhra ...
+ ~~~~~~~
    + CategoryInfo          : ObjectNotFound: (Nacteni:String) [], CommandNotFoundException
    + FullyQualifiedErrorId : CommandNotFoundException
Nacteni : The term 'Nacteni' is not recognized as the name of a cmdlet, function, script file, or operable program. Che
ck the spelling of the name, or if a path was included, verify that the path is correct and try again.
At D:\SICZ\avas\AVAS_LuKA\GUI_final.ps1:8 char:1
+ Nacteni JSON souboru s exportovanymi informacemi ze zkusebniho rozhra ...
+ ~~~~~~~
    + CategoryInfo          : ObjectNotFound: (Nacteni:String) [], CommandNotFoundException
    + FullyQualifiedErrorId : CommandNotFoundException

